963144
908005290192
36036
12520872
3276
12520872
3276
29499174432
19656
6260436
963144
6709398696
2176517318976
419661509294611584
23488955538048
19213278084
301428700174457856
0
0
0
5292
137592
14749587216
19656
648981837504
5650281386568
1164441096
535207209116580
627077846564769600
2917420997386896
74088
47929898016
87646104
3276
25041744
3252283981128
797546759745415680
45635222846304
0
24453263016
6552
68864796
540300668544
7718256
2917420997386896
87646104
0
3852576
149879110462361280
797546759745415680
463197511889985600
162083376
3994158168
219276120049930944
58230544351883904
233136260291182248
3252283981128
0
164258430336
6266696436
116424
963144
119429856
6260436
388147032
1513512
826377552
0
0
252
0
921204376092
0
149879110462361280
62531664105148056
3742707756060
0
627077846564769600
3276
3252283981128
10561824
67537583568
5195198736
16468524072
112687848
66021364816898400
609336
963144
963144
0
9085745725056
2439781344
0
23670758599488
617939947463758920
19675656
12520872
0
1095156850788
963144
