300000 1032
1 100000
200000 421
2 100000
200000 422
3 100000
200000 423
4 100000
200000 424
5 100000
200000 425
6 100000
200000 426
7 100001
200001 427
8 100001
200001 428
9 100001
200001 429
10 100001
200001 430
11 100001
200001 431
12 100001
200001 432
13 100002
200002 433
14 100002
200002 434
15 100002
200002 435
16 100002
200002 436
17 100002
200002 437
18 100002
200002 438
19 100003
200003 439
20 100003
200003 440
21 100003
200003 441
22 100003
200003 442
23 100003
200003 443
24 100003
200003 444
25 100004
200004 445
26 100004
200004 446
27 100004
200004 447
28 100004
200004 448
29 100004
200004 449
30 100004
200004 450
31 100005
200005 451
32 100005
200005 452
33 100005
200005 453
34 100005
200005 454
35 100005
200005 455
36 100005
200005 456
37 100006
200006 457
38 100006
200006 458
39 100006
200006 459
40 100006
200006 460
41 100006
200006 461
42 100006
200006 462
43 100007
200007 463
44 100007
200007 464
45 100007
200007 465
46 100007
200007 466
47 100007
200007 467
48 100007
200007 468
49 100008
200008 469
50 100008
200008 470
51 100008
200008 471
52 100008
200008 472
53 100008
200008 473
54 100008
200008 474
55 100009
200009 475
56 100009
200009 476
57 100009
200009 477
58 100009
200009 478
59 100009
200009 479
60 100009
200009 480
61 100010
200010 481
62 100010
200010 482
63 100010
200010 483
64 100010
200010 484
65 100010
200010 485
66 100010
200010 486
67 100011
200011 487
68 100011
200011 488
69 100011
200011 489
70 100011
200011 490
71 100011
200011 491
72 100011
200011 492
73 100012
200012 493
74 100012
200012 494
75 100012
200012 495
76 100012
200012 496
77 100012
200012 497
78 100012
200012 498
79 100013
200013 499
80 100013
200013 500
81 100013
200013 501
82 100013
200013 502
83 100013
200013 503
84 100013
200013 504
85 100014
200014 505
86 100014
200014 506
87 100014
200014 507
88 100014
200014 508
89 100014
200014 509
90 100014
200014 510
91 100015
200015 511
92 100015
200015 512
93 100015
200015 513
94 100015
200015 514
95 100015
200015 515
96 100015
200015 516
97 100016
200016 517
98 100016
200016 518
99 100016
200016 519
100 100016
200016 520
101 100016
200016 521
102 100016
200016 522
103 100017
200017 523
104 100017
200017 524
105 100017
200017 525
106 100017
200017 526
107 100017
200017 527
108 100017
200017 528
109 100018
200018 529
110 100018
200018 530
111 100018
200018 531
112 100018
200018 532
113 100018
200018 533
114 100018
200018 534
115 100019
200019 535
116 100019
200019 536
117 100019
200019 537
118 100019
200019 538
119 100019
200019 539
120 100019
200019 540
121 100020
200020 541
122 100020
200020 542
123 100020
200020 543
124 100020
200020 544
125 100020
200020 545
126 100020
200020 546
127 100021
200021 547
128 100021
200021 548
129 100021
200021 549
130 100021
200021 550
131 100021
200021 551
132 100021
200021 552
133 100022
200022 553
134 100022
200022 554
135 100022
200022 555
136 100022
200022 556
137 100022
200022 557
138 100022
200022 558
139 100023
200023 559
140 100023
200023 560
141 100023
200023 561
142 100023
200023 562
143 100023
200023 563
144 100023
200023 564
145 100024
200024 565
146 100024
200024 566
147 100024
200024 567
148 100024
200024 568
149 100024
200024 569
150 100024
200024 570
151 100025
200025 571
152 100025
200025 572
153 100025
200025 573
154 100025
200025 574
155 100025
200025 575
156 100025
200025 576
157 100026
200026 577
158 100026
200026 578
159 100026
200026 579
160 100026
200026 580
161 100026
200026 581
162 100026
200026 582
163 100027
200027 583
164 100027
200027 584
165 100027
200027 585
166 100027
200027 586
167 100027
200027 587
168 100027
200027 588
169 100028
200028 589
170 100028
200028 590
171 100028
200028 591
172 100028
200028 592
173 100028
200028 593
174 100028
200028 594
175 100029
200029 595
176 100029
200029 596
177 100029
200029 597
178 100029
200029 598
179 100029
200029 599
180 100029
200029 600
181 100030
200030 601
182 100030
200030 602
183 100030
200030 603
184 100030
200030 604
185 100030
200030 605
186 100030
200030 606
187 100031
200031 607
188 100031
200031 608
189 100031
200031 609
190 100031
200031 610
191 100031
200031 611
192 100031
200031 612
193 100032
200032 613
194 100032
200032 614
195 100032
200032 615
196 100032
200032 616
197 100032
200032 617
198 100032
200032 618
199 100033
200033 619
200 100033
200033 620
201 100033
200033 621
202 100033
200033 622
203 100033
200033 623
204 100033
200033 624
205 100034
200034 625
206 100034
200034 626
207 100034
200034 627
208 100034
200034 628
209 100034
200034 629
210 100034
200034 630
211 100035
200035 631
212 100035
200035 632
213 100035
200035 633
214 100035
200035 634
215 100035
200035 635
216 100035
200035 636
217 100036
200036 637
218 100036
200036 638
219 100036
200036 639
220 100036
200036 640
221 100036
200036 641
222 100036
200036 642
223 100037
200037 643
224 100037
200037 644
225 100037
200037 645
226 100037
200037 646
227 100037
200037 647
228 100037
200037 648
229 100038
200038 649
230 100038
200038 650
231 100038
200038 651
232 100038
200038 652
233 100038
200038 653
234 100038
200038 654
235 100039
200039 655
236 100039
200039 656
237 100039
200039 657
238 100039
200039 658
239 100039
200039 659
240 100039
200039 660
241 100040
200040 661
242 100040
200040 662
243 100040
200040 663
244 100040
200040 664
245 100040
200040 665
246 100040
200040 666
247 100041
200041 667
248 100041
200041 668
249 100041
200041 669
250 100041
200041 670
251 100041
200041 671
252 100041
200041 672
253 100042
200042 673
254 100042
200042 674
255 100042
200042 675
256 100042
200042 676
257 100042
200042 677
258 100042
200042 678
259 100043
200043 679
260 100043
200043 680
261 100043
200043 681
262 100043
200043 682
263 100043
200043 683
264 100043
200043 684
265 100044
200044 685
266 100044
200044 686
267 100044
200044 687
268 100044
200044 688
269 100044
200044 689
270 100044
200044 690
271 100045
200045 691
272 100045
200045 692
273 100045
200045 693
274 100045
200045 694
275 100045
200045 695
276 100045
200045 696
277 100046
200046 697
278 100046
200046 698
279 100046
200046 699
280 100046
200046 700
281 100046
200046 701
282 100046
200046 702
283 100047
200047 703
284 100047
200047 704
285 100047
200047 705
286 100047
200047 706
287 100047
200047 707
288 100047
200047 708
289 100048
200048 709
290 100048
200048 710
291 100048
200048 711
292 100048
200048 712
293 100048
200048 713
294 100048
200048 714
295 100049
200049 715
296 100049
200049 716
297 100049
200049 717
298 100049
200049 718
299 100049
200049 719
300 100049
200049 720
301 100050
200050 721
302 100050
200050 722
303 100050
200050 723
304 100050
200050 724
305 100050
200050 725
306 100050
200050 726
307 100051
200051 727
308 100051
200051 728
309 100051
200051 729
310 100051
200051 730
311 100051
200051 731
312 100051
200051 732
313 100052
200052 733
314 100052
200052 734
315 100052
200052 735
316 100052
200052 736
317 100052
200052 737
318 100052
200052 738
319 100053
200053 739
320 100053
200053 740
321 100053
200053 741
322 100053
200053 742
323 100053
200053 743
324 100053
200053 744
325 100054
200054 745
326 100054
200054 746
327 100054
200054 747
328 100054
200054 748
329 100054
200054 749
330 100054
200054 750
331 100055
200055 751
332 100055
200055 752
333 100055
200055 753
334 100055
200055 754
335 100055
200055 755
336 100055
200055 756
337 100056
200056 757
338 100056
200056 758
339 100056
200056 759
340 100056
200056 760
341 100056
200056 761
342 100056
200056 762
343 100057
200057 763
344 100057
200057 764
345 100057
200057 765
346 100057
200057 766
347 100057
200057 767
348 100057
200057 768
349 100058
200058 769
350 100058
200058 770
351 100058
200058 771
352 100058
200058 772
353 100058
200058 773
354 100058
200058 774
355 100059
200059 775
356 100059
200059 776
357 100059
200059 777
358 100059
200059 778
359 100059
200059 779
360 100059
200059 780
361 100060
200060 781
362 100060
200060 782
363 100060
200060 783
364 100060
200060 784
365 100060
200060 785
366 100060
200060 786
367 100061
200061 787
368 100061
200061 788
369 100061
200061 789
370 100061
200061 790
371 100061
200061 791
372 100061
200061 792
373 100062
200062 793
374 100062
200062 794
375 100062
200062 795
376 100062
200062 796
377 100062
200062 797
378 100062
200062 798
379 100063
200063 799
380 100063
200063 800
381 100063
200063 801
382 100063
200063 802
383 100063
200063 803
384 100063
200063 804
385 100064
200064 805
386 100064
200064 806
387 100064
200064 807
388 100064
200064 808
389 100064
200064 809
390 100064
200064 810
391 100065
200065 811
392 100065
200065 812
393 100065
200065 813
394 100065
200065 814
395 100065
200065 815
396 100065
200065 816
397 100066
200066 817
398 100066
200066 818
399 100066
200066 819
400 100066
200066 820
401 100066
200066 821
402 100066
200066 822
403 100067
200067 823
404 100067
200067 824
405 100067
200067 825
406 100067
200067 826
407 100067
200067 827
408 100067
200067 828
409 100068
200068 829
410 100068
200068 830
411 100068
200068 831
412 100068
200068 832
413 100068
200068 833
414 100068
200068 834
415 100069
200069 835
416 100069
200069 836
417 100069
200069 837
418 100069
200069 838
419 100069
200069 839
420 100069
200069 840
100000 100070
200070 200000
100001 100070
200070 200001
100002 100070
200070 200002
100003 100070
200070 200003
100004 100070
200070 200004
100005 100070
200070 200005
100006 100071
200071 200006
100007 100071
200071 200007
100008 100071
200071 200008
100009 100071
200071 200009
100010 100071
200071 200010
100011 100071
200071 200011
100012 100072
200072 200012
100013 100072
200072 200013
100014 100072
200072 200014
100015 100072
200072 200015
100016 100072
200072 200016
100017 100072
200072 200017
100018 100073
200073 200018
100019 100073
200073 200019
100020 100073
200073 200020
100021 100073
200073 200021
100022 100073
200073 200022
100023 100073
200073 200023
100024 100074
200074 200024
100025 100074
200074 200025
100026 100074
200074 200026
100027 100074
200074 200027
100028 100074
200074 200028
100029 100074
200074 200029
100030 100075
200075 200030
100031 100075
200075 200031
100032 100075
200075 200032
100033 100075
200075 200033
100034 100075
200075 200034
100035 100075
200075 200035
100036 100076
200076 200036
100037 100076
200076 200037
100038 100076
200076 200038
100039 100076
200076 200039
100040 100076
200076 200040
100041 100076
200076 200041
100042 100077
200077 200042
100043 100077
200077 200043
100044 100077
200077 200044
100045 100077
200077 200045
100046 100077
200077 200046
100047 100077
200077 200047
100048 100078
200078 200048
100049 100078
200078 200049
100050 100078
200078 200050
100051 100078
200078 200051
100052 100078
200078 200052
100053 100078
200078 200053
100054 100079
200079 200054
100055 100079
200079 200055
100056 100079
200079 200056
100057 100079
200079 200057
100058 100079
200079 200058
100059 100079
200079 200059
100060 100080
200080 200060
100061 100080
200080 200061
100062 100080
200080 200062
100063 100080
200080 200063
100064 100080
200080 200064
100065 100080
200080 200065
100066 100081
200081 200066
100067 100081
200081 200067
100068 100081
200081 200068
100069 100081
200081 200069
100070 100140
200140 200070
100071 100140
200140 200071
100072 100140
200140 200072
100073 100140
200140 200073
100074 100140
200140 200074
100075 100140
200140 200075
100070 100141
200141 200070
100071 100141
200141 200071
100072 100141
200141 200072
100073 100141
200141 200073
100074 100141
200141 200074
100075 100141
200141 200075
100076 100142
200142 200076
100077 100142
200142 200077
100078 100142
200142 200078
100079 100142
200142 200079
100080 100142
200142 200080
100081 100142
200142 200081
100076 100143
200143 200076
100077 100143
200143 200077
100078 100143
200143 200078
100079 100143
200143 200079
100080 100143
200143 200080
100081 100143
200143 200081
100140 200140
100141 200142
100142 200141
100143 200143
