300000 167
1 100000
200000 70
2 100000
200000 71
3 100000
200000 72
4 100000
200000 73
5 100000
200000 74
6 100000
200000 75
7 100001
200001 76
8 100001
200001 77
9 100001
200001 78
10 100001
200001 79
11 100001
200001 80
12 100001
200001 81
13 100002
200002 82
14 100002
200002 83
15 100002
200002 84
16 100002
200002 85
17 100002
200002 86
18 100002
200002 87
19 100003
200003 88
20 100003
200003 89
21 100003
200003 90
22 100003
200003 91
23 100003
200003 92
24 100003
200003 93
25 100004
200004 94
26 100004
200004 95
27 100004
200004 96
28 100004
200004 97
29 100004
200004 98
30 100004
200004 99
31 100005
200005 100
32 100005
200005 101
33 100005
200005 102
34 100005
200005 103
35 100005
200005 104
36 100005
200005 105
37 100006
200006 106
38 100006
200006 107
39 100006
200006 108
40 100006
200006 109
41 100006
200006 110
42 100006
200006 111
43 100007
200007 112
44 100007
200007 113
45 100007
200007 114
46 100007
200007 115
47 100007
200007 116
48 100007
200007 117
49 100008
200008 118
50 100008
200008 119
51 100008
200008 120
52 100008
200008 121
53 100008
200008 122
54 100008
200008 123
55 100009
200009 124
56 100009
200009 125
57 100009
200009 126
58 100009
200009 127
59 100009
200009 128
60 100009
200009 129
61 100010
200010 130
62 100010
200010 131
63 100010
200010 132
64 100010
200010 133
65 100010
200010 134
66 100010
200010 135
67 100011
200011 136
68 100011
200011 137
69 100011
200011 138
100000 100012
200012 200000
100001 100012
200012 200001
100002 100012
200012 200002
100003 100012
200012 200003
100004 100012
200012 200004
100005 100012
200012 200005
100006 100013
200013 200006
100007 100013
200013 200007
100008 100013
200013 200008
100009 100013
200013 200009
100010 100013
200013 200010
100011 100013
200013 200011
100012 100024
200024 200012
100013 100024
200024 200013
100024 200024
