300000 3430
1 100000
200000 1270
2 100000
200000 1271
3 100000
200000 1272
4 100000
200000 1273
5 100000
200000 1274
6 100000
200000 1275
7 100001
200001 1276
8 100001
200001 1277
9 100001
200001 1278
10 100001
200001 1279
11 100001
200001 1280
12 100001
200001 1281
13 100002
200002 1282
14 100002
200002 1283
15 100002
200002 1284
16 100002
200002 1285
17 100002
200002 1286
18 100002
200002 1287
19 100003
200003 1288
20 100003
200003 1289
21 100003
200003 1290
22 100003
200003 1291
23 100003
200003 1292
24 100003
200003 1293
25 100004
200004 1294
26 100004
200004 1295
27 100004
200004 1296
28 100004
200004 1297
29 100004
200004 1298
30 100004
200004 1299
31 100005
200005 1300
32 100005
200005 1301
33 100005
200005 1302
34 100005
200005 1303
35 100005
200005 1304
36 100005
200005 1305
37 100006
200006 1306
38 100006
200006 1307
39 100006
200006 1308
40 100006
200006 1309
41 100006
200006 1310
42 100006
200006 1311
43 100007
200007 1312
44 100007
200007 1313
45 100007
200007 1314
46 100007
200007 1315
47 100007
200007 1316
48 100007
200007 1317
49 100008
200008 1318
50 100008
200008 1319
51 100008
200008 1320
52 100008
200008 1321
53 100008
200008 1322
54 100008
200008 1323
55 100009
200009 1324
56 100009
200009 1325
57 100009
200009 1326
58 100009
200009 1327
59 100009
200009 1328
60 100009
200009 1329
61 100010
200010 1330
62 100010
200010 1331
63 100010
200010 1332
64 100010
200010 1333
65 100010
200010 1334
66 100010
200010 1335
67 100011
200011 1336
68 100011
200011 1337
69 100011
200011 1338
70 100011
200011 1339
71 100011
200011 1340
72 100011
200011 1341
73 100012
200012 1342
74 100012
200012 1343
75 100012
200012 1344
76 100012
200012 1345
77 100012
200012 1346
78 100012
200012 1347
79 100013
200013 1348
80 100013
200013 1349
81 100013
200013 1350
82 100013
200013 1351
83 100013
200013 1352
84 100013
200013 1353
85 100014
200014 1354
86 100014
200014 1355
87 100014
200014 1356
88 100014
200014 1357
89 100014
200014 1358
90 100014
200014 1359
91 100015
200015 1360
92 100015
200015 1361
93 100015
200015 1362
94 100015
200015 1363
95 100015
200015 1364
96 100015
200015 1365
97 100016
200016 1366
98 100016
200016 1367
99 100016
200016 1368
100 100016
200016 1369
101 100016
200016 1370
102 100016
200016 1371
103 100017
200017 1372
104 100017
200017 1373
105 100017
200017 1374
106 100017
200017 1375
107 100017
200017 1376
108 100017
200017 1377
109 100018
200018 1378
110 100018
200018 1379
111 100018
200018 1380
112 100018
200018 1381
113 100018
200018 1382
114 100018
200018 1383
115 100019
200019 1384
116 100019
200019 1385
117 100019
200019 1386
118 100019
200019 1387
119 100019
200019 1388
120 100019
200019 1389
121 100020
200020 1390
122 100020
200020 1391
123 100020
200020 1392
124 100020
200020 1393
125 100020
200020 1394
126 100020
200020 1395
127 100021
200021 1396
128 100021
200021 1397
129 100021
200021 1398
130 100021
200021 1399
131 100021
200021 1400
132 100021
200021 1401
133 100022
200022 1402
134 100022
200022 1403
135 100022
200022 1404
136 100022
200022 1405
137 100022
200022 1406
138 100022
200022 1407
139 100023
200023 1408
140 100023
200023 1409
141 100023
200023 1410
142 100023
200023 1411
143 100023
200023 1412
144 100023
200023 1413
145 100024
200024 1414
146 100024
200024 1415
147 100024
200024 1416
148 100024
200024 1417
149 100024
200024 1418
150 100024
200024 1419
151 100025
200025 1420
152 100025
200025 1421
153 100025
200025 1422
154 100025
200025 1423
155 100025
200025 1424
156 100025
200025 1425
157 100026
200026 1426
158 100026
200026 1427
159 100026
200026 1428
160 100026
200026 1429
161 100026
200026 1430
162 100026
200026 1431
163 100027
200027 1432
164 100027
200027 1433
165 100027
200027 1434
166 100027
200027 1435
167 100027
200027 1436
168 100027
200027 1437
169 100028
200028 1438
170 100028
200028 1439
171 100028
200028 1440
172 100028
200028 1441
173 100028
200028 1442
174 100028
200028 1443
175 100029
200029 1444
176 100029
200029 1445
177 100029
200029 1446
178 100029
200029 1447
179 100029
200029 1448
180 100029
200029 1449
181 100030
200030 1450
182 100030
200030 1451
183 100030
200030 1452
184 100030
200030 1453
185 100030
200030 1454
186 100030
200030 1455
187 100031
200031 1456
188 100031
200031 1457
189 100031
200031 1458
190 100031
200031 1459
191 100031
200031 1460
192 100031
200031 1461
193 100032
200032 1462
194 100032
200032 1463
195 100032
200032 1464
196 100032
200032 1465
197 100032
200032 1466
198 100032
200032 1467
199 100033
200033 1468
200 100033
200033 1469
201 100033
200033 1470
202 100033
200033 1471
203 100033
200033 1472
204 100033
200033 1473
205 100034
200034 1474
206 100034
200034 1475
207 100034
200034 1476
208 100034
200034 1477
209 100034
200034 1478
210 100034
200034 1479
211 100035
200035 1480
212 100035
200035 1481
213 100035
200035 1482
214 100035
200035 1483
215 100035
200035 1484
216 100035
200035 1485
217 100036
200036 1486
218 100036
200036 1487
219 100036
200036 1488
220 100036
200036 1489
221 100036
200036 1490
222 100036
200036 1491
223 100037
200037 1492
224 100037
200037 1493
225 100037
200037 1494
226 100037
200037 1495
227 100037
200037 1496
228 100037
200037 1497
229 100038
200038 1498
230 100038
200038 1499
231 100038
200038 1500
232 100038
200038 1501
233 100038
200038 1502
234 100038
200038 1503
235 100039
200039 1504
236 100039
200039 1505
237 100039
200039 1506
238 100039
200039 1507
239 100039
200039 1508
240 100039
200039 1509
241 100040
200040 1510
242 100040
200040 1511
243 100040
200040 1512
244 100040
200040 1513
245 100040
200040 1514
246 100040
200040 1515
247 100041
200041 1516
248 100041
200041 1517
249 100041
200041 1518
250 100041
200041 1519
251 100041
200041 1520
252 100041
200041 1521
253 100042
200042 1522
254 100042
200042 1523
255 100042
200042 1524
256 100042
200042 1525
257 100042
200042 1526
258 100042
200042 1527
259 100043
200043 1528
260 100043
200043 1529
261 100043
200043 1530
262 100043
200043 1531
263 100043
200043 1532
264 100043
200043 1533
265 100044
200044 1534
266 100044
200044 1535
267 100044
200044 1536
268 100044
200044 1537
269 100044
200044 1538
270 100044
200044 1539
271 100045
200045 1540
272 100045
200045 1541
273 100045
200045 1542
274 100045
200045 1543
275 100045
200045 1544
276 100045
200045 1545
277 100046
200046 1546
278 100046
200046 1547
279 100046
200046 1548
280 100046
200046 1549
281 100046
200046 1550
282 100046
200046 1551
283 100047
200047 1552
284 100047
200047 1553
285 100047
200047 1554
286 100047
200047 1555
287 100047
200047 1556
288 100047
200047 1557
289 100048
200048 1558
290 100048
200048 1559
291 100048
200048 1560
292 100048
200048 1561
293 100048
200048 1562
294 100048
200048 1563
295 100049
200049 1564
296 100049
200049 1565
297 100049
200049 1566
298 100049
200049 1567
299 100049
200049 1568
300 100049
200049 1569
301 100050
200050 1570
302 100050
200050 1571
303 100050
200050 1572
304 100050
200050 1573
305 100050
200050 1574
306 100050
200050 1575
307 100051
200051 1576
308 100051
200051 1577
309 100051
200051 1578
310 100051
200051 1579
311 100051
200051 1580
312 100051
200051 1581
313 100052
200052 1582
314 100052
200052 1583
315 100052
200052 1584
316 100052
200052 1585
317 100052
200052 1586
318 100052
200052 1587
319 100053
200053 1588
320 100053
200053 1589
321 100053
200053 1590
322 100053
200053 1591
323 100053
200053 1592
324 100053
200053 1593
325 100054
200054 1594
326 100054
200054 1595
327 100054
200054 1596
328 100054
200054 1597
329 100054
200054 1598
330 100054
200054 1599
331 100055
200055 1600
332 100055
200055 1601
333 100055
200055 1602
334 100055
200055 1603
335 100055
200055 1604
336 100055
200055 1605
337 100056
200056 1606
338 100056
200056 1607
339 100056
200056 1608
340 100056
200056 1609
341 100056
200056 1610
342 100056
200056 1611
343 100057
200057 1612
344 100057
200057 1613
345 100057
200057 1614
346 100057
200057 1615
347 100057
200057 1616
348 100057
200057 1617
349 100058
200058 1618
350 100058
200058 1619
351 100058
200058 1620
352 100058
200058 1621
353 100058
200058 1622
354 100058
200058 1623
355 100059
200059 1624
356 100059
200059 1625
357 100059
200059 1626
358 100059
200059 1627
359 100059
200059 1628
360 100059
200059 1629
361 100060
200060 1630
362 100060
200060 1631
363 100060
200060 1632
364 100060
200060 1633
365 100060
200060 1634
366 100060
200060 1635
367 100061
200061 1636
368 100061
200061 1637
369 100061
200061 1638
370 100061
200061 1639
371 100061
200061 1640
372 100061
200061 1641
373 100062
200062 1642
374 100062
200062 1643
375 100062
200062 1644
376 100062
200062 1645
377 100062
200062 1646
378 100062
200062 1647
379 100063
200063 1648
380 100063
200063 1649
381 100063
200063 1650
382 100063
200063 1651
383 100063
200063 1652
384 100063
200063 1653
385 100064
200064 1654
386 100064
200064 1655
387 100064
200064 1656
388 100064
200064 1657
389 100064
200064 1658
390 100064
200064 1659
391 100065
200065 1660
392 100065
200065 1661
393 100065
200065 1662
394 100065
200065 1663
395 100065
200065 1664
396 100065
200065 1665
397 100066
200066 1666
398 100066
200066 1667
399 100066
200066 1668
400 100066
200066 1669
401 100066
200066 1670
402 100066
200066 1671
403 100067
200067 1672
404 100067
200067 1673
405 100067
200067 1674
406 100067
200067 1675
407 100067
200067 1676
408 100067
200067 1677
409 100068
200068 1678
410 100068
200068 1679
411 100068
200068 1680
412 100068
200068 1681
413 100068
200068 1682
414 100068
200068 1683
415 100069
200069 1684
416 100069
200069 1685
417 100069
200069 1686
418 100069
200069 1687
419 100069
200069 1688
420 100069
200069 1689
421 100070
200070 1690
422 100070
200070 1691
423 100070
200070 1692
424 100070
200070 1693
425 100070
200070 1694
426 100070
200070 1695
427 100071
200071 1696
428 100071
200071 1697
429 100071
200071 1698
430 100071
200071 1699
431 100071
200071 1700
432 100071
200071 1701
433 100072
200072 1702
434 100072
200072 1703
435 100072
200072 1704
436 100072
200072 1705
437 100072
200072 1706
438 100072
200072 1707
439 100073
200073 1708
440 100073
200073 1709
441 100073
200073 1710
442 100073
200073 1711
443 100073
200073 1712
444 100073
200073 1713
445 100074
200074 1714
446 100074
200074 1715
447 100074
200074 1716
448 100074
200074 1717
449 100074
200074 1718
450 100074
200074 1719
451 100075
200075 1720
452 100075
200075 1721
453 100075
200075 1722
454 100075
200075 1723
455 100075
200075 1724
456 100075
200075 1725
457 100076
200076 1726
458 100076
200076 1727
459 100076
200076 1728
460 100076
200076 1729
461 100076
200076 1730
462 100076
200076 1731
463 100077
200077 1732
464 100077
200077 1733
465 100077
200077 1734
466 100077
200077 1735
467 100077
200077 1736
468 100077
200077 1737
469 100078
200078 1738
470 100078
200078 1739
471 100078
200078 1740
472 100078
200078 1741
473 100078
200078 1742
474 100078
200078 1743
475 100079
200079 1744
476 100079
200079 1745
477 100079
200079 1746
478 100079
200079 1747
479 100079
200079 1748
480 100079
200079 1749
481 100080
200080 1750
482 100080
200080 1751
483 100080
200080 1752
484 100080
200080 1753
485 100080
200080 1754
486 100080
200080 1755
487 100081
200081 1756
488 100081
200081 1757
489 100081
200081 1758
490 100081
200081 1759
491 100081
200081 1760
492 100081
200081 1761
493 100082
200082 1762
494 100082
200082 1763
495 100082
200082 1764
496 100082
200082 1765
497 100082
200082 1766
498 100082
200082 1767
499 100083
200083 1768
500 100083
200083 1769
501 100083
200083 1770
502 100083
200083 1771
503 100083
200083 1772
504 100083
200083 1773
505 100084
200084 1774
506 100084
200084 1775
507 100084
200084 1776
508 100084
200084 1777
509 100084
200084 1778
510 100084
200084 1779
511 100085
200085 1780
512 100085
200085 1781
513 100085
200085 1782
514 100085
200085 1783
515 100085
200085 1784
516 100085
200085 1785
517 100086
200086 1786
518 100086
200086 1787
519 100086
200086 1788
520 100086
200086 1789
521 100086
200086 1790
522 100086
200086 1791
523 100087
200087 1792
524 100087
200087 1793
525 100087
200087 1794
526 100087
200087 1795
527 100087
200087 1796
528 100087
200087 1797
529 100088
200088 1798
530 100088
200088 1799
531 100088
200088 1800
532 100088
200088 1801
533 100088
200088 1802
534 100088
200088 1803
535 100089
200089 1804
536 100089
200089 1805
537 100089
200089 1806
538 100089
200089 1807
539 100089
200089 1808
540 100089
200089 1809
541 100090
200090 1810
542 100090
200090 1811
543 100090
200090 1812
544 100090
200090 1813
545 100090
200090 1814
546 100090
200090 1815
547 100091
200091 1816
548 100091
200091 1817
549 100091
200091 1818
550 100091
200091 1819
551 100091
200091 1820
552 100091
200091 1821
553 100092
200092 1822
554 100092
200092 1823
555 100092
200092 1824
556 100092
200092 1825
557 100092
200092 1826
558 100092
200092 1827
559 100093
200093 1828
560 100093
200093 1829
561 100093
200093 1830
562 100093
200093 1831
563 100093
200093 1832
564 100093
200093 1833
565 100094
200094 1834
566 100094
200094 1835
567 100094
200094 1836
568 100094
200094 1837
569 100094
200094 1838
570 100094
200094 1839
571 100095
200095 1840
572 100095
200095 1841
573 100095
200095 1842
574 100095
200095 1843
575 100095
200095 1844
576 100095
200095 1845
577 100096
200096 1846
578 100096
200096 1847
579 100096
200096 1848
580 100096
200096 1849
581 100096
200096 1850
582 100096
200096 1851
583 100097
200097 1852
584 100097
200097 1853
585 100097
200097 1854
586 100097
200097 1855
587 100097
200097 1856
588 100097
200097 1857
589 100098
200098 1858
590 100098
200098 1859
591 100098
200098 1860
592 100098
200098 1861
593 100098
200098 1862
594 100098
200098 1863
595 100099
200099 1864
596 100099
200099 1865
597 100099
200099 1866
598 100099
200099 1867
599 100099
200099 1868
600 100099
200099 1869
601 100100
200100 1870
602 100100
200100 1871
603 100100
200100 1872
604 100100
200100 1873
605 100100
200100 1874
606 100100
200100 1875
607 100101
200101 1876
608 100101
200101 1877
609 100101
200101 1878
610 100101
200101 1879
611 100101
200101 1880
612 100101
200101 1881
613 100102
200102 1882
614 100102
200102 1883
615 100102
200102 1884
616 100102
200102 1885
617 100102
200102 1886
618 100102
200102 1887
619 100103
200103 1888
620 100103
200103 1889
621 100103
200103 1890
622 100103
200103 1891
623 100103
200103 1892
624 100103
200103 1893
625 100104
200104 1894
626 100104
200104 1895
627 100104
200104 1896
628 100104
200104 1897
629 100104
200104 1898
630 100104
200104 1899
631 100105
200105 1900
632 100105
200105 1901
633 100105
200105 1902
634 100105
200105 1903
635 100105
200105 1904
636 100105
200105 1905
637 100106
200106 1906
638 100106
200106 1907
639 100106
200106 1908
640 100106
200106 1909
641 100106
200106 1910
642 100106
200106 1911
643 100107
200107 1912
644 100107
200107 1913
645 100107
200107 1914
646 100107
200107 1915
647 100107
200107 1916
648 100107
200107 1917
649 100108
200108 1918
650 100108
200108 1919
651 100108
200108 1920
652 100108
200108 1921
653 100108
200108 1922
654 100108
200108 1923
655 100109
200109 1924
656 100109
200109 1925
657 100109
200109 1926
658 100109
200109 1927
659 100109
200109 1928
660 100109
200109 1929
661 100110
200110 1930
662 100110
200110 1931
663 100110
200110 1932
664 100110
200110 1933
665 100110
200110 1934
666 100110
200110 1935
667 100111
200111 1936
668 100111
200111 1937
669 100111
200111 1938
670 100111
200111 1939
671 100111
200111 1940
672 100111
200111 1941
673 100112
200112 1942
674 100112
200112 1943
675 100112
200112 1944
676 100112
200112 1945
677 100112
200112 1946
678 100112
200112 1947
679 100113
200113 1948
680 100113
200113 1949
681 100113
200113 1950
682 100113
200113 1951
683 100113
200113 1952
684 100113
200113 1953
685 100114
200114 1954
686 100114
200114 1955
687 100114
200114 1956
688 100114
200114 1957
689 100114
200114 1958
690 100114
200114 1959
691 100115
200115 1960
692 100115
200115 1961
693 100115
200115 1962
694 100115
200115 1963
695 100115
200115 1964
696 100115
200115 1965
697 100116
200116 1966
698 100116
200116 1967
699 100116
200116 1968
700 100116
200116 1969
701 100116
200116 1970
702 100116
200116 1971
703 100117
200117 1972
704 100117
200117 1973
705 100117
200117 1974
706 100117
200117 1975
707 100117
200117 1976
708 100117
200117 1977
709 100118
200118 1978
710 100118
200118 1979
711 100118
200118 1980
712 100118
200118 1981
713 100118
200118 1982
714 100118
200118 1983
715 100119
200119 1984
716 100119
200119 1985
717 100119
200119 1986
718 100119
200119 1987
719 100119
200119 1988
720 100119
200119 1989
721 100120
200120 1990
722 100120
200120 1991
723 100120
200120 1992
724 100120
200120 1993
725 100120
200120 1994
726 100120
200120 1995
727 100121
200121 1996
728 100121
200121 1997
729 100121
200121 1998
730 100121
200121 1999
731 100121
200121 2000
732 100121
200121 2001
733 100122
200122 2002
734 100122
200122 2003
735 100122
200122 2004
736 100122
200122 2005
737 100122
200122 2006
738 100122
200122 2007
739 100123
200123 2008
740 100123
200123 2009
741 100123
200123 2010
742 100123
200123 2011
743 100123
200123 2012
744 100123
200123 2013
745 100124
200124 2014
746 100124
200124 2015
747 100124
200124 2016
748 100124
200124 2017
749 100124
200124 2018
750 100124
200124 2019
751 100125
200125 2020
752 100125
200125 2021
753 100125
200125 2022
754 100125
200125 2023
755 100125
200125 2024
756 100125
200125 2025
757 100126
200126 2026
758 100126
200126 2027
759 100126
200126 2028
760 100126
200126 2029
761 100126
200126 2030
762 100126
200126 2031
763 100127
200127 2032
764 100127
200127 2033
765 100127
200127 2034
766 100127
200127 2035
767 100127
200127 2036
768 100127
200127 2037
769 100128
200128 2038
770 100128
200128 2039
771 100128
200128 2040
772 100128
200128 2041
773 100128
200128 2042
774 100128
200128 2043
775 100129
200129 2044
776 100129
200129 2045
777 100129
200129 2046
778 100129
200129 2047
779 100129
200129 2048
780 100129
200129 2049
781 100130
200130 2050
782 100130
200130 2051
783 100130
200130 2052
784 100130
200130 2053
785 100130
200130 2054
786 100130
200130 2055
787 100131
200131 2056
788 100131
200131 2057
789 100131
200131 2058
790 100131
200131 2059
791 100131
200131 2060
792 100131
200131 2061
793 100132
200132 2062
794 100132
200132 2063
795 100132
200132 2064
796 100132
200132 2065
797 100132
200132 2066
798 100132
200132 2067
799 100133
200133 2068
800 100133
200133 2069
801 100133
200133 2070
802 100133
200133 2071
803 100133
200133 2072
804 100133
200133 2073
805 100134
200134 2074
806 100134
200134 2075
807 100134
200134 2076
808 100134
200134 2077
809 100134
200134 2078
810 100134
200134 2079
811 100135
200135 2080
812 100135
200135 2081
813 100135
200135 2082
814 100135
200135 2083
815 100135
200135 2084
816 100135
200135 2085
817 100136
200136 2086
818 100136
200136 2087
819 100136
200136 2088
820 100136
200136 2089
821 100136
200136 2090
822 100136
200136 2091
823 100137
200137 2092
824 100137
200137 2093
825 100137
200137 2094
826 100137
200137 2095
827 100137
200137 2096
828 100137
200137 2097
829 100138
200138 2098
830 100138
200138 2099
831 100138
200138 2100
832 100138
200138 2101
833 100138
200138 2102
834 100138
200138 2103
835 100139
200139 2104
836 100139
200139 2105
837 100139
200139 2106
838 100139
200139 2107
839 100139
200139 2108
840 100139
200139 2109
841 100140
200140 2110
842 100140
200140 2111
843 100140
200140 2112
844 100140
200140 2113
845 100140
200140 2114
846 100140
200140 2115
847 100141
200141 2116
848 100141
200141 2117
849 100141
200141 2118
850 100141
200141 2119
851 100141
200141 2120
852 100141
200141 2121
853 100142
200142 2122
854 100142
200142 2123
855 100142
200142 2124
856 100142
200142 2125
857 100142
200142 2126
858 100142
200142 2127
859 100143
200143 2128
860 100143
200143 2129
861 100143
200143 2130
862 100143
200143 2131
863 100143
200143 2132
864 100143
200143 2133
865 100144
200144 2134
866 100144
200144 2135
867 100144
200144 2136
868 100144
200144 2137
869 100144
200144 2138
870 100144
200144 2139
871 100145
200145 2140
872 100145
200145 2141
873 100145
200145 2142
874 100145
200145 2143
875 100145
200145 2144
876 100145
200145 2145
877 100146
200146 2146
878 100146
200146 2147
879 100146
200146 2148
880 100146
200146 2149
881 100146
200146 2150
882 100146
200146 2151
883 100147
200147 2152
884 100147
200147 2153
885 100147
200147 2154
886 100147
200147 2155
887 100147
200147 2156
888 100147
200147 2157
889 100148
200148 2158
890 100148
200148 2159
891 100148
200148 2160
892 100148
200148 2161
893 100148
200148 2162
894 100148
200148 2163
895 100149
200149 2164
896 100149
200149 2165
897 100149
200149 2166
898 100149
200149 2167
899 100149
200149 2168
900 100149
200149 2169
901 100150
200150 2170
902 100150
200150 2171
903 100150
200150 2172
904 100150
200150 2173
905 100150
200150 2174
906 100150
200150 2175
907 100151
200151 2176
908 100151
200151 2177
909 100151
200151 2178
910 100151
200151 2179
911 100151
200151 2180
912 100151
200151 2181
913 100152
200152 2182
914 100152
200152 2183
915 100152
200152 2184
916 100152
200152 2185
917 100152
200152 2186
918 100152
200152 2187
919 100153
200153 2188
920 100153
200153 2189
921 100153
200153 2190
922 100153
200153 2191
923 100153
200153 2192
924 100153
200153 2193
925 100154
200154 2194
926 100154
200154 2195
927 100154
200154 2196
928 100154
200154 2197
929 100154
200154 2198
930 100154
200154 2199
931 100155
200155 2200
932 100155
200155 2201
933 100155
200155 2202
934 100155
200155 2203
935 100155
200155 2204
936 100155
200155 2205
937 100156
200156 2206
938 100156
200156 2207
939 100156
200156 2208
940 100156
200156 2209
941 100156
200156 2210
942 100156
200156 2211
943 100157
200157 2212
944 100157
200157 2213
945 100157
200157 2214
946 100157
200157 2215
947 100157
200157 2216
948 100157
200157 2217
949 100158
200158 2218
950 100158
200158 2219
951 100158
200158 2220
952 100158
200158 2221
953 100158
200158 2222
954 100158
200158 2223
955 100159
200159 2224
956 100159
200159 2225
957 100159
200159 2226
958 100159
200159 2227
959 100159
200159 2228
960 100159
200159 2229
961 100160
200160 2230
962 100160
200160 2231
963 100160
200160 2232
964 100160
200160 2233
965 100160
200160 2234
966 100160
200160 2235
967 100161
200161 2236
968 100161
200161 2237
969 100161
200161 2238
970 100161
200161 2239
971 100161
200161 2240
972 100161
200161 2241
973 100162
200162 2242
974 100162
200162 2243
975 100162
200162 2244
976 100162
200162 2245
977 100162
200162 2246
978 100162
200162 2247
979 100163
200163 2248
980 100163
200163 2249
981 100163
200163 2250
982 100163
200163 2251
983 100163
200163 2252
984 100163
200163 2253
985 100164
200164 2254
986 100164
200164 2255
987 100164
200164 2256
988 100164
200164 2257
989 100164
200164 2258
990 100164
200164 2259
991 100165
200165 2260
992 100165
200165 2261
993 100165
200165 2262
994 100165
200165 2263
995 100165
200165 2264
996 100165
200165 2265
997 100166
200166 2266
998 100166
200166 2267
999 100166
200166 2268
1000 100166
200166 2269
1001 100166
200166 2270
1002 100166
200166 2271
1003 100167
200167 2272
1004 100167
200167 2273
1005 100167
200167 2274
1006 100167
200167 2275
1007 100167
200167 2276
1008 100167
200167 2277
1009 100168
200168 2278
1010 100168
200168 2279
1011 100168
200168 2280
1012 100168
200168 2281
1013 100168
200168 2282
1014 100168
200168 2283
1015 100169
200169 2284
1016 100169
200169 2285
1017 100169
200169 2286
1018 100169
200169 2287
1019 100169
200169 2288
1020 100169
200169 2289
1021 100170
200170 2290
1022 100170
200170 2291
1023 100170
200170 2292
1024 100170
200170 2293
1025 100170
200170 2294
1026 100170
200170 2295
1027 100171
200171 2296
1028 100171
200171 2297
1029 100171
200171 2298
1030 100171
200171 2299
1031 100171
200171 2300
1032 100171
200171 2301
1033 100172
200172 2302
1034 100172
200172 2303
1035 100172
200172 2304
1036 100172
200172 2305
1037 100172
200172 2306
1038 100172
200172 2307
1039 100173
200173 2308
1040 100173
200173 2309
1041 100173
200173 2310
1042 100173
200173 2311
1043 100173
200173 2312
1044 100173
200173 2313
1045 100174
200174 2314
1046 100174
200174 2315
1047 100174
200174 2316
1048 100174
200174 2317
1049 100174
200174 2318
1050 100174
200174 2319
1051 100175
200175 2320
1052 100175
200175 2321
1053 100175
200175 2322
1054 100175
200175 2323
1055 100175
200175 2324
1056 100175
200175 2325
1057 100176
200176 2326
1058 100176
200176 2327
1059 100176
200176 2328
1060 100176
200176 2329
1061 100176
200176 2330
1062 100176
200176 2331
1063 100177
200177 2332
1064 100177
200177 2333
1065 100177
200177 2334
1066 100177
200177 2335
1067 100177
200177 2336
1068 100177
200177 2337
1069 100178
200178 2338
1070 100178
200178 2339
1071 100178
200178 2340
1072 100178
200178 2341
1073 100178
200178 2342
1074 100178
200178 2343
1075 100179
200179 2344
1076 100179
200179 2345
1077 100179
200179 2346
1078 100179
200179 2347
1079 100179
200179 2348
1080 100179
200179 2349
1081 100180
200180 2350
1082 100180
200180 2351
1083 100180
200180 2352
1084 100180
200180 2353
1085 100180
200180 2354
1086 100180
200180 2355
1087 100181
200181 2356
1088 100181
200181 2357
1089 100181
200181 2358
1090 100181
200181 2359
1091 100181
200181 2360
1092 100181
200181 2361
1093 100182
200182 2362
1094 100182
200182 2363
1095 100182
200182 2364
1096 100182
200182 2365
1097 100182
200182 2366
1098 100182
200182 2367
1099 100183
200183 2368
1100 100183
200183 2369
1101 100183
200183 2370
1102 100183
200183 2371
1103 100183
200183 2372
1104 100183
200183 2373
1105 100184
200184 2374
1106 100184
200184 2375
1107 100184
200184 2376
1108 100184
200184 2377
1109 100184
200184 2378
1110 100184
200184 2379
1111 100185
200185 2380
1112 100185
200185 2381
1113 100185
200185 2382
1114 100185
200185 2383
1115 100185
200185 2384
1116 100185
200185 2385
1117 100186
200186 2386
1118 100186
200186 2387
1119 100186
200186 2388
1120 100186
200186 2389
1121 100186
200186 2390
1122 100186
200186 2391
1123 100187
200187 2392
1124 100187
200187 2393
1125 100187
200187 2394
1126 100187
200187 2395
1127 100187
200187 2396
1128 100187
200187 2397
1129 100188
200188 2398
1130 100188
200188 2399
1131 100188
200188 2400
1132 100188
200188 2401
1133 100188
200188 2402
1134 100188
200188 2403
1135 100189
200189 2404
1136 100189
200189 2405
1137 100189
200189 2406
1138 100189
200189 2407
1139 100189
200189 2408
1140 100189
200189 2409
1141 100190
200190 2410
1142 100190
200190 2411
1143 100190
200190 2412
1144 100190
200190 2413
1145 100190
200190 2414
1146 100190
200190 2415
1147 100191
200191 2416
1148 100191
200191 2417
1149 100191
200191 2418
1150 100191
200191 2419
1151 100191
200191 2420
1152 100191
200191 2421
1153 100192
200192 2422
1154 100192
200192 2423
1155 100192
200192 2424
1156 100192
200192 2425
1157 100192
200192 2426
1158 100192
200192 2427
1159 100193
200193 2428
1160 100193
200193 2429
1161 100193
200193 2430
1162 100193
200193 2431
1163 100193
200193 2432
1164 100193
200193 2433
1165 100194
200194 2434
1166 100194
200194 2435
1167 100194
200194 2436
1168 100194
200194 2437
1169 100194
200194 2438
1170 100194
200194 2439
1171 100195
200195 2440
1172 100195
200195 2441
1173 100195
200195 2442
1174 100195
200195 2443
1175 100195
200195 2444
1176 100195
200195 2445
1177 100196
200196 2446
1178 100196
200196 2447
1179 100196
200196 2448
1180 100196
200196 2449
1181 100196
200196 2450
1182 100196
200196 2451
1183 100197
200197 2452
1184 100197
200197 2453
1185 100197
200197 2454
1186 100197
200197 2455
1187 100197
200197 2456
1188 100197
200197 2457
1189 100198
200198 2458
1190 100198
200198 2459
1191 100198
200198 2460
1192 100198
200198 2461
1193 100198
200198 2462
1194 100198
200198 2463
1195 100199
200199 2464
1196 100199
200199 2465
1197 100199
200199 2466
1198 100199
200199 2467
1199 100199
200199 2468
1200 100199
200199 2469
1201 100200
200200 2470
1202 100200
200200 2471
1203 100200
200200 2472
1204 100200
200200 2473
1205 100200
200200 2474
1206 100200
200200 2475
1207 100201
200201 2476
1208 100201
200201 2477
1209 100201
200201 2478
1210 100201
200201 2479
1211 100201
200201 2480
1212 100201
200201 2481
1213 100202
200202 2482
1214 100202
200202 2483
1215 100202
200202 2484
1216 100202
200202 2485
1217 100202
200202 2486
1218 100202
200202 2487
1219 100203
200203 2488
1220 100203
200203 2489
1221 100203
200203 2490
1222 100203
200203 2491
1223 100203
200203 2492
1224 100203
200203 2493
1225 100204
200204 2494
1226 100204
200204 2495
1227 100204
200204 2496
1228 100204
200204 2497
1229 100204
200204 2498
1230 100204
200204 2499
1231 100205
200205 2500
1232 100205
200205 2501
1233 100205
200205 2502
1234 100205
200205 2503
1235 100205
200205 2504
1236 100205
200205 2505
1237 100206
200206 2506
1238 100206
200206 2507
1239 100206
200206 2508
1240 100206
200206 2509
1241 100206
200206 2510
1242 100206
200206 2511
1243 100207
200207 2512
1244 100207
200207 2513
1245 100207
200207 2514
1246 100207
200207 2515
1247 100207
200207 2516
1248 100207
200207 2517
1249 100208
200208 2518
1250 100208
200208 2519
1251 100208
200208 2520
1252 100208
200208 2521
1253 100208
200208 2522
1254 100208
200208 2523
1255 100209
200209 2524
1256 100209
200209 2525
1257 100209
200209 2526
1258 100209
200209 2527
1259 100209
200209 2528
1260 100209
200209 2529
1261 100210
200210 2530
1262 100210
200210 2531
1263 100210
200210 2532
1264 100210
200210 2533
1265 100210
200210 2534
1266 100210
200210 2535
1267 100211
200211 2536
1268 100211
200211 2537
1269 100211
200211 2538
100000 100212
200212 200000
100001 100212
200212 200001
100002 100212
200212 200002
100003 100212
200212 200003
100004 100212
200212 200004
100005 100212
200212 200005
100006 100213
200213 200006
100007 100213
200213 200007
100008 100213
200213 200008
100009 100213
200213 200009
100010 100213
200213 200010
100011 100213
200213 200011
100012 100214
200214 200012
100013 100214
200214 200013
100014 100214
200214 200014
100015 100214
200214 200015
100016 100214
200214 200016
100017 100214
200214 200017
100018 100215
200215 200018
100019 100215
200215 200019
100020 100215
200215 200020
100021 100215
200215 200021
100022 100215
200215 200022
100023 100215
200215 200023
100024 100216
200216 200024
100025 100216
200216 200025
100026 100216
200216 200026
100027 100216
200216 200027
100028 100216
200216 200028
100029 100216
200216 200029
100030 100217
200217 200030
100031 100217
200217 200031
100032 100217
200217 200032
100033 100217
200217 200033
100034 100217
200217 200034
100035 100217
200217 200035
100036 100218
200218 200036
100037 100218
200218 200037
100038 100218
200218 200038
100039 100218
200218 200039
100040 100218
200218 200040
100041 100218
200218 200041
100042 100219
200219 200042
100043 100219
200219 200043
100044 100219
200219 200044
100045 100219
200219 200045
100046 100219
200219 200046
100047 100219
200219 200047
100048 100220
200220 200048
100049 100220
200220 200049
100050 100220
200220 200050
100051 100220
200220 200051
100052 100220
200220 200052
100053 100220
200220 200053
100054 100221
200221 200054
100055 100221
200221 200055
100056 100221
200221 200056
100057 100221
200221 200057
100058 100221
200221 200058
100059 100221
200221 200059
100060 100222
200222 200060
100061 100222
200222 200061
100062 100222
200222 200062
100063 100222
200222 200063
100064 100222
200222 200064
100065 100222
200222 200065
100066 100223
200223 200066
100067 100223
200223 200067
100068 100223
200223 200068
100069 100223
200223 200069
100070 100223
200223 200070
100071 100223
200223 200071
100072 100224
200224 200072
100073 100224
200224 200073
100074 100224
200224 200074
100075 100224
200224 200075
100076 100224
200224 200076
100077 100224
200224 200077
100078 100225
200225 200078
100079 100225
200225 200079
100080 100225
200225 200080
100081 100225
200225 200081
100082 100225
200225 200082
100083 100225
200225 200083
100084 100226
200226 200084
100085 100226
200226 200085
100086 100226
200226 200086
100087 100226
200226 200087
100088 100226
200226 200088
100089 100226
200226 200089
100090 100227
200227 200090
100091 100227
200227 200091
100092 100227
200227 200092
100093 100227
200227 200093
100094 100227
200227 200094
100095 100227
200227 200095
100096 100228
200228 200096
100097 100228
200228 200097
100098 100228
200228 200098
100099 100228
200228 200099
100100 100228
200228 200100
100101 100228
200228 200101
100102 100229
200229 200102
100103 100229
200229 200103
100104 100229
200229 200104
100105 100229
200229 200105
100106 100229
200229 200106
100107 100229
200229 200107
100108 100230
200230 200108
100109 100230
200230 200109
100110 100230
200230 200110
100111 100230
200230 200111
100112 100230
200230 200112
100113 100230
200230 200113
100114 100231
200231 200114
100115 100231
200231 200115
100116 100231
200231 200116
100117 100231
200231 200117
100118 100231
200231 200118
100119 100231
200231 200119
100120 100232
200232 200120
100121 100232
200232 200121
100122 100232
200232 200122
100123 100232
200232 200123
100124 100232
200232 200124
100125 100232
200232 200125
100126 100233
200233 200126
100127 100233
200233 200127
100128 100233
200233 200128
100129 100233
200233 200129
100130 100233
200233 200130
100131 100233
200233 200131
100132 100234
200234 200132
100133 100234
200234 200133
100134 100234
200234 200134
100135 100234
200234 200135
100136 100234
200234 200136
100137 100234
200234 200137
100138 100235
200235 200138
100139 100235
200235 200139
100140 100235
200235 200140
100141 100235
200235 200141
100142 100235
200235 200142
100143 100235
200235 200143
100144 100236
200236 200144
100145 100236
200236 200145
100146 100236
200236 200146
100147 100236
200236 200147
100148 100236
200236 200148
100149 100236
200236 200149
100150 100237
200237 200150
100151 100237
200237 200151
100152 100237
200237 200152
100153 100237
200237 200153
100154 100237
200237 200154
100155 100237
200237 200155
100156 100238
200238 200156
100157 100238
200238 200157
100158 100238
200238 200158
100159 100238
200238 200159
100160 100238
200238 200160
100161 100238
200238 200161
100162 100239
200239 200162
100163 100239
200239 200163
100164 100239
200239 200164
100165 100239
200239 200165
100166 100239
200239 200166
100167 100239
200239 200167
100168 100240
200240 200168
100169 100240
200240 200169
100170 100240
200240 200170
100171 100240
200240 200171
100172 100240
200240 200172
100173 100240
200240 200173
100174 100241
200241 200174
100175 100241
200241 200175
100176 100241
200241 200176
100177 100241
200241 200177
100178 100241
200241 200178
100179 100241
200241 200179
100180 100242
200242 200180
100181 100242
200242 200181
100182 100242
200242 200182
100183 100242
200242 200183
100184 100242
200242 200184
100185 100242
200242 200185
100186 100243
200243 200186
100187 100243
200243 200187
100188 100243
200243 200188
100189 100243
200243 200189
100190 100243
200243 200190
100191 100243
200243 200191
100192 100244
200244 200192
100193 100244
200244 200193
100194 100244
200244 200194
100195 100244
200244 200195
100196 100244
200244 200196
100197 100244
200244 200197
100198 100245
200245 200198
100199 100245
200245 200199
100200 100245
200245 200200
100201 100245
200245 200201
100202 100245
200245 200202
100203 100245
200245 200203
100204 100246
200246 200204
100205 100246
200246 200205
100206 100246
200246 200206
100207 100246
200246 200207
100208 100246
200246 200208
100209 100246
200246 200209
100210 100247
200247 200210
100211 100247
200247 200211
100212 100424
200424 200212
100213 100424
200424 200213
100214 100424
200424 200214
100215 100424
200424 200215
100216 100424
200424 200216
100217 100424
200424 200217
100212 100425
200425 200212
100213 100425
200425 200213
100214 100425
200425 200214
100215 100425
200425 200215
100216 100425
200425 200216
100217 100425
200425 200217
100212 100426
200426 200212
100213 100426
200426 200213
100214 100426
200426 200214
100215 100426
200426 200215
100216 100426
200426 200216
100217 100426
200426 200217
100212 100427
200427 200212
100213 100427
200427 200213
100214 100427
200427 200214
100215 100427
200427 200215
100216 100427
200427 200216
100217 100427
200427 200217
100212 100428
200428 200212
100213 100428
200428 200213
100214 100428
200428 200214
100215 100428
200428 200215
100216 100428
200428 200216
100217 100428
200428 200217
100212 100429
200429 200212
100213 100429
200429 200213
100214 100429
200429 200214
100215 100429
200429 200215
100216 100429
200429 200216
100217 100429
200429 200217
100218 100430
200430 200218
100219 100430
200430 200219
100220 100430
200430 200220
100221 100430
200430 200221
100222 100430
200430 200222
100223 100430
200430 200223
100218 100431
200431 200218
100219 100431
200431 200219
100220 100431
200431 200220
100221 100431
200431 200221
100222 100431
200431 200222
100223 100431
200431 200223
100218 100432
200432 200218
100219 100432
200432 200219
100220 100432
200432 200220
100221 100432
200432 200221
100222 100432
200432 200222
100223 100432
200432 200223
100218 100433
200433 200218
100219 100433
200433 200219
100220 100433
200433 200220
100221 100433
200433 200221
100222 100433
200433 200222
100223 100433
200433 200223
100218 100434
200434 200218
100219 100434
200434 200219
100220 100434
200434 200220
100221 100434
200434 200221
100222 100434
200434 200222
100223 100434
200434 200223
100218 100435
200435 200218
100219 100435
200435 200219
100220 100435
200435 200220
100221 100435
200435 200221
100222 100435
200435 200222
100223 100435
200435 200223
100224 100436
200436 200224
100225 100436
200436 200225
100226 100436
200436 200226
100227 100436
200436 200227
100228 100436
200436 200228
100229 100436
200436 200229
100224 100437
200437 200224
100225 100437
200437 200225
100226 100437
200437 200226
100227 100437
200437 200227
100228 100437
200437 200228
100229 100437
200437 200229
100224 100438
200438 200224
100225 100438
200438 200225
100226 100438
200438 200226
100227 100438
200438 200227
100228 100438
200438 200228
100229 100438
200438 200229
100224 100439
200439 200224
100225 100439
200439 200225
100226 100439
200439 200226
100227 100439
200439 200227
100228 100439
200439 200228
100229 100439
200439 200229
100224 100440
200440 200224
100225 100440
200440 200225
100226 100440
200440 200226
100227 100440
200440 200227
100228 100440
200440 200228
100229 100440
200440 200229
100224 100441
200441 200224
100225 100441
200441 200225
100226 100441
200441 200226
100227 100441
200441 200227
100228 100441
200441 200228
100229 100441
200441 200229
100230 100442
200442 200230
100231 100442
200442 200231
100232 100442
200442 200232
100233 100442
200442 200233
100234 100442
200442 200234
100235 100442
200442 200235
100230 100443
200443 200230
100231 100443
200443 200231
100232 100443
200443 200232
100233 100443
200443 200233
100234 100443
200443 200234
100235 100443
200443 200235
100230 100444
200444 200230
100231 100444
200444 200231
100232 100444
200444 200232
100233 100444
200444 200233
100234 100444
200444 200234
100235 100444
200444 200235
100230 100445
200445 200230
100231 100445
200445 200231
100232 100445
200445 200232
100233 100445
200445 200233
100234 100445
200445 200234
100235 100445
200445 200235
100230 100446
200446 200230
100231 100446
200446 200231
100232 100446
200446 200232
100233 100446
200446 200233
100234 100446
200446 200234
100235 100446
200446 200235
100230 100447
200447 200230
100231 100447
200447 200231
100232 100447
200447 200232
100233 100447
200447 200233
100234 100447
200447 200234
100235 100447
200447 200235
100236 100448
200448 200236
100237 100448
200448 200237
100238 100448
200448 200238
100239 100448
200448 200239
100240 100448
200448 200240
100241 100448
200448 200241
100236 100449
200449 200236
100237 100449
200449 200237
100238 100449
200449 200238
100239 100449
200449 200239
100240 100449
200449 200240
100241 100449
200449 200241
100236 100450
200450 200236
100237 100450
200450 200237
100238 100450
200450 200238
100239 100450
200450 200239
100240 100450
200450 200240
100241 100450
200450 200241
100236 100451
200451 200236
100237 100451
200451 200237
100238 100451
200451 200238
100239 100451
200451 200239
100240 100451
200451 200240
100241 100451
200451 200241
100236 100452
200452 200236
100237 100452
200452 200237
100238 100452
200452 200238
100239 100452
200452 200239
100240 100452
200452 200240
100241 100452
200452 200241
100236 100453
200453 200236
100237 100453
200453 200237
100238 100453
200453 200238
100239 100453
200453 200239
100240 100453
200453 200240
100241 100453
200453 200241
100242 100454
200454 200242
100243 100454
200454 200243
100244 100454
200454 200244
100245 100454
200454 200245
100246 100454
200454 200246
100247 100454
200454 200247
100242 100455
200455 200242
100243 100455
200455 200243
100244 100455
200455 200244
100245 100455
200455 200245
100246 100455
200455 200246
100247 100455
200455 200247
100242 100456
200456 200242
100243 100456
200456 200243
100244 100456
200456 200244
100245 100456
200456 200245
100246 100456
200456 200246
100247 100456
200456 200247
100242 100457
200457 200242
100243 100457
200457 200243
100244 100457
200457 200244
100245 100457
200457 200245
100246 100457
200457 200246
100247 100457
200457 200247
100242 100458
200458 200242
100243 100458
200458 200243
100244 100458
200458 200244
100245 100458
200458 200245
100246 100458
200458 200246
100247 100458
200458 200247
100242 100459
200459 200242
100243 100459
200459 200243
100244 100459
200459 200244
100245 100459
200459 200245
100246 100459
200459 200246
100247 100459
200459 200247
100424 200424
100425 200430
100426 200436
100427 200442
100428 200448
100429 200454
100430 200425
100431 200431
100432 200437
100433 200443
100434 200449
100435 200455
100436 200426
100437 200432
100438 200438
100439 200444
100440 200450
100441 200456
100442 200427
100443 200433
100444 200439
100445 200445
100446 200451
100447 200457
100448 200428
100449 200434
100450 200440
100451 200446
100452 200452
100453 200458
100454 200429
100455 200435
100456 200441
100457 200447
100458 200453
100459 200459
