Yuki Tanaka
Darya Grekova
Valerii Rodionov
Anton Stepanov
Kshitij Sodani
Yuval Vaknin
Alon Tanay
Arthur Sun
Tia Shi Wei
Balint Rozsa
Paras Kasmalkar
Taimas Korganbayev
Ivan Piskarev
Ryan Bai
Gimran Abdullin
Renat Karimov
Ivan Chasovskikh
Parsa Pordeli Behrouz
Nguyen Duc Thang
James Sng
Elazar Koren
Farhan Ahmad
Nguyen Ngoc Dang Khoa
Maksim Matyupatenko
Zeng Minghao
Sepehr Ramezani
Daiki Kodama
Pham Cong Minh
Joel Gunawan
Jamie Lim Jia Sin
Ryotaro Hayashi
Ohta Katsuki
Yaw Chur Zhe
Juan Carlo Vieri
Yu Zheyuan
Petr Losev
Jerry Li
Sanghoon Park
Cengiz Eray Aslan
Yamato Matsuba
Jeonghoo Moon
Ori Frankel
Isane Sekiguchi
Teetat Thamronglak
Daniel Weber
Tran Xuan Bach
Miles Conway
Hibiki Nishiwaki
Rafael Nascimento Soares
Albert Ariel Putra
Matthew Allan
Fateme Tamehri
Koudai Sakayama
Le Ngoc Bao Anh
Donghyeon Lee
Ditbul Ban
Andrey Tsoy
Timofei Izhitskii
Ahmad Said Moursi
Taehwan Jang
Kwong Yat Him
Oguma Haruto
Sungho Lee
Mingyu Woo
Vladislav Zhiganov
Arthur Lobo Leite Lopes
Yash Thakker
Abdelmaged Nour Elsayed
Wong Chun
Keito Agetsuma
Brian Lee Jun Siang
Anton Martynov
Mohamed Ahmed Bakry
Souta Tahara
Leonardo Valente Nascimento
Cheung Hui Yat
Eitan Elbaum
Tran Vinh Khanh
Wang Chi Ho
Patrick Gu
Vladimir Gerasikov
Chan Pak Hei
Parsa Sadeghi
Parsa Farajpour Sarabi
Artem Agafonov
Mohammad aqil hafezi
Yahia Ahmed Emara
Chon Hou Ye
Fatih Solak
Evan Lim Hong Jun
Zhang Ryan Jon
Ko Kin Fung Nicholas
Aidar Munduzbaev
Warren Bei
Andy Wu
Nguyen Tuan Linh
Evan Lin
Paul Chen
Ahmed Gamal Kamel
Eunseong Kim
Mikhail Liubin
Yaroslav Semenyuk
Hoang Duy Vu
Kang Yiming
You Chan Lee
Heffernan Iroha
Luka Mosiashvili
Pham Quoc Hung
Abrar Al Samit
Ropan Datta
Debojoti Das Soumya
Alperen Tupurtu
Amin Charba
Wong Justin Matthew
Duru Ozer
Dmitrii Trusov
Kourosh Kaveh
Dilshodbek Khujaev
Adeeb Salem Alshehry
Mikhail Yurikov
Arman Issayev
Parsa Adlparvar
Salyakhov Mark
Mina Ragy Fouad
Sanzhar Sadirbekov
Berke Inan Tol
Song Yiyang
Bernard Ibrahimcha
Jihoo Lee
Yiheng You
Shreyan Ray
Takeuchi Haruki
Juhyeong Lee
Kunthee Yongvanich
Theeraphat Trongmetheerat
Tony Zhu
Yoav Shamay
Yeo Bing Lin
Pedro Suyama Leston Rey
Isaac Hew Kai Sheng
GuanHan Li
Radhya Cahya Kusuma
Archit Manas
Maxim Dubko
Tran Hoai Nam
Ang Wei Bin
Martin Khachatryan
Siew Jing Hong
Erkinov Muhammadayubkhon 
Gleb Ustimenko
Vannes Wijaya
Sushil Raaja U
Nguyen Quang Minh
Eunho Lee
Van Li
Liu Zi Yu
Tapanan Rojkajornnapalai
Anton Nikiforov
John Lloyd T. Alas
Amir Hossein Vahidi Tabar
Konstantin Belousko
Rohan Timmaraju
Mukhammadarif Sakhmoldin
Alireza Rahimi Yazdi
Fuad Garayev
Tomoki Matsui
Samvel Abelyan
morita kyoshiro
Dongho Yang
Imran Hossain
Akram Rakhmetulla
Nathan Keith Poernama
Pattarakorn Sutthajunya
Polikarpus Arya Pradhanika
Mars Xiang
Hoang Ngoc Bao Khue
Ritul Kumar Singh
Taha Mostafa Badran
Ng Tsz Yeung
Tengiz Bekkoyonov
Daniel Rayhan Abdullah Zain
Tarek Ahmed Nader
Kohei Yamashita
Hamlet Petrosyan
Geonpyo Kim
Ishan Joshi
Mert YILMAZ
Mani Kermani
Yaroslav Nozdrin
mohammad parsa anbardaran
Aykhan Damirli
Cynthia Naely López Estrada
Huseyn Agayev
Amacho Shogo
Pakarin Leetrairong
Wong Tsz Ching
Andrey Pavlov
Vee Hua Zhi
Kyle Zhang
Cheng Yu San
Sun Beichen
Shahrad Kiani
Hikaru Ichiki
Tomoki Morooka
Eyal Zusiman
Malik Wael Sadaqa
Lu Yi Fung
Minchan Jung
Jarif Rahman
Dang Dung Ho
Gagik Gevorgyan
Neil Doshi
Harshin Posina
Achuthan TM
Ananthram Vijayaraj
Baytoro Mayrambekov
Chan Ho Yin
Savitr Chauhan
Sunnatov Asilbek G'ofurjon o'g'li
Lai Minh Quang
Daniel Ye
Hsieh Chong Ho
Dilyorbek Valijonov
Vo Khac Trieu
Radin Zahedigolpayegani
Cassidy Kyler L. Tan
Onolt Khurtsbilguun
Loh Kwong Weng
Filya Geikyan
Maksat Temirbekov
Bhavay Goyal
Le Hoang Nam
Aryan Maskara
Alisher Kaztaev
Kelven Nathanael
Srivaths P
Aleks Grigoryan
Mansuraliyev Husanboy Murotali o'g'li
Andy Zhu
Koh Jia Hng
Setayesh Salimi Tousi
Amirreza Dorosti
Wong Sheung Chit
Han David Le Wei
Shahriar Khan
Robert Yashkin
Aanya Kaur Agrawal
Hadi Suleiman
Alon Maayan
Dylan Ky-Dang Phung
Efe Demirler
Ouria Ben Shoshan
Itay Panhi
Zain Alabdin Zammar
Arush Gupta
Mansur Taimas
Aufan Ahmad Mumtaza
Khishigdemberel Bayarkhuu
Nil Ivanov
Arda Kaz
Ivan Kuznetsov
Mark Privodnov
Igor Malyshev
Saayan Prasad
Karim Almiev
Fidan Garayeva
Zhu Wenxin
Saba Tsirekidze
Alihan Aidarbekov
Mohammad Wael AlZaiback
Sacha Hallermeier
Maksim Vinokur
Nachshon Stessman
Yoad Yahalom Weiss
Jonathon Sun
Hiroto Takahashi
Pakapim Eua-anant
Humaid Ahmed Alhuthali
Md Nafis Ul Haque Shifat
Kian Colin N. Chua
Alejandro Ozymandias Cepeda Beltrán
Arseniy Porkhunov
Vladislav Possin
Derek Peng
Zhanabergen Abdurroshid
Kseniia Shkuleva
Marco Elijah M. Arcallana
Abdelrahman HossamEldin Ahmed Abdelaziz Awadallah
Poonyapat Sriroth
Raed Ibrahim Naseer
Vishesh Saraswat
Neo Yong Li
Geon Woo Kim
Shane Michael Tanata Tendy
Iskhak Tazhibaev
Kwok Ching Him
Enerelt Delgerdalai
Min Cho
Shmuel Oded Brandt
Sayed Md. Mohiuddin Sami
Omar Ahmed Abdelaziz
Desh Acharjee
Jaehyeon Lee
Davit Yengoyan
Moez Mahmoud Mohamed
Filbert Ephraim S. Wu
Sogol Noori
Yahia Ahmed Elhawy
Ali Aliyev
Hossam Sherif Ahmed
Berry Weintraub
Yaniv Yadgar
Vincent Gaudeo Lie
Shen Zihan
Amirhosein Farkhondehfar
Yeung Shing Hei Angus
Tamir Shahar
Emad Ali Holayfan Alharbi
Zaid Alhussein Alshenguity
To King To
Daffa Rayhan Ananda
Ayhan Unuvar
Dong Hyeon Lee
Shintaro Shigehisa
Navid Tawsif
Sobhan Behzadipour
Emil Talypov
Sima Sandouk
Sahib Aliyev
Kwan Yung Ho
Ohad Shimoni
Idan Rosenzweig
Ilya Smirnov
Lo Cheuk Yi Ryan
Fidan Huseynova
Nino Chkhaidze
Raphael Dylan T. Dalida
Ihsan Baydar
Ammar Alphin
Turkhuu Batbayar
Ian Bobrus
Hans Gabriel D. De Vera
Nadav Dan Tamari
Lam Chi Hang
Makhambet Turgali
Irakli Sulamanidze
Luka Liklikadze
Aiperi Akzholtoeva
Nathan Allan
Vee Hua Jun
Vladislav Chernikov
Chor Ching Nam
Bat-Orgil Bat-Amgalan
Hakob Ayvazyan
Nazar Sharshenaliev
S M A Nahian
Yara Osama Hassan
Hang Chi Ng
Chua Wee Chong
Akari Fujii
Juan Pablo Amezcua González
Jorge Sebastián Reyes Canul
Bishr Joukhadar
Razmik Parzyan
Yousef Osama Mamdouh
Ho Yik Tsun Bastien
Muhammed Rasoul Derbas
Ivan Gaspardy
Haoyang Jin
Luke Bartram
Essa Mohammed Essa Almousa
Koh Zhi Xiang
Phoebe Zhang
Sudheera Y S
Heewoo Jung
Harshil Singh
Khizri Sakhrayev
Anas Abi Al Futouh
Zeid Aldroubi
Tigran Sargsyan
Kareem Yousef
Rifal Khalid Alhazmi
Ori Hirshberg
Yael Ginzburg
Amir Nasretdinov
Nurislam Syrgabaev
Mansur Mamadakhunov
Phatsakorn Ukanchanakitti
Sota Funae
Yaakov Yedidya Ben Shaul
Adam Mohamed Aly
Muaath Mohammed Alqarni
Abdulaziz Lebiev
Artem Alekseev
Raad Sharar
Petr Tsoi
Kadyr Amangylyjov
Shaikh Ibnul Islam
Noa Ben Israel
Mher Aghayan
Afek Avisror
Alexey Vasilyev
Narek Khachatryan
Farhan Alhajyounes
Jeonghyeon Jeon
Tsovak Yegoryan
Toshtemirov Javohir To'lqinovich
Yup Meng Quek
Ahmed Saleh Taher Alhashim
Cai Qiyao
Jerry Wang
Jongkyung Park
Mohammad Deeb Alsaleh
Aleksandr Maknil
Maayan Abadi
Rotem Pripaz Cohen
Aviv Asta
Ori Gabai
Itamar Nir
Ron Grosman
Semih Caglar
Roberto Eugenio Sugiarto
Tergel Amgalanbaatar
Abdelrahman Hatem Teima
Minindu Manuja Jayasekara
Amir Kigash
Bharat Singla
Leen Majed Ali Qanash
Temirlan Bayangazy
Megha Hegde
Joonmin Song
Elvin Imanli
Juan Alfonso Matías Pérez Mondragón
Omri Jerbi
Mayan Salomon
Gabriel Shoef
Thanwisit Suthamkasem
Io Fai Lei
Md. Tanzim Khan Shanto
Kutbol Almanov
Walsh Nico Adrian L. Letran
Dennis Ryu
Itay Bareli
Siddhant Attavar
Mohammad Basem Taleb Alyousef
Mohammed Saeed Fenais
Wayne Khoo Yan Hong
Tomoaki Tsuneizumi
Haidara Almakdid
Md. Abdullah
Begad Ahmed Elfackrany
Serdar Hudaykulyyew
Adylhan Abdyrahmanow
Zhou Long
Shen Zhanfan
Eugene Hwang
Didar Choganov
Munthir Ali Mohammed Alzayer
Mher Kalashyan
Sergey Hambardzumyan
Shahd Mohamed Abdalla Abdelhalim Ibrahim
Cao Leyi
Royal Hasanov
Arpi Prazyan
Olimjonov Muhammadyusuf Elbek o'g'li
Baxtiyorov Isfandiyor Jamshid o'gli
Alim Hajiyev
Habibov Mirzosharif Musojon o'g'li
Seonghyeon Hong
Amr Belal Abbara
Kanav Talwar
Esen Sim
David Taylor
Faig Tayibov
Mate Giorbelidze
Wong Jer Ren
Mikhail Tuzov
Nihad Huseynli
Nanako Ueda
Ng Pui Hei
Mehrad Nayyeri
Younis Dwai
Gurgen Melikyan
Irmuun Chinbat
Harsh Sharma
Uzouf Hassan Baagil
Harutyun Hakobyan
Neha Singirikonda
Orazmuhammet Begenjov
Eljan Mustafayev
Jose Mari Paolo B. Rollan
Rejepmyrat Shemsetdinov
Hussein Al Hussein
Raul Jafarli
Yazan Mamdoh Alhumsi Alattar
Omer Tiser
Adel Petelko
Daniel Priness
Maxim Tsoy
Shan Jie Hu
Su Meng Kuan
Zi Yan Wang
Aram Jnad
Muhammad Zendy Zainuddin
Halymmuhammet Annageldyyev
Mery Badalyan
Davis Nichol A. Magpantay
Vahan Abrahamyan
Makar Dilanyan
Ryan Hadidi
Si Nga Xu
Itamar Schulcz
Neha Sane
Amr Emad Abdo
Reyam Roumeih
Audra Aurora Izzani
Mohamad Sawas
Mann Shah
Negev Taglicht
Alisher Akhmetov
David Berne A. Mojar
Ngou Hin Cheang
Myagmarsuren Galbadrakh
Mohammed Abdulmonem Aldubaisi
Nasir Bashirov
Danial Faris bin Azmi
Amir Nuriyev
Alhassan Mohammad Almadkhali
Tee Jin Seng
Vladimir Zvezdin
Yashen Ariyathilaka
Keisuke Kakehi
Berguzar Yurum
Abdumalik Kudratillaev
Justin Goh
Si In Lei
Youngwoo Park
Muhammad Sadra Koohestani
Zur Laufer
Alier Sánchez y Sánchez
Chinguun Byambajav
Teo Kakabadze
Egor Salygin
Youssif Osama Elkadi
Yasmin Haddad
Egor Saprunov
Guvanch Mamedov
Aleksandr Ghazaryan
Yazan Assad Mohammednoor Ashy
Foo Tun Jing
Choo Yu Hong
Lee Hyunseo
Tan Shin
Tuvshinbayar Mandakh
Joseph Lim Wee Ern
Yeoh Yi Shuen
Akhmet Issa
Mayank Choudhary
Wan Amirul Aiman bin Wan Husyaidi
Mohammed Abdulmonem Abdulhadi Alomar
Nattgarni Aphimookkul
Mindiya Karunasinghe
Mohamed Ramy El-Nakeeb
Kin Nam Lao
Naser Saleh Almasoud
Chong Un Un
Induwara Jayaweera
Jassar Salem AlQahtani
Hadi Takla
Maen Nashawati
Taeyeong Yoo
Jeremy Aidan H. Yu
Kam Seng Lei
Archie F. Junio
Pok Hong Lam
Ebrahim Aldabagh
Chin Seng Tam
Yhlas Yklymov
Zhan Lin Chen
Yose Yehezkiel Maranata
Chi Ha Wong
Javanshir Ismayilzada
Md Masaud Hasan
Adrian Guanson C. Soriaga
In Iat Li
Dulguun Bayanmunkh
Dowlet Mommadov
Yomori Achiza
Najmuddin Nargulyyew
Farid Tariverdiyev
Christian Angelo C. Velarde
Jia Hao Liang
Hayk Tonoyan
Davit Badishyan
Alexandra Brianne B. Gochian
Kuan Wang Mou
Jalaladdin Nargylyyew
Boris Muradyan
Guwanch Penjiyev
Hei Chit Leong
Robert Yang
Arman Kirakosyan
Juri Ibrahim Aljohani
Praveen Charuka Athauda arachchi
Abdelrahman Mohammed Abdelfattah
Yazmyrat Shemsetdinov
Dhay Ali Shujaa
Iman Martini
Hazratov Mardon Usmonovich
Omar Farid Astudillo Marbán
Ma'rufjonov Azizbek Husanovich
Rahmatillayev Shohruh 
Abdunazarov Yahyobek Muzaffarovich
Amantur Omurzakov
Baxriddinov Javlonbek Jamshidbek o'g'li
Hesham Ahmed AbdelAal
Kseniia Filonenko
Yong Ke Wei
Tselmeg Tamir
Vivaan Gupta
Tim Xie
Kuok Wai U
Ammar Mamdouh Alharbi
Saee Patil
Lam Yin
Teh Wei Jun
Sin Yee Hang
Joshua Goh Yeh Kai
Galymzhan Zhangazy
Altangadas Od
Tan Jia Jun
Dulguun Oyuntsetseg
Orgil Tsogtsaikhan
Battsagaan Bat-Yeroolt
Suvd Monkhbat
Khangerel Sugarragchaa
Muhammad Danish Qawiem bin Benyamin
Tao Poek Shein
Aktan Koichumanov
Har Tien Yu
Nursultan Yerlanuly
Temuujin Baasankhuu
Nare Khachatryan
Thamidu Randil Bandara
Erkhem Ganzorig
Ibodullayev Ruslan
Chak Man Chan
Chiho Imoto
Sithum Dulain Fernando
Sathurshan Jegatheeswaran
Andrei Filippov
Khalid Mohammad Alabdullatif
Shakya Peiris
Ka Shing Liang
Yihwan Chae
Marc Gian M. Agnabo
Rafaella Marie R. Torre
Anar Dashdavaa
Li Samuel M. Fetalvero
Adhish Kancharla
Snikitha Siddavatam
Donghyun Gu
Galsantseren Odgerel
Dulina Herath
Ka Kwan Xie
Anuk Indipa Kankanam Gamage
Abhimanyu Singh
Jia Yi Cheng
Mohammadmahdi Khavari
Zena Hossam Abd El_Aty
Loel Joseph Hofilena
Hamza Tumeh
Lucas Miguel V. Agcaolili
Ram Azar Alzaher
Aws Al-jaramani
Arsen Muzhikov
Mohammad Abduljalil Mohammad
Abdullah Taki
Ismail Seif Fateen
Yaniv Ghelber
Begmurat Rozyyew
Amir Krispin
Bahodirov Abdurashid Bahromjon oʼgʻli 
Raximova Zarnigor Baxtiyor qizi
Jason Silva
Qoxorov Iqboljon Maxammadjon o'g'li
Nurmamat Mirzakimov
Yaara Shinar
Abdug'afforov Firdavs Akmaljon o'g'li
Or Geva Brodt
Luka Tvalavadze
Matin Kositchutima
Vladislav Zheltovskiy
Zain Bilal
Tom Koren
Mohammad Rammou
Alan Niu
Jean Sayegh
Kerem Puskullu
Ahmedov Farrux
Zeyad Mohamed Elsayed
Taewoong Chung
Justin Wong
Shahin Alakbarli
Murat Yangiboyev Davlatmuroat og'li
Sergei Dushenkov
Syuzanna Grigoryan
Bertil Feng
Arshia Lotfi
Ketevan Tsimakuridze
Hadi Ammar Ali
Hyunseok Hong
Bolortseseg Adiyaa
Luka Meladze
Gilad Hertzberg Rabinovich
Asylbek Ismailov
Purevdavaa Shirnendorj
Elizaveta Zhukova
Prokhor Igolkin
Ankhtsetseg Gantsooj
David Tkeshelashvili
Bobokulov Asilbek Shaxobiddinovich
Gela Kirvalidze
Thanapon Maiseaumsook
Ahmed Mohsen Amin
Paula Kaye Z. David
Maxim Soldatov
Yhlasmyrat Alymuhammedow
Evan Lu
Anawat Bumroongsri
Georgii Krivov
Pasin Pornsiwakul
Begench Atabayev
Muhammadqodir Mahammadov Nuriddin o'g'li
Rafa C. Agham
Parsa Bahraminejad
Mahmyt Mahmudow
Alen Ghazaryan
Kamil Daminov
Q J. Angos
Carlos Joaquin B. Macalolot
Tengiz Dzhamalov
Demetre Kokhreidze
Boshi Wang
Soheil Mohammadkhani
Ungboyev Nuraziz Bahrom o'g'li 
Vakhtang Chachanidze
Mete Namazov
Colin Cai
Ilyas Shermakhanov
Evan Zhao
Hou Chio Ip
Shavkatbek Jaxongirov
Dustin F. Junio
Edil Kadyrov
Sithija Abhishek Kotuwewatta
Ertugrul Simsek
Mert Koksal
Onur Ilgaz Sakir
Chayakorn Unhasirikul
Elnur Mammadli
Ron Xue
Diyar Narumov
Ozodbek Haydaraliyev Sarvar o'g'li
Ayan Karimova
Yusuf Emir Cosar
Jayson Chia Jia Sheng
Ahmed Mohamed Fouad
Amir Aslanov
Maksat Rozyyev
Ilyas Kudaibergenov
Orgil Odkhuu
Tsang Tsz Hong
Altangoo Uuganbaatar
Ahmet Guneyli
Munkhdelger Batbold
Tserenjigmed Shagdar
Vina Vissia A. Saez
Minwoo Kim
Christian Jake S. Austria
Lai Hong Tung Honrich
Maya Sarig
Bayramgeldi Nurmedow
Itai Yancovich
Mike Qi
Nikita Golubov
Yonatan Nissenbaum
William Dai
Mehriddin Rahmonov Rahmiddin o'g'li
Wong Shing Chun
Ahmed Tumeh
Cheung Chun Lok
Ryan Zhang
Evan Huang
Ignat Chernyshov
Sek Hou Chong
Alan Benedict S. Verder
Adil Kanatbekov
Ismayil Maharramov
Otabek Jurabekov Jurabek ugli
Guych Saryyew
Sotimkulov Izzat Hayrullo ogli
Murad Tariverdiyev
Yasamin Rajabi
Kisandu Sandith
Altangerel Ikhbayar
Guvanch Vepayev
Lia Geva Brodt
Nikita Danilov
Ilia Rahbar
Nomu-Luun Olonbayar
Akramov Ozodbek Anvarxo`ja o`g`li
Ratibor Koptilin
Georgiy Cherepanov
Jiwon Park
Mohammad ali haj hussein
Radin Jarireh
R Krishna Kanth
Ben Yakobovitz
Anton Nyikin
Tarash Dolaberidze
Andy Jung
Bayram Ashyrov
Raymond Wu
Hayk Aghayan
Ergashev Husanjon Elbek o'g'li
Hamin Kang
Kosuke Mega
