215
OR 0 1
OR 2 3
OR 4 5
OR 6 7
OR 8 9
OR 10 11
OR 12 13
OR 14 15
OR 16 17
OR 18 19
OR 20 21
OR 22 23
OR 24 25
OR 26 27
OR 28 29
OR 30 31
OR 32 33
OR 34 35
OR 36 37
OR 38 39
OR 40 41
OR 42 43
OR 44 45
OR 46 47
OR 48 49
OR 50 51
OR 52 53
OR 54 55
OR 56 57
OR 58 59
OR 60 61
OR 62 63
OR 64 65
OR 66 67
OR 68 69
OR 70 71
OR 72 73
OR 74 75
OR 76 77
OR 78 79
OR 80 81
OR 82 83
OR 84 85
OR 86 87
OR 88 89
OR 90 91
OR 92 93
OR 94 95
OR 96 97
OR 98 99
OR 100 101
OR 102 103
OR 104 105
OR 106 107
OR 108 109
OR 110 111
OR 112 113
OR 114 115
OR 116 117
OR 118 119
OR 120 121
OR 122 123
OR 124 125
OR 126 127
OR 128 129
OR 192 130
OR 193 131
OR 194 132
OR 195 133
OR 196 134
OR 197 135
OR 136 137
OR 199 138
OR 200 139
OR 201 140
OR 202 141
OR 203 142
OR 204 143
OR 144 145
OR 206 146
OR 207 147
OR 208 148
OR 209 149
OR 210 150
OR 211 151
OR 152 153
OR 213 154
OR 214 155
OR 215 156
OR 216 157
OR 217 158
OR 218 159
OR 160 161
OR 220 162
OR 221 163
OR 222 164
OR 223 165
OR 224 166
OR 225 167
OR 168 169
OR 227 170
OR 228 171
OR 229 172
OR 230 173
OR 231 174
OR 232 175
OR 176 177
OR 234 178
OR 235 179
OR 236 180
OR 237 181
OR 238 182
OR 239 183
OR 184 185
OR 241 186
OR 242 187
OR 243 188
OR 244 189
OR 245 190
OR 246 191
OR 128 136
OR 248 144
OR 249 152
OR 250 160
OR 251 168
OR 252 176
OR 253 184
OR 129 137
OR 255 145
OR 256 153
OR 257 161
OR 258 169
OR 259 177
OR 260 185
OR 130 138
OR 262 146
OR 263 154
OR 264 162
OR 265 170
OR 266 178
OR 267 186
OR 131 139
OR 269 147
OR 270 155
OR 271 163
OR 272 171
OR 273 179
OR 274 187
OR 132 140
OR 276 148
OR 277 156
OR 278 164
OR 279 172
OR 280 180
OR 281 188
OR 133 141
OR 283 149
OR 284 157
OR 285 165
OR 286 173
OR 287 181
OR 288 189
OR 134 142
OR 290 150
OR 291 158
OR 292 166
OR 293 174
OR 294 182
OR 295 190
OR 135 143
OR 297 151
OR 298 159
OR 299 167
OR 300 175
OR 301 183
OR 302 191
AND 198 205
OR 198 205
AND 212 219
OR 212 219
AND 305 307
OR 308 304
OR 309 306
OR 305 307
AND 226 233
OR 226 233
AND 240 247
OR 240 247
AND 313 315
OR 316 312
OR 317 314
OR 313 315
AND 311 319
OR 320 310
OR 321 318
AND 254 261
OR 254 261
AND 268 275
OR 268 275
AND 324 326
OR 327 323
OR 328 325
OR 324 326
AND 282 289
OR 282 289
AND 296 303
OR 296 303
AND 332 334
OR 335 331
OR 336 333
OR 332 334
AND 330 338
OR 339 329
OR 340 337
OR 322 341
