112
BARIS 8 #
KOLOM 74 .
KOLOM 22 #
KOLOM 73 .
KOLOM 23 #
KOLOM 72 .
KOLOM 24 #
KOLOM 71 .
KOLOM 75 #
KOLOM 70 .
KOLOM 76 #
KOLOM 69 .
KOLOM 77 #
KOLOM 68 .
KOLOM 78 #
KOLOM 67 .
KOLOM 79 #
KOLOM 25 .
KOLOM 80 #
BARIS 9 .
BARIS 7 #
KOLOM 66 .
KOLOM 20 #
KOLOM 27 .
KOLOM 21 #
KOLOM 26 .
KOLOM 81 #
BARIS 10 .
BARIS 6 #
KOLOM 65 .
KOLOM 17 #
KOLOM 64 .
KOLOM 18 #
KOLOM 63 .
KOLOM 19 #
KOLOM 62 .
KOLOM 82 #
KOLOM 61 .
KOLOM 83 #
KOLOM 32 .
KOLOM 84 #
KOLOM 31 .
KOLOM 85 #
KOLOM 30 .
KOLOM 86 #
BARIS 11 .
KOLOM 29 .
KOLOM 10 #
KOLOM 28 .
KOLOM 11 #
BARIS 5 #
KOLOM 60 .
KOLOM 12 #
KOLOM 59 .
KOLOM 13 #
KOLOM 40 .
KOLOM 14 #
KOLOM 39 .
KOLOM 15 #
KOLOM 38 .
KOLOM 16 #
KOLOM 37 .
KOLOM 87 #
KOLOM 36 .
KOLOM 88 #
KOLOM 35 .
KOLOM 89 #
KOLOM 34 .
KOLOM 90 #
KOLOM 33 .
KOLOM 91 #
BARIS 4 #
KOLOM 58 .
KOLOM 92 #
KOLOM 57 .
KOLOM 93 #
KOLOM 56 .
KOLOM 94 #
KOLOM 41 .
KOLOM 95 #
BARIS 3 #
KOLOM 55 .
KOLOM 96 #
KOLOM 54 .
KOLOM 97 #
KOLOM 53 .
KOLOM 98 #
BARIS 12 .
KOLOM 45 .
KOLOM 1 #
KOLOM 44 .
KOLOM 2 #
KOLOM 43 .
KOLOM 3 #
KOLOM 42 .
KOLOM 4 #
BARIS 2 #
KOLOM 52 .
KOLOM 5 #
KOLOM 51 .
KOLOM 6 #
KOLOM 50 .
KOLOM 7 #
KOLOM 49 .
KOLOM 8 #
KOLOM 48 .
KOLOM 9 #
KOLOM 47 .
KOLOM 99 #
KOLOM 46 .
KOLOM 100 #
BARIS 1 #
