2468
BARIS 1187 #
KOLOM 563 .
KOLOM 282 #
BARIS 739 .
BARIS 918 #
KOLOM 896 .
KOLOM 37 #
BARIS 721 .
BARIS 334 #
KOLOM 365 .
KOLOM 148 #
BARIS 978 .
BARIS 245 #
KOLOM 450 .
KOLOM 1097 #
BARIS 315 .
BARIS 810 #
KOLOM 478 .
KOLOM 447 #
BARIS 163 .
BARIS 404 #
KOLOM 175 .
KOLOM 500 #
BARIS 672 .
BARIS 403 #
KOLOM 371 .
KOLOM 99 #
BARIS 729 .
BARIS 961 #
KOLOM 1185 .
KOLOM 506 #
BARIS 124 .
BARIS 143 #
KOLOM 554 .
KOLOM 617 #
BARIS 171 .
BARIS 1171 #
KOLOM 446 .
KOLOM 177 #
BARIS 395 .
BARIS 521 #
KOLOM 566 .
KOLOM 384 #
BARIS 51 .
BARIS 158 #
KOLOM 802 .
KOLOM 847 #
BARIS 72 .
BARIS 371 #
KOLOM 825 .
KOLOM 1102 #
BARIS 1025 .
BARIS 105 #
KOLOM 2 .
KOLOM 739 #
BARIS 362 .
BARIS 574 #
KOLOM 1060 .
KOLOM 997 #
BARIS 47 .
BARIS 774 #
KOLOM 6 .
KOLOM 999 #
BARIS 532 .
BARIS 461 #
KOLOM 926 .
KOLOM 669 #
BARIS 665 .
BARIS 537 #
KOLOM 594 .
KOLOM 673 #
BARIS 321 .
BARIS 450 #
KOLOM 252 .
KOLOM 1024 #
BARIS 307 .
BARIS 466 #
KOLOM 637 .
KOLOM 569 #
BARIS 190 .
BARIS 875 #
KOLOM 732 .
KOLOM 1074 #
BARIS 244 .
BARIS 868 #
KOLOM 464 .
KOLOM 1122 #
BARIS 398 .
BARIS 480 #
KOLOM 1042 .
KOLOM 491 #
BARIS 139 .
BARIS 730 #
KOLOM 1107 .
KOLOM 640 #
BARIS 663 .
BARIS 397 #
KOLOM 664 .
KOLOM 136 #
BARIS 1056 .
BARIS 764 #
KOLOM 286 .
KOLOM 1040 #
BARIS 752 .
BARIS 97 #
KOLOM 1038 .
KOLOM 228 #
BARIS 585 .
BARIS 7 #
KOLOM 746 .
KOLOM 1133 #
BARIS 1210 .
BARIS 462 #
KOLOM 1118 .
KOLOM 190 #
BARIS 487 .
BARIS 699 #
KOLOM 433 .
KOLOM 754 #
BARIS 885 .
BARIS 81 #
KOLOM 212 .
KOLOM 20 #
BARIS 555 .
BARIS 1000 #
KOLOM 599 .
KOLOM 179 #
BARIS 290 .
BARIS 1067 #
KOLOM 1007 .
KOLOM 1214 #
BARIS 1139 .
BARIS 299 #
KOLOM 496 .
KOLOM 249 #
BARIS 1108 .
BARIS 200 #
KOLOM 1091 .
KOLOM 552 #
BARIS 125 .
BARIS 376 #
KOLOM 224 .
KOLOM 409 #
BARIS 557 .
BARIS 84 #
KOLOM 620 .
KOLOM 5 #
BARIS 269 .
BARIS 583 #
KOLOM 1208 .
KOLOM 830 #
BARIS 1205 .
BARIS 1058 #
KOLOM 514 .
KOLOM 809 #
BARIS 993 .
BARIS 1012 #
KOLOM 735 .
KOLOM 76 #
BARIS 358 .
BARIS 311 #
KOLOM 567 .
KOLOM 497 #
BARIS 1117 .
BARIS 154 #
KOLOM 626 .
KOLOM 614 #
BARIS 929 .
BARIS 407 #
KOLOM 957 .
KOLOM 574 #
BARIS 1070 .
BARIS 322 #
KOLOM 679 .
KOLOM 145 #
BARIS 682 .
BARIS 405 #
KOLOM 770 .
KOLOM 103 #
BARIS 1219 .
BARIS 54 #
KOLOM 184 .
KOLOM 568 #
BARIS 350 .
BARIS 1006 #
KOLOM 297 .
KOLOM 1221 #
BARIS 191 .
BARIS 792 #
KOLOM 972 .
KOLOM 40 #
BARIS 933 .
BARIS 478 #
KOLOM 541 .
KOLOM 976 #
BARIS 602 .
BARIS 31 #
KOLOM 129 .
KOLOM 160 #
BARIS 922 .
BARIS 198 #
KOLOM 834 .
KOLOM 849 #
BARIS 45 .
BARIS 633 #
KOLOM 1035 .
KOLOM 1027 #
BARIS 1135 .
BARIS 173 #
KOLOM 956 .
KOLOM 944 #
BARIS 32 .
BARIS 448 #
KOLOM 503 .
KOLOM 233 #
BARIS 111 .
BARIS 742 #
KOLOM 344 .
KOLOM 958 #
BARIS 747 .
BARIS 590 #
KOLOM 408 .
KOLOM 14 #
BARIS 316 .
BARIS 577 #
KOLOM 745 .
KOLOM 351 #
BARIS 1010 .
BARIS 525 #
KOLOM 824 .
KOLOM 709 #
BARIS 177 .
BARIS 266 #
KOLOM 163 .
KOLOM 803 #
BARIS 956 .
BARIS 21 #
KOLOM 17 .
KOLOM 544 #
BARIS 476 .
BARIS 1011 #
KOLOM 439 .
KOLOM 562 #
BARIS 1208 .
BARIS 702 #
KOLOM 743 .
KOLOM 1188 #
BARIS 328 .
BARIS 442 #
KOLOM 71 .
KOLOM 505 #
BARIS 75 .
BARIS 213 #
KOLOM 835 .
KOLOM 1075 #
BARIS 567 .
BARIS 695 #
KOLOM 819 .
KOLOM 96 #
BARIS 108 .
BARIS 112 #
KOLOM 515 .
KOLOM 712 #
BARIS 796 .
BARIS 1001 #
KOLOM 15 .
KOLOM 983 #
BARIS 2 .
BARIS 673 #
KOLOM 454 .
KOLOM 368 #
BARIS 70 .
BARIS 920 #
KOLOM 1023 .
KOLOM 887 #
BARIS 493 .
BARIS 940 #
KOLOM 38 .
KOLOM 1012 #
BARIS 899 .
BARIS 998 #
KOLOM 135 .
KOLOM 660 #
BARIS 973 .
BARIS 206 #
KOLOM 457 .
KOLOM 836 #
BARIS 538 .
BARIS 150 #
KOLOM 426 .
KOLOM 180 #
BARIS 720 .
BARIS 806 #
KOLOM 583 .
KOLOM 241 #
BARIS 678 .
BARIS 1147 #
KOLOM 78 .
KOLOM 280 #
BARIS 903 .
BARIS 122 #
KOLOM 248 .
KOLOM 984 #
BARIS 842 .
BARIS 261 #
KOLOM 548 .
KOLOM 245 #
BARIS 1095 .
BARIS 193 #
KOLOM 95 .
KOLOM 659 #
BARIS 1161 .
BARIS 560 #
KOLOM 1211 .
KOLOM 969 #
BARIS 1065 .
BARIS 534 #
KOLOM 755 .
KOLOM 1076 #
BARIS 668 .
BARIS 554 #
KOLOM 939 .
KOLOM 1164 #
BARIS 66 .
BARIS 440 #
KOLOM 382 .
KOLOM 429 #
BARIS 803 .
BARIS 834 #
KOLOM 271 .
KOLOM 1050 #
BARIS 549 .
BARIS 1063 #
KOLOM 727 .
KOLOM 781 #
BARIS 277 .
BARIS 203 #
KOLOM 217 .
KOLOM 894 #
BARIS 48 .
BARIS 153 #
KOLOM 903 .
KOLOM 156 #
BARIS 697 .
BARIS 3 #
KOLOM 641 .
KOLOM 149 #
BARIS 229 .
BARIS 565 #
KOLOM 492 .
KOLOM 635 #
BARIS 432 .
BARIS 778 #
KOLOM 846 .
KOLOM 733 #
BARIS 433 .
BARIS 1077 #
KOLOM 699 .
KOLOM 511 #
BARIS 597 .
BARIS 67 #
KOLOM 947 .
KOLOM 1010 #
BARIS 972 .
BARIS 1072 #
KOLOM 307 .
KOLOM 239 #
BARIS 425 .
BARIS 737 #
KOLOM 628 .
KOLOM 474 #
BARIS 1008 .
BARIS 1162 #
KOLOM 932 .
KOLOM 19 #
BARIS 1148 .
BARIS 966 #
KOLOM 950 .
KOLOM 151 #
BARIS 1227 .
BARIS 390 #
KOLOM 1068 .
KOLOM 557 #
BARIS 44 .
BARIS 735 #
KOLOM 520 .
KOLOM 293 #
BARIS 1062 .
BARIS 282 #
KOLOM 537 .
KOLOM 352 #
BARIS 93 .
BARIS 1111 #
KOLOM 920 .
KOLOM 532 #
BARIS 502 .
BARIS 994 #
KOLOM 684 .
KOLOM 28 #
BARIS 401 .
BARIS 660 #
KOLOM 556 .
KOLOM 50 #
BARIS 691 .
BARIS 135 #
KOLOM 94 .
KOLOM 479 #
BARIS 604 .
BARIS 345 #
KOLOM 131 .
KOLOM 32 #
BARIS 208 .
BARIS 383 #
KOLOM 711 .
KOLOM 121 #
BARIS 907 .
BARIS 1098 #
KOLOM 317 .
KOLOM 201 #
BARIS 308 .
BARIS 894 #
KOLOM 795 .
KOLOM 416 #
BARIS 214 .
BARIS 26 #
KOLOM 1092 .
KOLOM 475 #
BARIS 844 .
BARIS 980 #
KOLOM 10 .
KOLOM 1178 #
BARIS 136 .
BARIS 968 #
KOLOM 589 .
KOLOM 170 #
BARIS 1186 .
BARIS 1143 #
KOLOM 656 .
KOLOM 265 #
BARIS 841 .
BARIS 639 #
KOLOM 73 .
KOLOM 670 #
BARIS 533 .
BARIS 823 #
KOLOM 963 .
KOLOM 1034 #
BARIS 188 .
BARIS 419 #
KOLOM 898 .
KOLOM 915 #
BARIS 582 .
BARIS 148 #
KOLOM 1105 .
KOLOM 612 #
BARIS 1142 .
BARIS 248 #
KOLOM 827 .
KOLOM 949 #
BARIS 1052 .
BARIS 414 #
KOLOM 13 .
KOLOM 93 #
BARIS 1169 .
BARIS 1085 #
KOLOM 1139 .
KOLOM 630 #
BARIS 141 .
BARIS 288 #
KOLOM 169 .
KOLOM 417 #
BARIS 1140 .
BARIS 400 #
KOLOM 606 .
KOLOM 193 #
BARIS 798 .
BARIS 251 #
KOLOM 929 .
KOLOM 353 #
BARIS 1046 .
BARIS 413 #
KOLOM 436 .
KOLOM 41 #
BARIS 255 .
BARIS 103 #
KOLOM 1200 .
KOLOM 748 #
BARIS 181 .
BARIS 1228 #
KOLOM 829 .
KOLOM 1216 #
BARIS 335 .
BARIS 1104 #
KOLOM 46 .
KOLOM 1067 #
BARIS 626 .
BARIS 236 #
KOLOM 323 .
KOLOM 197 #
BARIS 381 .
BARIS 1106 #
KOLOM 638 .
KOLOM 1009 #
BARIS 1045 .
BARIS 811 #
KOLOM 312 .
KOLOM 473 #
BARIS 343 .
BARIS 1176 #
KOLOM 1153 .
KOLOM 92 #
BARIS 447 .
BARIS 964 #
KOLOM 1179 .
KOLOM 207 #
BARIS 650 .
BARIS 10 #
KOLOM 242 .
KOLOM 625 #
BARIS 149 .
BARIS 326 #
KOLOM 183 .
KOLOM 1096 #
BARIS 1167 .
BARIS 785 #
KOLOM 1195 .
KOLOM 455 #
BARIS 224 .
BARIS 165 #
KOLOM 600 .
KOLOM 1020 #
BARIS 1089 .
BARIS 813 #
KOLOM 232 .
KOLOM 189 #
BARIS 263 .
BARIS 1153 #
KOLOM 98 .
KOLOM 218 #
BARIS 359 .
BARIS 612 #
KOLOM 510 .
KOLOM 1210 #
BARIS 19 .
BARIS 790 #
KOLOM 102 .
KOLOM 186 #
BARIS 539 .
BARIS 723 #
KOLOM 481 .
KOLOM 859 #
BARIS 732 .
BARIS 853 #
KOLOM 376 .
KOLOM 869 #
BARIS 22 .
BARIS 38 #
KOLOM 980 .
KOLOM 615 #
BARIS 815 .
BARIS 893 #
KOLOM 153 .
KOLOM 837 #
BARIS 916 .
BARIS 762 #
KOLOM 874 .
KOLOM 816 #
BARIS 320 .
BARIS 821 #
KOLOM 580 .
KOLOM 1134 #
BARIS 767 .
BARIS 586 #
KOLOM 47 .
KOLOM 1056 #
BARIS 110 .
BARIS 802 #
KOLOM 1156 .
KOLOM 405 #
BARIS 1191 .
BARIS 1114 #
KOLOM 1160 .
KOLOM 1047 #
BARIS 1138 .
BARIS 634 #
KOLOM 199 .
KOLOM 1148 #
BARIS 9 .
BARIS 854 #
KOLOM 244 .
KOLOM 428 #
BARIS 540 .
BARIS 812 #
KOLOM 1045 .
KOLOM 527 #
BARIS 477 .
BARIS 613 #
KOLOM 729 .
KOLOM 394 #
BARIS 1116 .
BARIS 786 #
KOLOM 1019 .
KOLOM 495 #
BARIS 606 .
BARIS 429 #
KOLOM 682 .
KOLOM 438 #
BARIS 1145 .
BARIS 985 #
KOLOM 619 .
KOLOM 794 #
BARIS 942 .
BARIS 363 #
KOLOM 636 .
KOLOM 913 #
BARIS 1126 .
BARIS 360 #
KOLOM 1041 .
KOLOM 1181 #
BARIS 230 .
BARIS 132 #
KOLOM 759 .
KOLOM 1163 #
BARIS 182 .
BARIS 840 #
KOLOM 973 .
KOLOM 404 #
BARIS 247 .
BARIS 685 #
KOLOM 419 .
KOLOM 786 #
BARIS 303 .
BARIS 1177 #
KOLOM 555 .
KOLOM 771 #
BARIS 365 .
BARIS 80 #
KOLOM 550 .
KOLOM 601 #
BARIS 503 .
BARIS 489 #
KOLOM 750 .
KOLOM 792 #
BARIS 291 .
BARIS 957 #
KOLOM 392 .
KOLOM 359 #
BARIS 254 .
BARIS 201 #
KOLOM 221 .
KOLOM 1004 #
BARIS 1157 .
BARIS 703 #
KOLOM 1201 .
KOLOM 700 #
BARIS 643 .
BARIS 253 #
KOLOM 1222 .
KOLOM 539 #
BARIS 637 .
BARIS 1074 #
KOLOM 981 .
KOLOM 592 #
BARIS 804 .
BARIS 861 #
KOLOM 897 .
KOLOM 1131 #
BARIS 512 .
BARIS 713 #
KOLOM 758 .
KOLOM 174 #
BARIS 1094 .
BARIS 357 #
KOLOM 238 .
KOLOM 30 #
BARIS 1102 .
BARIS 603 #
KOLOM 1150 .
KOLOM 336 #
BARIS 285 .
BARIS 6 #
KOLOM 570 .
KOLOM 1029 #
BARIS 1092 .
BARIS 677 #
KOLOM 1104 .
KOLOM 1069 #
BARIS 1042 .
BARIS 511 #
KOLOM 899 .
KOLOM 162 #
BARIS 399 .
BARIS 91 #
KOLOM 565 .
KOLOM 393 #
BARIS 49 .
BARIS 351 #
KOLOM 1119 .
KOLOM 817 #
BARIS 981 .
BARIS 652 #
KOLOM 209 .
KOLOM 161 #
BARIS 851 .
BARIS 558 #
KOLOM 715 .
KOLOM 1126 #
BARIS 237 .
BARIS 714 #
KOLOM 364 .
KOLOM 358 #
BARIS 987 .
BARIS 879 #
KOLOM 1066 .
KOLOM 652 #
BARIS 1226 .
BARIS 997 #
KOLOM 1217 .
KOLOM 185 #
BARIS 485 .
BARIS 589 #
KOLOM 42 .
KOLOM 155 #
BARIS 212 .
BARIS 176 #
KOLOM 275 .
KOLOM 407 #
BARIS 436 .
BARIS 221 #
KOLOM 1204 .
KOLOM 331 #
BARIS 232 .
BARIS 227 #
KOLOM 24 .
KOLOM 288 #
BARIS 974 .
BARIS 943 #
KOLOM 677 .
KOLOM 772 #
BARIS 711 .
BARIS 496 #
KOLOM 256 .
KOLOM 124 #
BARIS 863 .
BARIS 451 #
KOLOM 666 .
KOLOM 116 #
BARIS 463 .
BARIS 1037 #
KOLOM 790 .
KOLOM 325 #
BARIS 18 .
BARIS 877 #
KOLOM 204 .
KOLOM 691 #
BARIS 497 .
BARIS 1172 #
KOLOM 876 .
KOLOM 608 #
BARIS 1032 .
BARIS 1141 #
KOLOM 1141 .
KOLOM 533 #
BARIS 666 .
BARIS 905 #
KOLOM 627 .
KOLOM 362 #
BARIS 1091 .
BARIS 935 #
KOLOM 374 .
KOLOM 81 #
BARIS 979 .
BARIS 472 #
KOLOM 667 .
KOLOM 284 #
BARIS 531 .
BARIS 627 #
KOLOM 645 .
KOLOM 930 #
BARIS 457 .
BARIS 827 #
KOLOM 445 .
KOLOM 123 #
BARIS 368 .
BARIS 809 #
KOLOM 476 .
KOLOM 61 #
BARIS 1096 .
BARIS 356 #
KOLOM 731 .
KOLOM 813 #
BARIS 870 .
BARIS 508 #
KOLOM 689 .
KOLOM 216 #
BARIS 134 .
BARIS 1229 #
KOLOM 346 .
KOLOM 349 #
BARIS 257 .
BARIS 114 #
KOLOM 549 .
KOLOM 1124 #
BARIS 317 .
BARIS 628 #
KOLOM 951 .
KOLOM 798 #
BARIS 117 .
BARIS 546 #
KOLOM 884 .
KOLOM 52 #
BARIS 1217 .
BARIS 348 #
KOLOM 423 .
KOLOM 752 #
BARIS 256 .
BARIS 967 #
KOLOM 1078 .
KOLOM 938 #
BARIS 648 .
BARIS 452 #
KOLOM 534 .
KOLOM 540 #
BARIS 298 .
BARIS 1068 #
KOLOM 335 .
KOLOM 452 #
BARIS 126 .
BARIS 309 #
KOLOM 753 .
KOLOM 1030 #
BARIS 670 .
BARIS 1223 #
KOLOM 441 .
KOLOM 941 #
BARIS 996 .
BARIS 220 #
KOLOM 308 .
KOLOM 974 #
BARIS 130 .
BARIS 569 #
KOLOM 182 .
KOLOM 613 #
BARIS 632 .
BARIS 43 #
KOLOM 855 .
KOLOM 329 #
BARIS 469 .
BARIS 205 #
KOLOM 173 .
KOLOM 21 #
BARIS 194 .
BARIS 17 #
KOLOM 277 .
KOLOM 1138 #
BARIS 486 .
BARIS 1180 #
KOLOM 461 .
KOLOM 134 #
BARIS 1051 .
BARIS 1078 #
KOLOM 64 .
KOLOM 31 #
BARIS 417 .
BARIS 883 #
KOLOM 383 .
KOLOM 991 #
BARIS 828 .
BARIS 1207 #
KOLOM 72 .
KOLOM 1080 #
BARIS 629 .
BARIS 1015 #
KOLOM 888 .
KOLOM 1187 #
BARIS 830 .
BARIS 960 #
KOLOM 460 .
KOLOM 1013 #
BARIS 302 .
BARIS 1128 #
KOLOM 253 .
KOLOM 318 #
BARIS 59 .
BARIS 795 #
KOLOM 688 .
KOLOM 655 #
BARIS 926 .
BARIS 931 #
KOLOM 832 .
KOLOM 75 #
BARIS 992 .
BARIS 453 #
KOLOM 885 .
KOLOM 716 #
BARIS 1146 .
BARIS 507 #
KOLOM 403 .
KOLOM 306 #
BARIS 437 .
BARIS 594 #
KOLOM 736 .
KOLOM 1109 #
BARIS 1007 .
BARIS 950 #
KOLOM 33 .
KOLOM 593 #
BARIS 438 .
BARIS 728 #
KOLOM 313 .
KOLOM 799 #
BARIS 726 .
BARIS 1122 #
KOLOM 862 .
KOLOM 206 #
BARIS 1182 .
BARIS 733 #
KOLOM 994 .
KOLOM 1064 #
BARIS 860 .
BARIS 238 #
KOLOM 761 .
KOLOM 820 #
BARIS 418 .
BARIS 571 #
KOLOM 340 .
KOLOM 590 #
BARIS 96 .
BARIS 1159 #
KOLOM 1090 .
KOLOM 650 #
BARIS 380 .
BARIS 146 #
KOLOM 449 .
KOLOM 805 #
BARIS 1024 .
BARIS 392 #
KOLOM 208 .
KOLOM 421 #
BARIS 65 .
BARIS 426 #
KOLOM 756 .
KOLOM 198 #
BARIS 33 .
BARIS 988 #
KOLOM 240 .
KOLOM 150 #
BARIS 640 .
BARIS 816 #
KOLOM 1229 .
KOLOM 1209 #
BARIS 458 .
BARIS 1234 #
KOLOM 357 .
KOLOM 1048 #
BARIS 797 .
BARIS 965 #
KOLOM 472 .
KOLOM 545 #
BARIS 183 .
BARIS 393 #
KOLOM 1086 .
KOLOM 1177 #
BARIS 446 .
BARIS 897 #
KOLOM 1032 .
KOLOM 396 #
BARIS 553 .
BARIS 523 #
KOLOM 380 .
KOLOM 268 #
BARIS 506 .
BARIS 23 #
KOLOM 902 .
KOLOM 538 #
BARIS 63 .
BARIS 283 #
KOLOM 1026 .
KOLOM 923 #
BARIS 243 .
BARIS 939 #
KOLOM 316 .
KOLOM 577 #
BARIS 423 .
BARIS 1181 #
KOLOM 982 .
KOLOM 782 #
BARIS 333 .
BARIS 1230 #
KOLOM 616 .
KOLOM 724 #
BARIS 873 .
BARIS 760 #
KOLOM 51 .
KOLOM 1137 #
BARIS 700 .
BARIS 516 #
KOLOM 546 .
KOLOM 751 #
BARIS 963 .
BARIS 1082 #
KOLOM 434 .
KOLOM 114 #
BARIS 787 .
BARIS 1124 #
KOLOM 796 .
KOLOM 235 #
BARIS 605 .
BARIS 927 #
KOLOM 321 .
KOLOM 516 #
BARIS 195 .
BARIS 92 #
KOLOM 267 .
KOLOM 720 #
BARIS 766 .
BARIS 346 #
KOLOM 397 .
KOLOM 257 #
BARIS 780 .
BARIS 1132 #
KOLOM 215 .
KOLOM 88 #
BARIS 411 .
BARIS 295 #
KOLOM 955 .
KOLOM 487 #
BARIS 475 .
BARIS 1014 #
KOLOM 53 .
KOLOM 85 #
BARIS 1107 .
BARIS 938 #
KOLOM 961 .
KOLOM 1149 #
BARIS 1174 .
BARIS 1086 #
KOLOM 65 .
KOLOM 431 #
BARIS 890 .
BARIS 107 #
KOLOM 821 .
KOLOM 530 #
BARIS 591 .
BARIS 470 #
KOLOM 815 .
KOLOM 694 #
BARIS 1156 .
BARIS 473 #
KOLOM 381 .
KOLOM 804 #
BARIS 622 .
BARIS 300 #
KOLOM 84 .
KOLOM 412 #
BARIS 909 .
BARIS 1160 #
KOLOM 62 .
KOLOM 471 #
BARIS 887 .
BARIS 233 #
KOLOM 783 .
KOLOM 934 #
BARIS 1197 .
BARIS 833 #
KOLOM 793 .
KOLOM 345 #
BARIS 891 .
BARIS 293 #
KOLOM 858 .
KOLOM 734 #
BARIS 101 .
BARIS 1064 #
KOLOM 644 .
KOLOM 703 #
BARIS 491 .
BARIS 377 #
KOLOM 1082 .
KOLOM 82 #
BARIS 789 .
BARIS 12 #
KOLOM 79 .
KOLOM 1132 #
BARIS 488 .
BARIS 172 #
KOLOM 1186 .
KOLOM 1100 #
BARIS 871 .
BARIS 386 #
KOLOM 388 .
KOLOM 378 #
BARIS 71 .
BARIS 174 #
KOLOM 643 .
KOLOM 1234 #
BARIS 267 .
BARIS 1069 #
KOLOM 1120 .
KOLOM 482 #
BARIS 932 .
BARIS 62 #
KOLOM 356 .
KOLOM 16 #
BARIS 527 .
BARIS 959 #
KOLOM 831 .
KOLOM 470 #
BARIS 225 .
BARIS 1133 #
KOLOM 264 .
KOLOM 642 #
BARIS 524 .
BARIS 801 #
KOLOM 326 .
KOLOM 789 #
BARIS 509 .
BARIS 908 #
KOLOM 43 .
KOLOM 341 #
BARIS 563 .
BARIS 1080 #
KOLOM 773 .
KOLOM 1127 #
BARIS 170 .
BARIS 119 #
KOLOM 611 .
KOLOM 953 #
BARIS 579 .
BARIS 1073 #
KOLOM 1063 .
KOLOM 89 #
BARIS 330 .
BARIS 279 #
KOLOM 818 .
KOLOM 853 #
BARIS 1035 .
BARIS 865 #
KOLOM 87 .
KOLOM 319 #
BARIS 128 .
BARIS 517 #
KOLOM 298 .
KOLOM 1025 #
BARIS 706 .
BARIS 379 #
KOLOM 558 .
KOLOM 113 #
BARIS 202 .
BARIS 839 #
KOLOM 1193 .
KOLOM 721 #
BARIS 64 .
BARIS 886 #
KOLOM 287 .
KOLOM 1230 #
BARIS 384 .
BARIS 39 #
KOLOM 1093 .
KOLOM 1168 #
BARIS 443 .
BARIS 995 #
KOLOM 602 .
KOLOM 1140 #
BARIS 1193 .
BARIS 709 #
KOLOM 7 .
KOLOM 623 #
BARIS 249 .
BARIS 500 #
KOLOM 58 .
KOLOM 1199 #
BARIS 746 .
BARIS 892 #
KOLOM 389 .
KOLOM 440 #
BARIS 406 .
BARIS 1190 #
KOLOM 787 .
KOLOM 618 #
BARIS 765 .
BARIS 127 #
KOLOM 1111 .
KOLOM 523 #
BARIS 1049 .
BARIS 1053 #
KOLOM 104 .
KOLOM 48 #
BARIS 123 .
BARIS 87 #
KOLOM 990 .
KOLOM 1065 #
BARIS 731 .
BARIS 1023 #
KOLOM 531 .
KOLOM 192 #
BARIS 218 .
BARIS 592 #
KOLOM 870 .
KOLOM 1095 #
BARIS 867 .
BARIS 793 #
KOLOM 1115 .
KOLOM 398 #
BARIS 312 .
BARIS 580 #
KOLOM 120 .
KOLOM 70 #
BARIS 874 .
BARIS 1057 #
KOLOM 854 .
KOLOM 49 #
BARIS 847 .
BARIS 881 #
KOLOM 339 .
KOLOM 653 #
BARIS 1047 .
BARIS 910 #
KOLOM 719 .
KOLOM 451 #
BARIS 159 .
BARIS 331 #
KOLOM 890 .
KOLOM 579 #
BARIS 161 .
BARIS 679 #
KOLOM 524 .
KOLOM 3 #
BARIS 655 .
BARIS 1041 #
KOLOM 188 .
KOLOM 303 #
BARIS 895 .
BARIS 671 #
KOLOM 295 .
KOLOM 573 #
BARIS 923 .
BARIS 616 #
KOLOM 386 .
KOLOM 1198 #
BARIS 1232 .
BARIS 144 #
KOLOM 296 .
KOLOM 1213 #
BARIS 976 .
BARIS 611 #
KOLOM 581 .
KOLOM 725 #
BARIS 975 .
BARIS 745 #
KOLOM 311 .
KOLOM 1087 #
BARIS 1195 .
BARIS 375 #
KOLOM 776 .
KOLOM 1121 #
BARIS 314 .
BARIS 50 #
KOLOM 1218 .
KOLOM 187 #
BARIS 777 .
BARIS 142 #
KOLOM 741 .
KOLOM 55 #
BARIS 1061 .
BARIS 467 #
KOLOM 57 .
KOLOM 559 #
BARIS 835 .
BARIS 1038 #
KOLOM 338 .
KOLOM 1052 #
BARIS 1155 .
BARIS 951 #
KOLOM 203 .
KOLOM 164 #
BARIS 422 .
BARIS 133 #
KOLOM 270 .
KOLOM 784 #
BARIS 1009 .
BARIS 46 #
KOLOM 634 .
KOLOM 1054 #
BARIS 751 .
BARIS 1215 #
KOLOM 1051 .
KOLOM 648 #
BARIS 471 .
BARIS 825 #
KOLOM 141 .
KOLOM 74 #
BARIS 175 .
BARIS 758 #
KOLOM 910 .
KOLOM 463 #
BARIS 28 .
BARIS 1034 #
KOLOM 661 .
KOLOM 501 #
BARIS 339 .
BARIS 999 #
KOLOM 526 .
KOLOM 726 #
BARIS 1213 .
BARIS 204 #
KOLOM 878 .
KOLOM 1231 #
BARIS 681 .
BARIS 1134 #
KOLOM 1123 .
KOLOM 1207 #
BARIS 240 .
BARIS 984 #
KOLOM 597 .
KOLOM 285 #
BARIS 1211 .
BARIS 667 #
KOLOM 1170 .
KOLOM 797 #
BARIS 435 .
BARIS 734 #
KOLOM 211 .
KOLOM 788 #
BARIS 474 .
BARIS 439 #
KOLOM 822 .
KOLOM 39 #
BARIS 20 .
BARIS 162 #
KOLOM 1116 .
KOLOM 1117 #
BARIS 479 .
BARIS 647 #
KOLOM 769 .
KOLOM 430 #
BARIS 85 .
BARIS 55 #
KOLOM 714 .
KOLOM 892 #
BARIS 273 .
BARIS 36 #
KOLOM 391 .
KOLOM 237 #
BARIS 166 .
BARIS 514 #
KOLOM 744 .
KOLOM 126 #
BARIS 636 .
BARIS 876 #
KOLOM 917 .
KOLOM 399 #
BARIS 753 .
BARIS 551 #
KOLOM 561 .
KOLOM 686 #
BARIS 1196 .
BARIS 361 #
KOLOM 919 .
KOLOM 202 #
BARIS 454 .
BARIS 1183 #
KOLOM 676 .
KOLOM 172 #
BARIS 1165 .
BARIS 30 #
KOLOM 808 .
KOLOM 966 #
BARIS 741 .
BARIS 820 #
KOLOM 879 .
KOLOM 415 #
BARIS 587 .
BARIS 661 #
KOLOM 320 .
KOLOM 462 #
BARIS 16 .
BARIS 783 #
KOLOM 411 .
KOLOM 989 #
BARIS 1179 .
BARIS 694 #
KOLOM 621 .
KOLOM 106 #
BARIS 260 .
BARIS 304 #
KOLOM 1057 .
KOLOM 276 #
BARIS 1221 .
BARIS 60 #
KOLOM 420 .
KOLOM 965 #
BARIS 140 .
BARIS 917 #
KOLOM 1155 .
KOLOM 1143 #
BARIS 185 .
BARIS 1100 #
KOLOM 662 .
KOLOM 1191 #
BARIS 168 .
BARIS 1151 #
KOLOM 279 .
KOLOM 1046 #
BARIS 664 .
BARIS 570 #
KOLOM 1161 .
KOLOM 363 #
BARIS 394 .
BARIS 340 #
KOLOM 838 .
KOLOM 1022 #
BARIS 689 .
BARIS 278 #
KOLOM 1203 .
KOLOM 908 #
BARIS 109 .
BARIS 1127 #
KOLOM 281 .
KOLOM 931 #
BARIS 1158 .
BARIS 941 #
KOLOM 1033 .
KOLOM 165 #
BARIS 1164 .
BARIS 715 #
KOLOM 529 .
KOLOM 687 #
BARIS 719 .
BARIS 306 #
KOLOM 166 .
KOLOM 1175 #
BARIS 669 .
BARIS 712 #
KOLOM 283 .
KOLOM 672 #
BARIS 1225 .
BARIS 1212 #
KOLOM 780 .
KOLOM 1021 #
BARIS 449 .
BARIS 771 #
KOLOM 1135 .
KOLOM 4 #
BARIS 807 .
BARIS 1048 #
KOLOM 610 .
KOLOM 663 #
BARIS 424 .
BARIS 642 #
KOLOM 101 .
KOLOM 443 #
BARIS 529 .
BARIS 86 #
KOLOM 385 .
KOLOM 258 #
BARIS 654 .
BARIS 566 #
KOLOM 519 .
KOLOM 442 #
BARIS 374 .
BARIS 89 #
KOLOM 504 .
KOLOM 1044 #
BARIS 1 .
BARIS 805 #
KOLOM 168 .
KOLOM 730 #
BARIS 641 .
BARIS 749 #
KOLOM 1110 .
KOLOM 154 #
BARIS 562 .
BARIS 287 #
KOLOM 828 .
KOLOM 891 #
BARIS 349 .
BARIS 822 #
KOLOM 1154 .
KOLOM 158 #
BARIS 952 .
BARIS 925 #
KOLOM 468 .
KOLOM 1099 #
BARIS 595 .
BARIS 748 #
KOLOM 740 .
KOLOM 466 #
BARIS 42 .
BARIS 69 #
KOLOM 845 .
KOLOM 528 #
BARIS 37 .
BARIS 646 #
KOLOM 354 .
KOLOM 324 #
BARIS 408 .
BARIS 468 #
KOLOM 138 .
KOLOM 294 #
BARIS 1109 .
BARIS 431 #
KOLOM 1228 .
KOLOM 355 #
BARIS 58 .
BARIS 1130 #
KOLOM 553 .
KOLOM 1130 #
BARIS 568 .
BARIS 630 #
KOLOM 785 .
KOLOM 1006 #
BARIS 657 .
BARIS 4 #
KOLOM 1014 .
KOLOM 927 #
BARIS 1218 .
BARIS 1129 #
KOLOM 509 .
KOLOM 1225 #
BARIS 156 .
BARIS 147 #
KOLOM 1108 .
KOLOM 971 #
BARIS 35 .
BARIS 958 #
KOLOM 1085 .
KOLOM 683 #
BARIS 409 .
BARIS 625 #
KOLOM 222 .
KOLOM 1003 #
BARIS 95 .
BARIS 280 #
KOLOM 535 .
KOLOM 768 #
BARIS 576 .
BARIS 1224 #
KOLOM 737 .
KOLOM 935 #
BARIS 327 .
BARIS 559 #
KOLOM 977 .
KOLOM 1037 #
BARIS 535 .
BARIS 61 #
KOLOM 309 .
KOLOM 128 #
BARIS 614 .
BARIS 738 #
KOLOM 361 .
KOLOM 1061 #
BARIS 846 .
BARIS 1050 #
KOLOM 826 .
KOLOM 840 #
BARIS 1136 .
BARIS 607 #
KOLOM 246 .
KOLOM 525 #
BARIS 848 .
BARIS 137 #
KOLOM 366 .
KOLOM 900 #
BARIS 544 .
BARIS 378 #
KOLOM 401 .
KOLOM 465 #
BARIS 1059 .
BARIS 572 #
KOLOM 924 .
KOLOM 513 #
BARIS 914 .
BARIS 934 #
KOLOM 142 .
KOLOM 314 #
BARIS 1118 .
BARIS 1027 #
KOLOM 964 .
KOLOM 196 #
BARIS 1206 .
BARIS 1173 #
KOLOM 866 .
KOLOM 139 #
BARIS 522 .
BARIS 186 #
KOLOM 1165 .
KOLOM 259 #
BARIS 57 .
BARIS 716 #
KOLOM 1084 .
KOLOM 425 #
BARIS 460 .
BARIS 1168 #
KOLOM 833 .
KOLOM 152 #
BARIS 504 .
BARIS 900 #
KOLOM 542 .
KOLOM 1053 #
BARIS 519 .
BARIS 819 #
KOLOM 334 .
KOLOM 723 #
BARIS 434 .
BARIS 160 #
KOLOM 310 .
KOLOM 742 #
BARIS 494 .
BARIS 289 #
KOLOM 936 .
KOLOM 178 #
BARIS 1184 .
BARIS 1040 #
KOLOM 372 .
KOLOM 27 #
BARIS 588 .
BARIS 145 #
KOLOM 1043 .
KOLOM 147 #
BARIS 292 .
BARIS 770 #
KOLOM 418 .
KOLOM 1174 #
BARIS 151 .
BARIS 428 #
KOLOM 390 .
KOLOM 633 #
BARIS 1013 .
BARIS 644 #
KOLOM 1001 .
KOLOM 668 #
BARIS 1216 .
BARIS 41 #
KOLOM 494 .
KOLOM 234 #
BARIS 869 .
BARIS 1120 #
KOLOM 115 .
KOLOM 624 #
BARIS 14 .
BARIS 223 #
KOLOM 322 .
KOLOM 110 #
BARIS 286 .
BARIS 520 #
KOLOM 1081 .
KOLOM 823 #
BARIS 1209 .
BARIS 692 #
KOLOM 850 .
KOLOM 657 #
BARIS 573 .
BARIS 1003 #
KOLOM 377 .
KOLOM 914 #
BARIS 268 .
BARIS 656 #
KOLOM 647 .
KOLOM 255 #
BARIS 911 .
BARIS 115 #
KOLOM 522 .
KOLOM 91 #
BARIS 904 .
BARIS 1188 #
KOLOM 775 .
KOLOM 517 #
BARIS 946 .
BARIS 167 #
KOLOM 916 .
KOLOM 928 #
BARIS 945 .
BARIS 129 #
KOLOM 877 .
KOLOM 693 #
BARIS 1022 .
BARIS 88 #
KOLOM 77 .
KOLOM 1173 #
BARIS 369 .
BARIS 106 #
KOLOM 571 .
KOLOM 844 #
BARIS 430 .
BARIS 178 #
KOLOM 263 .
KOLOM 986 #
BARIS 1019 .
BARIS 385 #
KOLOM 493 .
KOLOM 330 #
BARIS 505 .
BARIS 210 #
KOLOM 978 .
KOLOM 387 #
BARIS 982 .
BARIS 763 #
KOLOM 632 .
KOLOM 857 #
BARIS 492 .
BARIS 207 #
KOLOM 987 .
KOLOM 1049 #
BARIS 755 .
BARIS 725 #
KOLOM 658 .
KOLOM 873 #
BARIS 924 .
BARIS 138 #
KOLOM 762 .
KOLOM 23 #
BARIS 906 .
BARIS 1105 #
KOLOM 406 .
KOLOM 11 #
BARIS 882 .
BARIS 598 #
KOLOM 702 .
KOLOM 1147 #
BARIS 849 .
BARIS 779 #
KOLOM 1071 .
KOLOM 299 #
BARIS 483 .
BARIS 388 #
KOLOM 905 .
KOLOM 710 #
BARIS 889 .
BARIS 294 #
KOLOM 469 .
KOLOM 1062 #
BARIS 991 .
BARIS 857 #
KOLOM 856 .
KOLOM 864 #
BARIS 262 .
BARIS 744 #
KOLOM 1202 .
KOLOM 1219 #
BARIS 13 .
BARIS 219 #
KOLOM 706 .
KOLOM 262 #
BARIS 896 .
BARIS 347 #
KOLOM 369 .
KOLOM 807 #
BARIS 94 .
BARIS 944 #
KOLOM 1106 .
KOLOM 63 #
BARIS 1043 .
BARIS 402 #
KOLOM 588 .
KOLOM 521 #
BARIS 1231 .
BARIS 772 #
KOLOM 435 .
KOLOM 1073 #
BARIS 179 .
BARIS 578 #
KOLOM 274 .
KOLOM 343 #
BARIS 313 .
BARIS 624 #
KOLOM 1157 .
KOLOM 763 #
BARIS 773 .
BARIS 382 #
KOLOM 337 .
KOLOM 1197 #
BARIS 808 .
BARIS 222 #
KOLOM 607 .
KOLOM 194 #
BARIS 542 .
BARIS 859 #
KOLOM 273 .
KOLOM 119 #
BARIS 584 .
BARIS 102 #
KOLOM 223 .
KOLOM 1205 #
BARIS 1202 .
BARIS 953 #
KOLOM 1036 .
KOLOM 305 #
BARIS 1029 .
BARIS 955 #
KOLOM 269 .
KOLOM 701 #
BARIS 121 .
BARIS 131 #
KOLOM 502 .
KOLOM 1005 #
BARIS 550 .
BARIS 662 #
KOLOM 842 .
KOLOM 66 #
BARIS 832 .
BARIS 1137 #
KOLOM 117 .
KOLOM 993 #
BARIS 878 .
BARIS 545 #
KOLOM 893 .
KOLOM 651 #
BARIS 949 .
BARIS 498 #
KOLOM 848 .
KOLOM 480 #
BARIS 710 .
BARIS 1233 #
KOLOM 292 .
KOLOM 578 #
BARIS 1101 .
BARIS 800 #
KOLOM 367 .
KOLOM 140 #
BARIS 1220 .
BARIS 341 #
KOLOM 942 .
KOLOM 901 #
BARIS 199 .
BARIS 724 #
KOLOM 250 .
KOLOM 410 #
BARIS 1030 .
BARIS 970 #
KOLOM 777 .
KOLOM 243 #
BARIS 674 .
BARIS 445 #
KOLOM 680 .
KOLOM 604 #
BARIS 693 .
BARIS 513 #
KOLOM 882 .
KOLOM 350 #
BARIS 701 .
BARIS 258 #
KOLOM 111 .
KOLOM 1000 #
BARIS 226 .
BARIS 1203 #
KOLOM 1055 .
KOLOM 922 #
BARIS 757 .
BARIS 184 #
KOLOM 943 .
KOLOM 498 #
BARIS 609 .
BARIS 296 #
KOLOM 909 .
KOLOM 985 #
BARIS 1149 .
BARIS 297 #
KOLOM 883 .
KOLOM 728 #
BARIS 79 .
BARIS 99 #
KOLOM 690 .
KOLOM 1079 #
BARIS 27 .
BARIS 1131 #
KOLOM 760 .
KOLOM 603 #
BARIS 100 .
BARIS 455 #
KOLOM 213 .
KOLOM 1146 #
BARIS 649 .
BARIS 56 #
KOLOM 881 .
KOLOM 518 #
BARIS 373 .
BARIS 332 #
KOLOM 107 .
KOLOM 1089 #
BARIS 501 .
BARIS 528 #
KOLOM 1159 .
KOLOM 1128 #
BARIS 510 .
BARIS 272 #
KOLOM 948 .
KOLOM 1114 #
BARIS 543 .
BARIS 684 #
KOLOM 22 .
KOLOM 490 #
BARIS 740 .
BARIS 324 #
KOLOM 143 .
KOLOM 800 #
BARIS 638 .
BARIS 615 #
KOLOM 1016 .
KOLOM 998 #
BARIS 1016 .
BARIS 990 #
KOLOM 801 .
KOLOM 260 #
BARIS 969 .
BARIS 499 #
KOLOM 1227 .
KOLOM 912 #
BARIS 187 .
BARIS 564 #
KOLOM 1088 .
KOLOM 560 #
BARIS 120 .
BARIS 850 #
KOLOM 962 .
KOLOM 1184 #
BARIS 686 .
BARIS 1200 #
KOLOM 575 .
KOLOM 347 #
BARIS 234 .
BARIS 410 #
KOLOM 872 .
KOLOM 791 #
BARIS 1204 .
BARIS 275 #
KOLOM 629 .
KOLOM 1072 #
BARIS 1018 .
BARIS 1028 #
KOLOM 675 .
KOLOM 582 #
BARIS 791 .
BARIS 536 #
KOLOM 290 .
KOLOM 448 #
BARIS 541 .
BARIS 769 #
KOLOM 459 .
KOLOM 810 #
BARIS 794 .
BARIS 831 #
KOLOM 132 .
KOLOM 35 #
BARIS 1093 .
BARIS 705 #
KOLOM 865 .
KOLOM 1196 #
BARIS 25 .
BARIS 621 #
KOLOM 1192 .
KOLOM 968 #
BARIS 338 .
BARIS 1199 #
KOLOM 595 .
KOLOM 718 #
BARIS 836 .
BARIS 389 #
KOLOM 191 .
KOLOM 1101 #
BARIS 53 .
BARIS 1020 #
KOLOM 254 .
KOLOM 1083 #
BARIS 329 .
BARIS 599 #
KOLOM 749 .
KOLOM 400 #
BARIS 40 .
BARIS 829 #
KOLOM 1232 .
KOLOM 122 #
BARIS 1150 .
BARIS 759 #
KOLOM 1169 .
KOLOM 861 #
BARIS 325 .
BARIS 196 #
KOLOM 333 .
KOLOM 1142 #
BARIS 526 .
BARIS 34 #
KOLOM 1077 .
KOLOM 841 #
BARIS 1110 .
BARIS 1017 #
KOLOM 56 .
KOLOM 654 #
BARIS 344 .
BARIS 855 #
KOLOM 646 .
KOLOM 757 #
BARIS 231 .
BARIS 561 #
KOLOM 486 .
KOLOM 302 #
BARIS 690 .
BARIS 675 #
KOLOM 1162 .
KOLOM 722 #
BARIS 1222 .
BARIS 90 #
KOLOM 764 .
KOLOM 812 #
BARIS 416 .
BARIS 189 #
KOLOM 230 .
KOLOM 811 #
BARIS 1076 .
BARIS 775 #
KOLOM 227 .
KOLOM 167 #
BARIS 1170 .
BARIS 387 #
KOLOM 34 .
KOLOM 301 #
BARIS 983 .
BARIS 1071 #
KOLOM 146 .
KOLOM 1136 #
BARIS 271 .
BARIS 83 #
KOLOM 60 .
KOLOM 1011 #
BARIS 617 .
BARIS 1031 #
KOLOM 880 .
KOLOM 572 #
BARIS 824 .
BARIS 1192 #
KOLOM 1233 .
KOLOM 59 #
BARIS 370 .
BARIS 270 #
KOLOM 1129 .
KOLOM 587 #
BARIS 113 .
BARIS 901 #
KOLOM 488 .
KOLOM 97 #
BARIS 242 .
BARIS 913 #
KOLOM 424 .
KOLOM 422 #
BARIS 837 .
BARIS 209 #
KOLOM 551 .
KOLOM 543 #
BARIS 600 .
BARIS 355 #
KOLOM 774 .
KOLOM 437 #
BARIS 1021 .
BARIS 696 #
KOLOM 130 .
KOLOM 395 #
BARIS 155 .
BARIS 856 #
KOLOM 766 .
KOLOM 1220 #
BARIS 756 .
BARIS 323 #
KOLOM 181 .
KOLOM 1015 #
BARIS 717 .
BARIS 412 #
KOLOM 596 .
KOLOM 954 #
BARIS 353 .
BARIS 814 #
KOLOM 995 .
KOLOM 214 #
BARIS 444 .
BARIS 427 #
KOLOM 707 .
KOLOM 536 #
BARIS 1090 .
BARIS 274 #
KOLOM 26 .
KOLOM 44 #
BARIS 29 .
BARIS 548 #
KOLOM 1113 .
KOLOM 219 #
BARIS 921 .
BARIS 228 #
KOLOM 1145 .
KOLOM 649 #
BARIS 722 .
BARIS 1083 #
KOLOM 852 .
KOLOM 1 #
BARIS 1036 .
BARIS 977 #
KOLOM 159 .
KOLOM 1180 #
BARIS 754 .
BARIS 1201 #
KOLOM 370 .
KOLOM 1059 #
BARIS 858 .
BARIS 736 #
KOLOM 717 .
KOLOM 1158 #
BARIS 1214 .
BARIS 1044 #
KOLOM 127 .
KOLOM 952 #
BARIS 441 .
BARIS 421 #
KOLOM 328 .
KOLOM 342 #
BARIS 698 .
BARIS 1081 #
KOLOM 586 .
KOLOM 427 #
BARIS 575 .
BARIS 704 #
KOLOM 332 .
KOLOM 1189 #
BARIS 727 .
BARIS 118 #
KOLOM 1215 .
KOLOM 444 #
BARIS 116 .
BARIS 180 #
KOLOM 484 .
KOLOM 906 #
BARIS 152 .
BARIS 337 #
KOLOM 860 .
KOLOM 327 #
BARIS 169 .
BARIS 76 #
KOLOM 278 .
KOLOM 105 #
BARIS 631 .
BARIS 318 #
KOLOM 631 .
KOLOM 671 #
BARIS 264 .
BARIS 364 #
KOLOM 605 .
KOLOM 996 #
BARIS 547 .
BARIS 718 #
KOLOM 1144 .
KOLOM 713 #
BARIS 484 .
BARIS 482 #
KOLOM 157 .
KOLOM 291 #
BARIS 415 .
BARIS 898 #
KOLOM 665 .
KOLOM 210 #
BARIS 241 .
BARIS 743 #
KOLOM 54 .
KOLOM 90 #
BARIS 265 .
BARIS 284 #
KOLOM 779 .
KOLOM 704 #
BARIS 596 .
BARIS 352 #
KOLOM 375 .
KOLOM 1018 #
BARIS 1002 .
BARIS 1079 #
KOLOM 843 .
KOLOM 499 #
BARIS 1198 .
BARIS 659 #
KOLOM 1152 .
KOLOM 814 #
BARIS 707 .
BARIS 459 #
KOLOM 86 .
KOLOM 125 #
BARIS 610 .
BARIS 82 #
KOLOM 806 .
KOLOM 414 #
BARIS 11 .
BARIS 1026 #
KOLOM 231 .
KOLOM 940 #
BARIS 1054 .
BARIS 15 #
KOLOM 29 .
KOLOM 195 #
BARIS 845 .
BARIS 866 #
KOLOM 585 .
KOLOM 911 #
BARIS 78 .
BARIS 635 #
KOLOM 1070 .
KOLOM 483 #
BARIS 217 .
BARIS 246 #
KOLOM 698 .
KOLOM 507 #
BARIS 354 .
BARIS 826 #
KOLOM 674 .
KOLOM 871 #
BARIS 781 .
BARIS 708 #
KOLOM 229 .
KOLOM 80 #
BARIS 784 .
BARIS 77 #
KOLOM 839 .
KOLOM 705 #
BARIS 1154 .
BARIS 556 #
KOLOM 25 .
KOLOM 867 #
BARIS 372 .
BARIS 530 #
KOLOM 100 .
KOLOM 18 #
BARIS 936 .
BARIS 235 #
KOLOM 45 .
KOLOM 402 #
BARIS 1039 .
BARIS 1115 #
KOLOM 108 .
KOLOM 379 #
BARIS 948 .
BARIS 645 #
KOLOM 547 .
KOLOM 12 #
BARIS 593 .
BARIS 1123 #
KOLOM 851 .
KOLOM 373 #
BARIS 342 .
BARIS 1163 #
KOLOM 945 .
KOLOM 8 #
BARIS 1087 .
BARIS 1004 #
KOLOM 886 .
KOLOM 300 #
BARIS 962 .
BARIS 1119 #
KOLOM 1194 .
KOLOM 767 #
BARIS 676 .
BARIS 1097 #
KOLOM 205 .
KOLOM 1017 #
BARIS 864 .
BARIS 581 #
KOLOM 456 .
KOLOM 960 #
BARIS 817 .
BARIS 928 #
KOLOM 118 .
KOLOM 83 #
BARIS 1088 .
BARIS 852 #
KOLOM 681 .
KOLOM 979 #
BARIS 683 .
BARIS 601 #
KOLOM 36 .
KOLOM 226 #
BARIS 396 .
BARIS 1166 #
KOLOM 970 .
KOLOM 975 #
BARIS 761 .
BARIS 919 #
KOLOM 895 .
KOLOM 1098 #
BARIS 688 .
BARIS 1113 #
KOLOM 992 .
KOLOM 247 #
BARIS 68 .
BARIS 319 #
KOLOM 171 .
KOLOM 1094 #
BARIS 98 .
BARIS 880 #
KOLOM 598 .
KOLOM 485 #
BARIS 750 .
BARIS 788 #
KOLOM 1224 .
KOLOM 137 #
BARIS 937 .
BARIS 623 #
KOLOM 9 .
KOLOM 875 #
BARIS 215 .
BARIS 680 #
KOLOM 133 .
KOLOM 889 #
BARIS 687 .
BARIS 818 #
KOLOM 1223 .
KOLOM 1171 #
BARIS 515 .
BARIS 608 #
KOLOM 576 .
KOLOM 1206 #
BARIS 1121 .
BARIS 1175 #
KOLOM 67 .
KOLOM 937 #
BARIS 947 .
BARIS 653 #
KOLOM 695 .
KOLOM 304 #
BARIS 211 .
BARIS 305 #
KOLOM 1172 .
KOLOM 584 #
BARIS 843 .
BARIS 1084 #
KOLOM 1183 .
KOLOM 112 #
BARIS 986 .
BARIS 5 #
KOLOM 697 .
KOLOM 68 #
BARIS 465 .
BARIS 367 #
KOLOM 678 .
KOLOM 360 #
BARIS 912 .
BARIS 259 #
KOLOM 921 .
KOLOM 946 #
BARIS 1125 .
BARIS 915 #
KOLOM 1002 .
KOLOM 432 #
BARIS 197 .
BARIS 930 #
KOLOM 1176 .
KOLOM 1151 #
BARIS 239 .
BARIS 1055 #
KOLOM 109 .
KOLOM 863 #
BARIS 391 .
BARIS 1099 #
KOLOM 200 .
KOLOM 685 #
BARIS 73 .
BARIS 1189 #
KOLOM 1028 .
KOLOM 453 #
BARIS 971 .
BARIS 799 #
KOLOM 1103 .
KOLOM 1226 #
BARIS 104 .
BARIS 954 #
KOLOM 315 .
KOLOM 868 #
BARIS 902 .
BARIS 250 #
KOLOM 1112 .
KOLOM 967 #
BARIS 495 .
BARIS 336 #
KOLOM 467 .
KOLOM 925 #
BARIS 768 .
BARIS 1144 #
KOLOM 508 .
KOLOM 69 #
BARIS 157 .
BARIS 164 #
KOLOM 692 .
KOLOM 1190 #
BARIS 618 .
BARIS 888 #
KOLOM 1031 .
KOLOM 489 #
BARIS 651 .
BARIS 276 #
KOLOM 176 .
KOLOM 622 #
BARIS 464 .
BARIS 1112 #
KOLOM 696 .
KOLOM 1008 #
BARIS 192 .
BARIS 1178 #
KOLOM 918 .
KOLOM 639 #
BARIS 366 .
BARIS 1103 #
KOLOM 1166 .
KOLOM 1212 #
BARIS 619 .
BARIS 872 #
KOLOM 564 .
KOLOM 348 #
BARIS 24 .
BARIS 310 #
KOLOM 289 .
KOLOM 778 #
BARIS 838 .
BARIS 301 #
KOLOM 933 .
KOLOM 1167 #
BARIS 1194 .
BARIS 74 #
KOLOM 225 .
KOLOM 1058 #
BARIS 620 .
BARIS 658 #
KOLOM 266 .
KOLOM 747 #
BARIS 782 .
BARIS 518 #
KOLOM 591 .
KOLOM 1182 #
BARIS 1066 .
BARIS 1060 #
KOLOM 765 .
KOLOM 477 #
BARIS 1033 .
BARIS 481 #
KOLOM 1125 .
KOLOM 251 #
BARIS 456 .
BARIS 1005 #
KOLOM 988 .
KOLOM 272 #
BARIS 8 .
BARIS 862 #
KOLOM 959 .
KOLOM 236 #
BARIS 281 .
BARIS 52 #
KOLOM 907 .
KOLOM 458 #
BARIS 216 .
BARIS 1185 #
KOLOM 904 .
KOLOM 220 #
BARIS 252 .
BARIS 490 #
KOLOM 144 .
KOLOM 512 #
BARIS 776 .
BARIS 1152 #
KOLOM 261 .
KOLOM 1039 #
BARIS 1075 .
BARIS 989 #
KOLOM 708 .
KOLOM 413 #
BARIS 552 .
BARIS 884 #
KOLOM 609 .
KOLOM 738 #
BARIS 420 .
