1 2 0 133
0 2 9884 10000
1 2 133 282
0 1 0 1
0 2 9818 9884
0 1 1 103
0 1 103 1075
0 2 9679 9818
0 2 9629 9679
1 2 282 313
0 1 1075 1181
0 1 1181 1215
0 1 1215 1822
0 1 1822 2046
0 2 9513 9629
0 1 2046 2251
0 2 9432 9513
1 2 313 492
0 2 9292 9432
0 1 2251 2328
1 2 492 583
0 1 2328 2366
0 1 2366 2395
0 1 2395 2634
0 2 8787 9292
0 2 8569 8787
1 2 583 808
1 2 808 999
0 2 8533 8569
0 2 8405 8533
0 1 2634 2638
0 1 2638 2672
1 2 999 1096
0 1 2672 2701
1 2 1096 1139
0 1 2701 2786
0 1 2786 2955
0 2 8361 8405
1 2 1139 1149
1 2 1149 1177
0 2 8268 8361
1 2 1177 1206
0 2 8155 8268
0 2 7965 8155
0 1 2955 2974
0 2 7920 7965
0 1 2974 3068
0 2 7753 7920
0 1 3068 3193
0 1 3193 3334
0 2 7611 7753
0 1 3334 3801
1 2 1206 1516
1 2 1516 2029
1 2 2029 2054
1 2 2054 2131
1 2 2131 2167
0 2 7529 7611
1 2 2167 2462
0 1 3801 4175
0 2 7435 7529
0 2 7384 7435
0 1 4175 4332
1 2 2462 2499
1 2 2499 2602
1 2 2602 3585
1 2 3585 3821
0 1 4332 4533
1 2 3821 4014
0 2 7329 7384
0 1 4533 5001
0 1 5001 5023
0 2 7263 7329
0 2 7230 7263
1 2 4014 4071
0 1 5023 5076
1 2 4071 4196
0 2 7205 7230
1 2 4196 4305
0 2 6999 7205
0 1 5076 5265
0 1 5265 5580
1 2 4305 4768
0 1 5580 5618
0 1 5618 5803
1 2 4768 5323
0 2 6892 6999
1 2 5323 5702
0 1 5803 5848
0 2 6582 6892
0 2 6461 6582
0 1 5848 5941
1 2 5702 5711
1 2 5711 5924
0 2 6265 6461
0 2 6234 6265
0 1 5941 6234
1 2 5924 6009
1 2 6009 6051
1 2 6051 6234
