4680 4681 229382 229383
4680 4681 229380 229382
4680 4681 229376 229380
4672 4680 229382 229383
4672 4680 229380 229382
4672 4680 229376 229380
4608 4672 229382 229383
4608 4672 229380 229382
4608 4672 229376 229380
4096 4608 229382 229383
4096 4608 229380 229382
4096 4608 229376 229380
0 4096 229382 229383
0 4096 229380 229382
0 4096 229376 229380
4680 4681 196608 229376
4680 4681 131072 196608
4680 4681 0 131072
4672 4680 196608 229376
4672 4680 131072 196608
4672 4680 0 131072
4608 4672 196608 229376
4608 4672 131072 196608
4608 4672 0 131072
4096 4608 196608 229376
4096 4608 131072 196608
4096 4608 0 131072
0 4096 196608 229376
0 4096 131072 196608
0 4096 0 131072
