3000
327631 849977 608209
947279 364972 804534
843866 926576 383726
594693 123023 249460
332894 633764 673297
715390 455192 364347
291019 384967 911217
541850 939401 739429
590195 729727 26015
718152 887150 24018
511300 857912 783118
359235 96339 946881
934444 23412 41469
242521 776214 832482
757991 473045 692166
925563 519617 195661
292334 436147 844415
744331 803610 65204
869766 818382 522285
815659 45052 155445
495674 192088 304168
845212 819972 678131
406662 441134 980459
285717 336620 929449
894025 955592 927433
516249 728470 445070
996929 273653 250401
155462 555564 632999
615131 949154 786610
834835 561578 403803
15234 100960 571689
564441 748633 526842
968252 550809 69195
670075 344708 989721
276860 307466 238173
237507 969313 359074
282774 999770 15203
869199 375046 136497
65993 936372 45834
88118 363247 864019
468328 635983 112073
172945 962774 348346
698933 616485 284751
791209 19589 994139
252397 715455 433245
184804 393701 282488
336831 59187 357804
213776 437173 801699
841251 578993 766791
593232 699737 340636
164682 593666 582000
44982 553163 996713
573656 464817 313062
451524 152965 749550
308827 349609 619323
278426 440376 94401
985307 224476 348245
781540 130414 611829
208661 513657 55406
940818 158374 362016
215974 211951 450365
772516 877543 661642
581620 313817 378350
9714 590856 778441
354683 982753 954378
337522 304504 988306
374418 995202 538950
480353 51408 306770
337323 560268 910421
284511 61064 551249
563169 761527 69806
370038 822418 591426
643958 804140 668646
504422 658885 439064
692045 771431 868395
779815 442555 876888
370227 768672 544613
301495 73143 896111
642010 939682 222341
412147 982188 72689
165893 49803 762737
861955 360201 252948
297033 126756 869094
480134 50133 849457
943533 347183 617515
81837 934028 471183
142542 64482 172996
786567 239930 433682
275746 358129 522387
333425 814584 223513
626964 327128 181111
945375 746730 810124
782178 369121 524953
258997 28346 665781
998541 303264 291553
701740 832534 114585
346381 962094 633754
646099 741030 487661
784297 493251 768840
526093 353293 821004
264372 509765 261071
105800 987615 607418
984582 645906 174678
695811 760244 462702
863159 742073 86123
820995 360188 631869
21431 233956 696433
859961 872955 538039
103343 182750 486953
690336 99150 942944
942599 463875 663423
231210 200338 153259
335531 768768 272985
917452 452916 917985
105646 688293 68299
566411 142799 671149
729385 424820 960736
129014 801295 732489
247294 419272 886105
542869 88583 79910
449328 259874 586347
459811 301396 404711
190320 368534 282248
188308 944786 615215
539566 805589 688018
43055 555203 261574
915484 629162 434015
441083 738721 236420
606160 935956 406255
957680 246299 320129
631687 306072 104261
775247 511809 696463
31202 839125 331973
737086 172404 368749
805885 248184 574208
636168 312997 651634
780752 926748 95541
156218 623469 922264
807230 747591 334425
930236 819419 333118
806793 507152 830100
60159 474425 356421
816142 85274 271484
191098 969358 199116
396414 767367 231422
803045 98059 118997
241814 80678 18752
988000 141629 743356
984172 668136 243805
551830 42547 541196
73012 742345 618429
741512 846270 91509
306513 19130 87205
421747 939493 92133
555283 653756 520703
678760 271998 671286
897154 870904 409618
637640 125053 893955
64532 48689 292165
177824 308936 92459
721518 105923 13334
515410 535840 554043
800138 41372 810548
56979 153712 33820
25101 124057 221791
743597 868768 733539
927849 603703 74450
318139 886729 943687
63355 579362 667841
852744 145728 512571
310763 672565 941495
370288 852038 569843
971525 328111 142702
415019 490974 296275
744534 50312 53586
469910 659694 317143
232808 681178 965649
102035 38945 340986
815761 41452 373929
460149 288521 47084
203968 716305 388748
472300 653324 49721
437940 31459 831822
986233 427351 731226
719459 939341 933214
633828 151511 392588
305032 725393 67563
744044 175458 125256
811107 822311 279191
641587 158115 407100
573523 919762 688501
703674 971938 395400
896092 232978 534022
49941 62449 303552
868426 332520 300949
811501 286707 302840
400675 844270 296547
810679 282489 933654
843513 727758 777294
314323 590957 202336
469932 963679 582619
270105 234072 550738
943409 555933 325110
110655 233354 557902
903589 43307 619252
481902 403995 356701
499105 817382 459374
868046 521975 417969
273208 327692 31446
364014 659066 925426
26261 801889 175003
129206 280109 772233
725857 624452 854957
430236 478186 217999
796887 439909 851296
674477 181977 302707
402411 476708 665939
969078 366982 222793
271765 375311 378761
567554 536759 472373
305632 587057 956992
979979 846554 657824
414025 229281 538789
428003 278419 821351
960218 670752 603709
96942 112679 525813
22274 384904 989688
520360 951553 875475
982550 385491 486579
617548 741755 961968
503700 84930 319072
508727 582235 145623
317839 527225 576499
253716 923962 986887
908352 785317 171474
372812 642293 649022
138899 972013 264027
493870 597163 306154
987615 361441 244629
18454 472489 90106
613019 460282 518409
260775 778502 704783
363071 176738 465100
644443 986671 65491
527836 146941 17103
7751 212163 25293
454717 122880 905465
91863 367066 209218
59009 598753 455919
879069 270429 233216
208814 562771 397276
184003 517946 220835
755433 521 723080
89444 349927 304449
426584 884767 682355
793473 970359 714227
236549 623599 80467
22484 738726 647046
694354 369853 639724
745460 833642 362390
746926 39535 904246
106910 852266 418953
470742 410653 491817
364407 317664 708764
124469 55213 447315
880178 986936 460820
984615 463096 382349
779907 588781 983280
349657 775958 110932
250709 933693 326940
32899 260878 196006
645536 963275 299696
925593 938494 407
610140 514980 213507
961483 120297 933399
777178 80060 789456
120564 461567 114088
648979 660054 247532
598069 374595 941826
846619 960454 36027
601511 589598 101568
89233 775163 915177
718185 688756 309245
275378 514724 545798
940102 118051 9240
377564 43830 590338
851174 262035 191622
784031 310556 956679
14430 184137 701342
758825 153713 387653
528871 914354 709557
238791 389956 724414
452444 991045 96024
351206 252179 474825
902435 313766 621864
250728 74059 920769
812207 251955 306858
832668 820969 308855
549377 502175 231215
415157 512061 65043
298722 902782 246830
997330 980578 320291
73969 254908 904647
64335 666378 465542
880934 106707 501957
618522 798074 8798
183514 284466 156348
894366 725951 390919
247302 717009 987374
167127 403742 536856
936597 965928 692001
920069 458539 405177
613121 887747 515914
478640 524773 804173
595989 968217 825841
685583 221245 692036
378177 762967 931742
427812 356021 564822
831395 376664 423248
768449 156307 404028
626756 1120 379466
807127 96131 250546
196751 181103 252675
688272 429525 512145
376423 64056 337705
210039 695729 920912
770827 472699 198858
819566 37058 498718
445325 519598 417317
326840 923994 298162
209170 637098 388063
357169 692397 609856
459094 122458 327949
934925 768152 149353
975333 504192 302525
541234 612910 823410
534763 482243 613737
813155 86684 354042
2712 236844 940604
317449 129557 759965
344815 749649 263675
428141 732730 506748
562208 13879 260728
873160 321482 546481
575917 644029 316347
812452 832019 470318
201209 781132 800424
439726 367409 492545
873146 615975 139924
719019 792264 796783
530377 42314 222604
407093 511697 737244
371949 92240 847948
503884 546996 575849
90170 903691 423260
820092 391415 605050
296990 110169 395523
204536 503424 299241
742178 632203 194835
312129 677745 657655
597756 168464 856580
575188 103280 458251
650870 870397 542789
106691 932223 736678
222965 878065 511087
163336 62701 869406
441876 346967 661445
790939 663108 900753
794351 394325 308792
804774 735573 672659
475556 603616 723210
755628 440473 229183
852728 552169 614255
570725 889940 42142
915902 8551 711704
334696 192163 952693
921485 321421 310515
163019 347538 751923
477188 176463 345126
179310 506755 322175
156197 715550 318425
103008 681987 319398
691444 104580 860749
757204 642539 925791
836663 652580 49399
464728 941365 783222
822594 4748 543768
99716 308857 396188
384074 950623 574544
893401 755763 617942
729778 769417 73144
529348 310953 593102
471432 364388 152376
191231 793865 796796
448005 321260 915460
460317 22569 256228
179032 583760 837936
438521 585881 559180
765030 951114 450860
291443 609397 310680
693240 240430 845700
328701 454575 478758
683530 244325 414565
485727 200521 841445
168423 936085 288620
872092 414378 418296
596005 168735 146809
61821 617969 541786
992538 987013 883229
543855 889031 252889
701791 321097 548421
945965 387945 825948
997987 41999 910949
294283 82294 535721
586412 375881 839478
740688 253503 560197
22287 84599 861847
810470 976138 178534
471502 501522 500209
569522 999431 158169
171627 101739 418104
503217 604884 112579
501507 559303 441644
950986 289259 596647
64902 836150 609799
193 267990 192771
463066 301963 213734
570651 457811 211788
525059 144395 67103
670734 152454 644626
155014 193271 119828
821483 748724 936647
661471 439690 100659
916979 209715 978009
781446 212833 297448
954562 595769 242097
200930 996287 915629
594254 226987 791538
465208 738691 204013
219570 515005 279765
982185 804547 239488
631705 877576 42127
743632 461380 159022
184693 314137 726573
186795 649272 817403
982365 255252 308266
377758 727077 850596
35764 87632 309550
310007 603821 249209
850082 556183 158052
76562 545701 345170
279313 485789 470108
820883 624164 162758
389974 92552 956866
923488 459236 6758
32546 998008 420266
395509 928030 560301
292293 215984 253931
42623 143225 991702
25944 430095 841720
255885 830770 728192
366981 54560 50859
691681 856794 282078
41490 463491 997160
366538 890677 718451
977 604160 44655
954696 963189 554278
379114 513398 168200
868514 29936 525432
880169 712806 592258
413251 974864 400799
244581 36540 213603
924321 920261 567643
265016 729193 849082
328424 546488 679002
188548 668742 722571
499403 705070 719816
455524 529737 406899
438109 837176 979789
312740 599685 821356
867886 614324 47104
530290 140236 207020
256068 683321 473320
543467 54092 442662
263912 459427 820811
649786 648641 387974
265629 288057 574887
123445 337282 565446
810246 14275 869971
762350 328674 940097
174342 99672 570306
51404 635257 656842
603816 113539 489324
892057 836584 459559
66049 783198 345700
346504 985751 826160
690312 633616 820088
62198 67174 363665
770672 548217 529896
957858 662745 221258
236895 305798 323200
744849 800528 668699
282798 51565 171076
983515 902302 591434
555024 685632 147759
283243 25970 298740
360269 164767 127936
195379 167231 872611
615426 656251 407350
696071 252823 953982
150854 785983 900560
978900 820884 69446
867835 372131 752492
546310 965372 270814
175253 862413 868929
902208 756962 292554
621275 439479 35246
618477 27389 916791
590868 362128 481566
562511 585570 443619
548529 652370 421185
626894 92423 18399
973467 97778 751657
171806 925867 921545
104192 555955 85572
801585 282587 9881
820088 670312 567001
735176 803831 927474
119842 431457 298647
82677 199955 710389
861001 828553 201937
75640 628629 446452
394603 977701 830876
380947 604578 146418
830790 254570 343409
999018 829451 226191
721470 12418 287840
666215 617865 752037
570416 194959 90333
340500 914515 703090
261128 761953 162882
674716 424357 583509
933296 503111 864122
339156 263817 306844
476052 401379 858497
809182 626476 803107
584844 271047 874999
254630 617986 805114
767155 17804 520585
729618 160591 167032
643390 420978 136286
479403 195338 672243
830571 132894 870879
326608 627559 828557
17697 881788 702627
137967 730533 622577
199061 890499 818705
567101 522700 942143
620768 780166 487157
659190 993007 737272
476458 248138 1605
705982 443162 103731
490536 638664 775919
456778 4492 784543
299410 530575 795931
845179 417891 244142
330202 164052 934654
124408 530229 377877
797330 529936 873538
85845 354779 744748
370140 205109 890655
58608 531687 981528
46654 424133 381615
15634 751496 949044
546507 568779 100042
639706 282814 899307
992593 747308 954550
621899 147561 10421
894241 706048 637926
659224 771953 695169
831439 499957 487370
284005 457490 698100
437617 77842 249776
860246 588286 399939
453394 198807 445624
613488 800837 926177
238174 207099 91758
246055 805096 666642
196194 563155 499734
678103 18245 103039
196456 523707 848842
196216 710752 661277
106843 531572 489698
547552 569281 822173
813557 867250 461997
832837 7192 816693
299423 18000 311635
583912 173194 86911
791319 516959 328447
86106 159131 518246
682072 820911 515184
609052 327128 425351
259493 969354 855164
484059 965318 929992
738682 266551 375308
662458 136457 808904
86147 207271 828849
729529 675839 295232
918549 761809 775612
769797 914190 671309
36128 376606 645060
858806 231192 595889
387875 681747 108405
312421 373145 655700
186623 148432 668721
811150 666826 917773
53761 137455 674952
656764 318747 84226
529273 4217 16458
830861 722408 271939
625449 761682 508836
714223 980994 275939
823058 766548 690145
386920 870171 652744
618319 354589 815348
784534 35012 413975
437038 412178 18453
471741 200766 364278
463603 376252 650884
641867 838623 997104
379431 155993 62425
645947 609865 217048
364551 801404 16806
307946 198293 139085
686852 536947 58471
404353 178660 547446
255813 301854 543089
101809 277583 970384
883514 25528 834218
925559 682958 605831
39260 684895 289618
495283 177035 52592
739481 516619 822268
747368 918414 82536
280498 16334 455369
805646 647939 451740
697667 931824 693235
384332 78466 309253
521513 889032 647406
719004 653171 933859
13088 870066 508460
126600 199813 181349
686513 804289 113020
341201 645465 755250
866469 885055 120172
137809 290707 533471
360240 30004 100962
148280 511778 458908
640908 444230 349388
140095 360060 485598
518462 233591 101704
979482 594064 801715
279300 859300 674267
449100 291289 110293
290063 134738 940941
433972 992039 401634
691620 169098 441491
453494 13882 602115
773755 148180 830129
30928 364085 387917
162597 601274 750013
676459 779377 782208
114380 260360 458801
475734 113485 230751
445142 168621 502956
829437 902317 505365
796994 17912 135478
259475 183147 450180
778728 886087 310998
741815 638962 953946
32273 586605 84667
955426 95749 56183
391343 97880 624956
836434 223953 125261
886714 980790 768102
373688 412203 966967
436982 440948 233310
550488 762355 93857
4322 468289 825805
315401 775429 298389
959122 499640 525600
387734 311646 745645
504020 168569 646434
489279 764644 487723
933934 224121 645283
344555 56095 954617
838040 478572 59853
379861 19208 454104
499797 812132 782860
780381 428941 368018
206133 206555 797981
400586 967028 63164
180503 457738 794393
575869 920756 435009
493814 862061 158964
642971 53686 191951
177002 361755 826669
835719 537541 26191
348221 752197 529583
310465 999710 81185
517749 364137 822307
5996 55951 458307
682030 873798 403969
720784 938829 774523
976165 233160 947714
692392 563658 941250
10450 990381 183790
997154 126616 97052
117992 90859 618264
406095 332227 568952
483366 609384 515967
780221 654631 368434
670670 173710 378899
220691 142072 4003
629272 457844 729683
951474 735956 422529
559875 378695 156950
558113 715852 656252
807035 887307 679545
69753 479347 657784
87430 531992 430647
902580 623582 64861
694260 155588 644654
751624 93191 189526
786894 151869 401206
616613 821285 950134
449396 846375 373782
89923 948943 388433
867985 158462 102242
974093 784978 352848
552382 291003 486656
936314 966468 846349
286806 561199 912806
632380 974947 590185
7441 936484 835114
233182 934513 686044
901170 288653 141244
612669 368588 117345
315241 759844 143124
778602 363445 326828
88615 883219 707614
187719 878999 161178
883369 486356 507437
328804 951509 292290
962887 536080 991059
842639 375478 587100
288499 227702 506495
812332 913326 837581
631272 888423 804045
128988 511602 348528
902173 375434 476352
363396 559913 302777
326277 16785 942588
826410 326077 976594
589691 350687 839791
949375 428449 821346
565559 103711 166389
61990 919428 779338
969721 948923 942475
720532 353417 499691
1073 89476 297980
349171 931314 991119
899976 963495 824299
992400 94920 973728
181769 921212 731417
111398 735971 950090
982199 819627 74256
208695 386207 431181
568216 386520 314043
171843 702459 969580
60501 862244 66819
921012 645779 204343
300450 499910 136752
892994 774667 162749
864823 213364 879912
881180 8298 636714
715495 988798 253598
853714 903605 968689
282113 652988 259676
499195 809967 31019
223107 575613 203504
61857 614834 583008
231188 661896 237705
899321 343928 356826
813103 211481 199212
682099 745914 994284
319180 134787 878061
940322 581984 804366
286989 136270 546277
101721 124584 958253
601283 781165 18704
424110 498096 633960
491254 704159 793925
984594 43118 981412
526912 825020 526969
586686 468241 521132
63452 831128 354394
610729 628853 72463
361264 394040 734845
683141 243040 74586
439253 29011 625319
348923 417132 402411
116578 588492 805150
859183 626175 283707
892627 602586 700695
9536 354402 109324
807534 122706 864778
946021 846781 716166
45997 447805 114898
299877 984447 923814
770796 395029 263636
611189 656935 27210
511864 369079 753657
915854 269709 966502
35485 766538 865334
651088 968176 606473
158301 371027 305100
39042 82259 400337
750989 585613 284575
123237 930269 176444
671192 839403 916151
401242 67540 927250
274706 547938 52728
514335 14916 250444
393303 242462 413367
595091 910264 360203
337211 124373 298562
980969 157340 595184
779997 257987 341788
326039 363734 231919
9861 34225 571070
311953 184675 843207
206000 35342 470913
125185 886169 315319
533559 844290 497720
396461 643785 236991
672533 115092 849307
270547 962751 238252
707699 860346 812355
978877 787597 886145
752907 592239 804268
344740 700828 27000
105904 694596 487292
858557 947114 918026
308189 424612 505328
4060 505442 552946
630356 516062 782549
893243 773861 153404
949071 598481 349655
2626 780562 736993
159231 815885 888365
31865 532983 9742
727927 179150 2711
219665 851092 645721
680952 697555 344323
867101 639679 267973
788129 785544 477983
202058 113958 795850
772733 763591 4668
126743 797586 223316
331593 453278 766512
92146 936776 990771
627887 725674 552632
635738 616004 15778
917511 882475 838734
544221 102877 811304
59462 597707 858494
839901 682841 540939
809507 51816 4508
694724 323468 208219
40957 129838 782850
631104 135531 175764
989808 719068 450314
873744 536550 55303
225497 237622 174365
48092 541494 717076
286032 889508 403767
304054 931648 749397
162269 336539 45280
208474 310465 773198
780595 40021 914663
745194 657493 200636
727696 858325 16109
325669 359882 449780
558418 979729 283051
659047 539727 807672
109186 521914 254738
988477 277883 687872
865104 949389 506797
788572 702785 666805
65820 340497 94318
917953 499921 137560
340173 474566 58253
50092 189285 194600
882590 678436 502806
743998 243625 281180
284881 230798 456154
192158 476135 371034
257955 785629 526377
228944 452031 801537
168106 666271 237533
359707 480257 467883
720260 390898 661865
367324 72525 821054
525972 666858 724717
600310 743289 356165
794428 147682 44253
579352 584136 452427
815780 22745 785083
20149 150181 200844
11646 904105 448844
909273 466831 677915
278751 71132 500968
296363 536708 654459
397004 601072 753263
921554 609062 722129
992259 21925 939607
930156 651499 67240
813503 248569 488789
595343 252844 752149
240196 550433 25071
366169 930155 693220
894831 900887 497341
208428 526387 601190
974581 788105 198429
170423 17255 141353
648454 851500 159701
187062 841635 346529
9704 752669 269799
501073 699640 18565
269822 829386 46381
454266 804579 444516
422401 889779 3263
787195 942078 425723
547158 768035 136978
349561 83483 935703
861566 125252 60561
185534 78253 15950
994985 412534 816930
879389 933821 917152
613409 925619 70053
682696 539881 22646
958339 977204 773908
697570 186248 183579
859917 464371 428185
760629 230975 222051
700569 765288 155041
569617 735582 295291
706697 422570 52602
38589 658010 720119
719751 655065 707051
116955 359116 323344
648989 160419 205213
342654 552420 131300
574776 630164 4993
830545 9223 167252
870533 105753 905834
745106 419601 797205
42041 966410 155770
986905 25698 629943
922285 93393 333745
735560 539416 548496
955577 623683 505575
785657 984150 946969
754771 923495 15881
6009 379092 530538
992494 502156 959155
361869 876119 184111
746169 618762 212670
269617 518408 19680
139956 644783 641306
557556 575682 768930
284414 471370 15148
319100 742645 58417
320448 599786 985434
669734 851088 741650
95072 531487 697270
21506 782660 809543
146346 809693 60055
826059 64737 38318
127275 874854 526050
486181 132158 590634
343921 967271 915740
224162 865970 561666
605932 600499 820021
352558 157869 313479
482357 433449 573161
235557 25797 907588
743336 878396 528706
7761 581788 194909
707634 965491 686473
853765 341714 828218
43784 727740 691028
552181 50981 643205
230741 40964 991899
565947 61016 243673
955565 680510 423727
275187 244568 517297
589389 483455 821323
376127 52933 501344
397817 494262 261169
279907 748882 974649
496398 702200 154682
395459 30445 203260
595423 815380 488340
878876 73399 310043
197975 602845 91030
190319 438990 516971
749800 884003 956962
739338 494228 575511
687550 88508 123557
376032 638853 355312
251861 756278 923227
10625 494794 949634
141382 340618 394412
905979 419328 812429
984092 820826 897638
945996 392597 551610
66257 815800 936955
342369 568591 890782
681443 796059 856672
972198 631020 134267
175413 802798 383644
981755 267997 381821
254778 510797 545676
368641 842385 780585
249287 7959 742467
730958 922825 399050
494003 311962 709349
853787 962774 632285
622476 474596 341539
868408 607208 144823
746025 40133 106408
331721 69821 457121
28122 134206 438912
446415 618219 77721
828691 619622 420328
636820 57268 472839
425884 23210 6158
952577 778333 613647
843390 519790 717963
505204 316325 87807
80428 513271 621301
93457 183321 504780
22934 242762 864671
217830 855090 861717
520102 833681 354607
503262 181851 47707
60193 970897 417454
122603 53870 611872
426896 992454 335016
462664 682181 141191
380154 759654 634994
177286 867078 69584
811988 130025 601805
207199 278255 268532
401713 682608 371753
120379 981404 822095
708896 171070 129994
4285 454940 177922
598266 809753 188861
528519 65249 507387
312067 150743 928838
106418 688847 989
629803 248108 798071
866578 948319 931027
594712 931847 786513
646958 753156 197032
69126 832324 127199
440607 461162 192080
674462 837297 536291
822553 818305 812901
755324 997557 93070
786491 284774 70186
438674 471026 524744
429649 335784 662144
131200 335204 562692
30205 774600 150289
755179 68048 718235
79674 304011 507098
628741 759055 772018
304485 721362 444339
749057 314932 411241
997415 628095 8568
557769 483992 111688
710006 255980 302996
494974 5648 161187
992113 59322 452450
499894 955837 914398
52174 189785 946494
444798 546886 737219
228707 268708 821630
413275 40450 147573
757510 503724 57338
164059 882468 545352
799694 80930 310756
279704 832322 312367
541822 603432 403028
181979 754639 108363
565865 927648 882387
197663 671593 201803
651050 654698 287402
641127 637742 723991
416100 916767 728244
211049 848182 143669
108332 245413 210584
643465 121612 911196
779898 174892 681760
682550 897003 70551
577708 413968 910006
366382 686285 679757
596702 117147 718311
346772 857053 245643
170222 95594 982266
715092 408980 570528
649231 622791 842660
537516 833717 698464
90533 636700 222149
72298 676764 802108
540085 296900 271804
922061 136381 491234
892291 838922 505440
325652 162939 889913
104874 966314 500034
295548 426042 766532
616459 406933 105123
233490 190045 981573
576267 725148 573721
636182 898267 815775
636257 791425 251576
65211 444044 622563
802611 473430 774835
36169 692276 402452
327290 81272 802977
151761 659199 357150
91641 790012 451149
261434 180902 714166
883069 723849 642994
548250 287030 137006
905094 497214 541909
445298 479719 7739
701161 89895 758298
833230 646401 423148
393819 468582 960
547239 378451 694671
539603 799731 20788
76796 792275 443838
567739 729110 407352
323514 149078 865234
630606 532555 47383
911809 31826 453784
604085 757740 770693
145848 861322 484000
694768 49881 731857
649311 244659 880915
122848 311 477830
776197 154173 115773
347424 338115 297855
263737 528937 640417
675129 290406 9407
605891 482877 982321
654265 146394 792853
706692 815863 182187
966530 653947 370169
990132 363284 719207
384404 517208 67036
762128 330099 157187
864836 334691 512657
718737 351376 661845
782120 736478 115615
431749 558663 527663
670648 934810 362992
730662 119015 23239
567402 868619 749857
627921 66039 982331
153813 829465 316846
330671 552894 969429
290806 876626 237872
419595 21912 577505
259931 845383 192555
741823 487934 106985
370968 315562 527303
841562 729941 970048
64494 444581 266428
482509 604225 297630
383590 588591 131425
667240 731744 209458
925233 114959 776132
724599 93287 401815
768590 182538 701687
799494 798560 764199
78109 302935 861135
306484 38158 962114
809518 321581 294943
212960 915197 315714
277064 662815 464736
542607 186673 759415
242615 843098 625252
699191 458240 892745
885896 479179 912171
655133 614897 324509
53195 298503 916628
851960 521696 84284
884714 450219 142849
960085 404810 571242
901915 295716 298826
246313 398710 147190
747949 731535 881906
775794 852138 10266
410046 225527 761857
78809 266381 69105
893782 850200 13631
332350 916086 10937
647684 647131 786183
785613 285780 110780
539518 739395 82295
697620 413978 553617
779067 609327 78700
785185 631405 624584
274606 722193 985023
85100 352994 704646
858560 7735 90302
933435 206338 977275
742529 19723 202626
70635 354609 349750
366870 352875 124162
117109 436173 510824
246199 987297 553577
378030 964189 746489
931415 398315 166689
875310 219755 731025
675638 698573 812947
575134 297647 880860
817957 978370 828164
539284 884821 3100
843344 532956 307120
276229 565575 353897
915837 640466 540379
383123 236296 311744
705455 595724 286617
478521 397516 611483
867899 439346 549234
976355 224225 275638
743904 996947 947229
12620 626255 289394
822579 706677 891992
79069 811892 325049
875837 188993 133586
236002 392801 164172
611541 709347 382962
934300 838826 230183
224446 319952 166664
89470 217305 377883
382400 666984 450423
195259 347491 807045
799007 276122 379467
509041 844772 415492
805109 41666 601340
620199 407609 624906
340329 517275 581841
215965 252306 726171
621659 635509 610033
59204 308728 387091
432999 487240 412567
692154 160508 505105
917052 24459 411198
419209 879280 18399
144232 713279 888230
596692 793281 373531
57832 935177 739037
352877 399188 604068
455738 451543 755863
346644 150000 295254
558006 694523 790497
657614 625121 549250
793494 177447 536645
298532 298712 902191
447757 840399 556395
138334 422938 49858
390003 661146 577572
740458 409082 68769
823436 622153 643283
245818 369823 352389
31117 70748 583599
853556 645426 299791
724799 373958 926061
96733 603250 457990
262961 806001 461131
900525 135882 517083
513608 240725 68969
180739 752132 464724
719515 624988 253700
5522 564977 666618
248162 794508 458877
234502 111723 365929
754293 503932 904119
76876 560015 995774
7161 777593 893393
463200 335593 385210
794171 455617 213485
588237 807622 31400
446023 123985 90999
67598 660623 552575
189796 639471 472431
889464 63312 738884
796151 237813 560461
928115 653072 998091
888438 59001 6550
23513 424832 354060
21002 808524 367043
389102 164271 592542
604789 231666 371902
128812 455780 424002
983449 666609 643849
120149 90841 191364
278976 809310 417739
108528 808748 242215
191607 893987 23696
17278 952544 43321
914343 790400 171866
971319 81702 79125
876926 611391 357834
532231 540622 136946
866354 20973 556538
851350 86881 91664
822072 792581 274134
975547 563931 295492
554284 821256 703592
279987 707166 769857
209248 945884 636160
15491 901599 680045
515425 809722 972336
751551 29441 604092
595076 98844 807824
138397 269367 706995
602530 379291 292570
689951 456820 379550
174516 172950 607996
662831 235332 194171
97402 792802 37922
221119 426273 408248
353330 222875 704060
91667 725364 490822
1796 701072 683505
733648 12868 354861
908738 460633 511395
246363 909315 93090
781782 426425 926276
625474 800109 66364
266822 460445 275429
629463 677377 791275
19623 956224 481461
586395 242221 979026
926197 935383 616588
155424 119983 163780
983693 962769 154772
760554 383982 252587
562849 489641 16790
839463 648178 529535
346071 814265 447539
291684 351690 996736
564436 533837 517432
361610 231597 164820
553919 426357 339191
539574 57247 323513
621490 422741 786330
657653 364189 596078
651983 981744 175213
640704 609355 177257
664707 494679 877677
819896 447247 988688
7347 71536 2865
95306 409221 585872
113398 257760 337104
402941 567892 995332
704353 958351 824066
115625 73140 15080
839873 195738 925496
510613 263248 432499
105831 399040 667765
103763 486116 95001
690955 966088 610788
590870 970546 314765
148251 962601 352553
128979 801119 281450
91248 892775 435195
908122 29954 939946
294242 61380 405012
253785 598307 377224
676965 531907 742189
701097 468820 520546
495552 3689 530395
167565 100787 420226
82143 863892 669761
742260 317561 221704
903120 113290 804369
782745 28153 613914
967364 435824 422236
399150 12218 759429
600863 362254 730087
606614 186146 262016
907466 614969 731426
34984 322458 280550
943983 100035 384866
288699 574392 10476
359784 658578 57560
42226 37768 813931
62472 720066 593735
929656 446243 316651
907548 652481 276690
513599 654577 965831
554173 799058 922814
655676 718589 485921
360348 432950 603100
238821 25964 393555
54308 715212 192904
578243 279264 283624
3932 495117 289173
513855 77690 850650
557593 33710 971916
850120 857474 711586
563688 883579 292927
589617 47812 350224
793710 252350 217727
825082 143788 926410
545908 839206 889329
121096 472754 841186
732687 176853 5423
374301 971217 971592
545514 844821 315566
979037 827943 506544
730469 62632 665590
834191 257364 921572
921928 662792 403580
822605 448347 43156
795121 348608 230684
887090 814555 928060
37707 212051 6352
270770 517550 719331
751697 341066 572207
225295 572400 481196
967186 984621 641941
171453 541127 688701
169061 424902 327369
101567 198795 56295
195662 90966 504325
476995 816014 900796
514501 811355 51758
578542 345260 972252
768478 473065 40159
512825 316523 685786
985925 498349 857414
532088 303016 290689
724738 703072 346126
945213 74057 283954
319140 84575 808535
291391 116878 194314
491751 651873 159952
254897 22220 955346
449019 589148 812439
465760 685761 10582
828781 624473 59108
87495 92042 809523
549053 357772 477463
546388 317985 160848
420469 857290 418480
124232 175940 862536
202207 971803 698845
878942 368756 101958
60744 849178 628036
724356 340162 959851
675634 32078 176186
717569 959192 591146
107369 420920 856299
592852 345936 305865
106765 740369 343827
570293 123344 249566
680079 127740 343243
550214 926306 269129
925525 561572 596529
722712 295408 441886
187417 691966 481145
956770 888511 946037
307709 372077 443201
241485 846291 382981
703500 974647 289542
626148 199101 969874
36005 851748 114606
646088 465106 852258
642500 143561 15281
357442 743165 371866
162372 813447 816062
468206 532080 89834
905976 355502 69610
675984 932866 163265
347870 411801 182312
922347 142359 602848
62543 540917 79606
672680 84098 184831
839451 312686 87778
717438 600737 268131
56784 631265 921501
209460 760487 237796
380280 430758 854341
215788 720478 91894
790745 68506 764524
55580 30968 554926
568949 706156 210897
817425 753103 692791
332574 852565 111252
605403 534091 201422
941521 733518 157842
901898 516216 724927
127037 752304 604436
53747 703123 508498
718 180592 348718
132575 199359 767724
210171 376770 153371
70910 309433 386125
740678 440369 196988
631887 477303 655814
295269 381569 81664
147468 136062 298148
788257 776777 955702
427897 294985 638727
802459 798499 646773
931700 542432 530463
230312 784353 342285
43497 730675 408182
43962 481306 897855
455439 549197 491352
989435 531729 639023
916275 124121 218677
917482 493882 96457
582121 919093 542548
953061 872671 207922
629769 310108 87275
538303 176730 993648
389207 733686 789254
325047 833657 575097
814936 179472 95482
248179 933014 207650
574395 696730 832347
892847 324379 50056
597784 874168 714223
140351 548607 771511
100179 212662 192504
461801 975348 101715
271417 3963 884940
267574 553835 347930
633273 876462 142739
933349 704281 430538
48504 128311 227565
714113 761701 548318
65460 851019 694997
112010 94205 598504
339231 537439 387696
884047 876525 953266
121484 733397 325225
743389 814093 195761
994214 704975 528897
929647 50917 875305
115872 684410 587413
817589 285365 372330
560432 75910 234505
539315 372998 77654
296810 357574 244177
955903 445890 637620
432917 835630 139586
424323 523097 69411
196874 667478 591562
701960 533894 818713
563236 160105 458722
92389 422050 683314
278515 950018 843371
369325 886958 686388
387830 689417 284285
376254 285293 366758
832975 815214 896778
566389 574866 918221
584319 383083 394318
698343 493904 111013
272809 330234 909772
733045 800994 411650
34145 577028 583911
929009 283196 373914
61788 902858 924209
640080 791772 274857
441640 73287 397118
520362 97030 989024
674130 111976 798601
936496 264878 585932
510546 102625 992569
367174 186418 224687
659067 524356 427915
482969 915858 581407
319837 168106 894459
776186 194704 248258
233760 742012 654178
604427 103912 162507
428805 109642 69550
662028 275101 359355
21780 44344 453186
13041 351221 563328
214195 300927 273385
554648 7980 669915
325409 775912 971189
135908 931782 528090
832122 289229 207392
576653 474795 702851
595428 36948 217140
450774 604188 747127
244557 899192 358762
218222 422928 537817
842778 881633 779630
594828 309233 459516
338756 871629 537746
855950 648096 815726
216089 996379 665108
953450 730454 936245
325573 740115 601546
193361 747519 338569
804864 806091 197134
837841 217898 913908
235379 330357 67850
961314 781784 131682
424311 608717 981404
127471 911874 490706
818993 320979 621020
251181 824737 757395
555693 612394 995687
78631 318110 599281
949341 25975 247161
47573 636880 612906
710495 191389 369671
840162 301064 245202
271057 437310 798513
227011 3599 907867
521603 764702 588787
350957 529895 605286
341461 997669 80539
317398 140357 57793
460052 943007 590210
493632 980524 147362
673972 338138 666009
944548 865056 70656
657776 444239 55728
475639 473684 41619
826024 515298 154321
466092 823395 9631
942652 990304 766858
586912 311578 382161
1170 93554 919622
168229 665230 133710
32276 142337 598284
693455 359901 884935
185968 440566 159132
594945 995556 426262
318322 591730 492695
427881 896476 433331
412671 472572 915050
384729 991768 644682
107951 627375 944744
915084 547581 40910
375587 861205 182601
937820 517746 350342
653820 570212 562282
533135 84753 77104
220924 332211 301935
75065 388677 70612
158824 807542 112189
878959 289941 252467
655933 574664 198862
954079 124697 165966
376842 967232 343330
319 326506 465621
35179 341315 631510
395248 665978 319744
13229 26065 618916
187889 655709 815209
332843 134297 417350
644825 225322 194032
22560 874979 711081
946756 760915 737856
857174 207867 90537
735971 420803 111332
408814 238523 758336
281434 651000 715312
32793 825857 179873
164839 666928 835450
823270 447610 849216
466223 572741 149706
432937 232422 864155
682528 346739 515727
450025 962454 756395
628794 319659 760577
579181 525135 816406
762241 594064 336784
431104 480942 338303
440751 868204 390431
251742 993433 160244
275661 570015 824220
652799 393692 836185
647767 967434 78159
879560 8608 461765
99327 426810 54816
712149 465637 682773
518752 150475 803253
406194 321367 819461
230552 552203 164808
513335 382 194118
750360 643753 539214
533155 75162 169290
865683 493651 576454
331662 883759 732034
536300 644946 854080
166892 116666 386063
493559 411810 926626
914534 932776 428074
691599 464807 364597
641331 704293 302424
326065 401727 893707
215951 597215 928680
800185 973301 611888
840975 858873 318084
461351 340777 716442
959808 64267 25973
856058 256194 24513
168046 799326 681909
758083 728315 577053
42723 810851 816732
978886 512469 277435
245669 483370 383887
328283 575951 657234
957812 358939 937001
896068 791517 43154
618999 939136 610043
794485 79424 909726
338484 331807 141714
337417 500203 925820
7157 795186 532839
861689 164380 435030
833911 701949 317493
985736 474711 743397
743135 576299 163368
998771 132114 687312
246546 248668 198695
169957 992331 683565
230587 839133 894837
473473 261934 387656
555498 815958 347018
99176 713781 249619
865966 517212 812968
757694 289792 911478
780709 589370 561570
831217 789747 97076
47166 294069 752303
318762 381186 714158
818671 96752 423200
103803 561174 269064
593078 673638 863918
648627 56637 602342
205648 990537 873365
986492 427712 111196
664085 442425 540998
195340 85102 42841
859242 763179 318886
79228 454376 296126
416715 666545 646188
532409 743343 781431
439926 966166 425460
708190 852567 742307
894395 372236 995624
130681 349208 272246
896869 610815 344575
312138 766694 152487
409133 242379 58869
420832 659986 888993
975337 459575 497428
991892 194397 678497
83482 512973 656682
622137 784173 980236
716212 276262 514687
375595 608892 894372
498833 886155 670152
40265 818231 986223
348758 875026 932398
657576 556864 766942
493373 55264 465494
622085 791634 947174
758423 688626 965944
504049 656428 620941
750461 692715 254841
16596 379883 317667
257917 949188 642532
475288 748274 208362
372954 265812 732736
683709 720631 468625
984929 112616 404532
497581 922459 808831
766076 896734 925032
873672 10904 216288
661441 108298 304024
646362 297482 83058
163519 514925 534880
723168 924374 494838
291447 312159 611862
29383 858049 357434
649615 155204 813444
66813 781866 427582
689381 573068 749603
789690 493570 93006
43515 513871 162914
968747 560718 227967
771509 961079 914325
827071 931840 605068
212540 856737 287273
910312 501521 438924
746724 34070 942923
771317 819748 909778
201044 515779 204317
360798 990229 51821
282793 305370 839911
160220 106087 636190
818221 588536 328533
273918 359204 166395
94094 82575 553864
309613 981237 253907
673560 575104 956852
801014 775131 644528
381925 951772 575226
841104 861200 556673
815671 329573 911498
100102 667299 734294
750874 247570 97121
174467 627717 716053
629989 250525 949247
94641 6610 917143
150415 982618 474443
385560 613169 573598
18333 625092 812260
518671 773028 85593
782211 595646 817774
369014 837628 81505
730891 27300 710109
361501 474605 453891
91435 797234 415942
687323 179780 598568
848877 469903 65729
107404 342638 69083
500123 981470 717088
483437 779136 569410
76890 525449 427584
242919 393306 582933
316630 813835 259032
212546 236386 517612
398291 580963 860848
570618 266381 53472
376600 815380 889133
442399 668584 999050
101082 647073 11818
484509 527745 244896
78346 56002 869439
774645 268182 177423
909751 481108 13379
81039 962232 337357
313113 827888 328449
180772 776998 784378
687952 445171 801109
756530 132632 232497
439733 777804 737052
670254 167809 682780
249883 893747 637799
789325 513945 327589
982172 264344 261857
498520 895733 971596
323943 562171 959630
723490 496965 744197
696589 189176 73909
726452 975856 780471
307938 62199 261389
39811 968563 240480
383583 311085 637578
970529 745071 816376
997537 672349 607959
603554 207855 3311
780176 394589 574389
852553 180484 834614
81512 830041 331255
125399 699306 751506
911464 838128 774002
477704 951198 341594
268457 608297 705509
506361 988825 19158
62575 265759 109928
965329 51174 29462
325930 714080 963778
679742 622264 160716
84589 395003 580912
509385 957811 163531
408843 336335 997458
194226 212976 977106
298115 122584 183932
911739 185856 3423
224582 432217 34190
128177 718115 404301
402464 508285 922389
270103 827024 944507
233857 495261 607340
373346 767679 640784
218972 635453 531371
208676 158853 353805
172684 224905 86316
83291 475121 750355
290353 135268 188426
235543 711949 198452
341450 316178 708202
318124 570908 502172
812584 9964 128935
188910 400478 851535
128165 399647 415359
635777 803315 93384
432903 432704 954356
194357 871841 463558
497283 808856 170203
432028 364177 991875
222904 472304 882814
972935 773213 713478
895449 783981 790002
20745 183960 775
440331 555538 131323
529781 824469 678259
590463 52299 959019
928805 518868 606104
651626 871018 415982
73923 949292 886513
458000 619904 830811
690806 109536 997047
50171 520435 132956
258963 693244 645274
752323 41378 324828
529041 60607 293231
452035 172121 183490
392534 715503 96420
248270 378139 512067
21664 658503 776475
959457 900595 213280
233760 5583 653626
897079 429589 611392
387497 180365 703857
843209 878291 63474
399798 842940 8355
627610 816955 425144
930212 811812 303241
863528 535903 224880
773019 869557 955508
95268 135856 504112
886941 172596 793804
896421 417381 18597
676164 536955 640675
503369 606454 166372
863053 497534 630607
5675 700670 767819
185620 655170 979745
414564 839778 41614
4403 289577 881563
199416 775328 683748
798254 777932 254196
107884 505116 84392
79364 242241 685806
400699 852311 175995
963637 337024 388617
78687 559268 242146
905510 939163 158168
881425 58954 483178
55553 144694 184496
436158 71681 497827
226956 144398 633772
983880 408913 880736
758368 515232 89809
290242 623857 954826
431781 374030 154650
356456 887853 594975
557947 565606 39651
677536 533576 377174
938558 451068 745712
191790 135745 606572
1113 994278 14954
719329 978443 764353
46924 344090 584319
148098 916539 569864
727738 681772 778024
606775 553797 143435
583354 326767 484658
86298 646698 224588
260232 901458 938624
107742 697409 803214
474846 554932 354584
898963 620140 150079
690177 260705 375439
398091 282676 73771
622370 264498 716541
679278 497671 785475
266679 394713 472375
289060 464602 900759
884308 944791 180943
72214 686066 320605
792707 372752 241439
282993 788518 386529
188511 666386 690131
877110 474073 79778
386613 652581 315321
719081 439409 964
45485 112317 42556
546974 12586 424991
449480 144811 736054
133177 562034 5553
14702 12846 812178
343150 197594 127171
828637 290260 256653
61951 542939 438959
655554 949572 196994
360302 538985 596778
780072 498889 900137
434804 317266 142189
860913 28625 124683
330938 919316 624051
250994 602882 275378
571834 61025 492431
901340 925340 888542
826650 137070 249461
694770 905151 971434
548861 569265 16499
691962 751672 380886
899988 613275 25189
96112 929645 906942
321787 86849 693218
409617 960799 790764
7688 472698 68831
83735 785339 173562
105619 134714 218865
857594 396576 984694
650709 455572 248463
550153 444103 677752
325084 476140 356086
400101 95568 159816
685387 608380 792867
261373 640050 230397
938807 321591 306852
579293 565392 558659
117681 471414 594484
863697 65196 329847
118039 785119 565011
945509 866211 342535
727016 765452 15805
981362 110663 302471
581429 126884 101903
413513 180311 287741
505421 94590 417907
557179 951734 27679
853366 996909 404946
328534 502871 283129
980577 21256 302749
146537 291705 662848
750668 287571 850397
708625 47099 427560
921761 16658 507491
813242 40351 852693
622470 281024 734018
835595 637342 947776
311624 810930 930439
166822 437119 538517
282896 28049 444310
82053 998381 136892
214577 495659 669215
594155 139126 328395
931290 353806 45772
882620 957545 954061
710172 773091 648871
294435 70744 237477
731943 270278 975519
474404 199491 541881
730053 815942 568258
658711 55463 846252
423985 568710 800841
919406 232321 491062
649106 39250 546052
60609 178229 965828
79626 130103 897515
837826 989820 339691
381320 504349 274627
910133 91740 428063
844320 868667 205785
959090 396204 41794
989969 195462 257316
585641 317732 179330
932206 314758 908376
291413 666675 235084
722989 795110 669226
959481 333069 571778
822906 654292 572567
738613 760068 806730
168008 22035 82247
929065 385412 601958
35722 776847 774947
255996 96803 800202
311149 549750 620659
482916 92084 898086
724954 957798 45766
696313 10655 238477
698743 839945 179899
411310 705030 451436
219500 608418 789990
605806 634939 557350
534596 256490 821676
933611 60323 32494
702346 95240 623455
865661 133956 561961
427977 250942 24828
669491 518509 202887
126124 21143 707506
354227 307945 796211
962113 406100 978571
640966 112836 830267
353554 822021 980515
385638 710100 836452
408099 430379 453343
923197 601510 391312
194782 369376 852827
143355 525821 711783
304254 831983 790897
721706 263958 276902
189798 125870 434589
99305 422408 647585
199757 993346 742032
175533 685644 914946
846919 888625 997099
647716 861818 373537
305384 67600 798599
454965 823497 170983
297797 914608 303551
130761 793559 81010
538141 135465 851667
390087 792658 82292
849364 120076 235532
180071 864841 316523
712007 301504 809510
598573 327422 855302
982966 328748 815094
196826 423733 209959
966052 217038 615540
119883 898014 490820
379969 363549 11145
231998 500445 765725
209437 6759 432456
262355 194300 912631
571551 742772 713017
34300 343395 592191
542239 721261 274063
149330 227515 267106
20040 831360 687971
640859 34248 771055
549536 658860 27730
108633 603824 934248
358385 961982 686288
767402 944365 540386
45041 230905 404926
813754 38897 274749
445922 256155 268445
631966 997297 466020
675510 847702 128230
364838 33555 452426
160681 607392 621776
613728 245586 578324
536195 461468 216608
63894 609824 15375
553093 75367 275597
177218 812499 6087
32934 346834 357669
904252 617351 324681
271586 198272 115522
465700 802396 7661
552525 165779 131026
784901 78590 210913
702789 788850 697679
610587 781410 843618
10330 434164 275919
516143 528529 898423
815051 963905 514242
773779 40244 480500
446389 43642 867916
758407 30464 678112
81472 711819 740620
260561 29492 366082
739725 839782 677767
921976 581846 861501
68583 224598 554302
471814 160245 898061
875080 174213 64092
198959 625185 877714
689173 908223 688142
576463 464760 682078
723860 140273 513526
182027 277281 326660
45112 927754 724061
639599 270088 693896
456408 33200 563979
356440 754757 375746
353821 677925 986227
546808 772636 7675
643062 986129 583712
402654 81362 362990
773404 496887 320217
483925 935724 739934
765866 538336 980556
232972 339530 727542
903906 14053 723536
802474 860147 725380
41402 198450 931116
820316 417032 435384
113338 383734 98382
938715 732068 532747
383242 500780 556237
669121 553791 181155
797600 366938 701066
184791 21000 944734
914612 346058 677133
835495 797194 147246
568033 530588 727197
367448 82682 522369
948373 753440 297679
674206 280062 66799
976010 794304 515755
463718 95464 88057
751618 129779 535818
12915 68322 459734
407967 93149 820516
619219 801424 141873
97256 136437 158894
390390 225937 337663
948707 105331 951215
243221 377781 394094
928227 823 803518
975287 702681 826415
351608 22852 311438
452758 555134 155956
323165 281642 81197
195127 241682 77803
234972 338395 886255
59489 583521 980655
804515 77288 95986
552532 917042 614791
944857 307749 584573
174925 475011 376688
918222 785108 73627
684907 487081 615522
125293 13291 477549
256014 850357 935547
171307 817480 29714
996724 46523 899588
73291 68004 127183
141218 865080 204813
452499 481178 687183
827091 705620 720002
756137 373697 304151
663153 975044 499760
926206 554864 282341
463200 207648 689623
344998 658690 669704
275069 613934 984168
965015 820885 539414
538794 370145 802013
786175 607988 559924
971178 200265 402452
849923 472677 133880
56493 55934 588547
456204 484308 896294
696191 932262 186536
622112 797637 273449
752176 394659 649159
194650 890362 347037
237829 652813 528221
855020 608136 530370
308971 346558 514821
617960 165407 306357
448855 406183 412536
515742 417268 129138
886927 565109 779398
566084 441614 653301
705133 531909 227344
939963 66029 767191
471186 423834 829087
450477 684587 430079
452601 160526 45953
973782 824931 178896
710842 671477 319879
81496 781845 432781
866038 815856 41066
46974 220646 973028
626075 637614 793768
898732 746837 871207
999031 713760 738479
117031 591971 16103
999545 651670 675405
303312 863095 407457
292644 327867 120201
272354 394091 589677
554135 861509 627685
693169 541153 827167
745965 334580 323049
818409 160790 719638
201401 830906 128068
407780 59504 620782
306800 928851 596497
982111 897406 479516
977083 217296 660158
876259 123831 640558
244803 664498 337642
866876 378376 687053
246055 746263 644097
212038 775050 190382
111793 26788 429430
940103 965622 424759
623636 135293 29585
697539 286722 357956
261004 102173 553111
240033 650299 185486
956677 917911 818668
755755 577912 948710
687085 129783 362568
210463 730828 975918
41618 697854 892303
825981 684973 133821
918045 778536 397656
885686 410843 155732
524231 859803 925406
602792 502525 181945
396492 849682 859965
504085 107351 670294
797140 480525 351671
813694 917960 44942
224396 824981 597817
420309 911134 666164
56450 735216 485655
154988 257090 895889
547638 556596 49606
987814 961345 224757
222799 746867 199467
687741 212537 904364
954764 738080 389960
108650 424139 437276
709595 817499 394286
875577 107852 9956
984404 587022 559064
782872 194812 21627
399152 929179 546265
592049 92284 14934
284198 91352 418799
970898 431889 588679
401586 856493 311287
934403 896139 821317
525087 734645 617549
684524 597325 490126
606969 695148 436125
13205 479051 27154
135477 851201 376355
434373 40746 972394
931201 341999 364846
115139 317926 674742
15387 646304 16716
541375 658047 103939
376104 914542 835191
211998 770910 47165
52286 353976 329419
689568 592498 860603
185221 103773 485292
169930 579780 527900
242506 211325 875361
880615 726683 46088
70263 755328 832680
15871 716675 453911
264218 741935 231430
104593 191355 394049
372761 574485 230320
118360 962781 892147
345916 327495 50660
90477 527143 967287
917520 611616 309961
517176 833490 910500
925757 32788 129998
725645 973607 111085
647106 271601 355048
453324 602372 763199
403301 249571 610727
479970 962736 70217
140957 570425 41968
364068 502120 610850
611463 903155 496933
566881 747269 272871
379043 613070 429169
770849 35576 975011
988090 785633 378179
847305 476981 260686
365551 770393 419797
591344 172671 924608
770477 170662 478726
828395 214441 515816
980202 449036 194885
972507 87854 552320
106048 823764 588674
845090 436638 601745
637176 215106 808551
507241 361906 825595
55785 317005 155949
153217 450343 906388
806397 989692 474909
161204 870523 321575
398648 799376 871339
767846 296787 992378
844579 457338 574871
758956 587811 132254
154348 93502 604698
740716 597950 718469
349671 626630 223129
489928 256320 254506
935609 954572 690399
727969 539536 907454
667802 77138 884878
133451 592183 303001
20765 302595 86494
677008 968943 599863
694815 442030 615357
288469 924465 554384
833643 813081 82026
757832 975729 893493
973210 874565 147286
800443 477091 199437
75108 494179 861071
981408 520163 432528
564825 925425 609865
928173 775329 250769
503617 598696 484873
553763 220930 989195
204209 788067 927655
817226 720461 598542
22369 212045 560723
194933 247010 829260
390242 295710 64535
624712 770232 894489
339132 166967 279268
472032 269204 264325
976053 190652 918221
792868 346320 446472
910966 894963 717358
680270 839980 313587
585308 37767 170229
456981 394631 951037
840852 653858 93438
288465 546757 214372
783887 285634 130146
990610 600571 487647
432207 283733 777809
95096 168265 931591
612844 44875 216633
724873 810314 168784
387493 285385 67672
546570 871205 122409
149524 724978 184445
699246 351250 134581
583438 884919 124973
28139 602879 816524
444482 548915 631331
289388 232894 794461
991820 944957 747282
756468 553542 373041
895957 260948 54989
96031 901965 673709
332951 439838 830722
696713 674415 627862
972570 118373 129057
860737 303566 877840
247654 153459 166094
288282 44088 836849
390085 233817 132223
571101 292304 707533
992609 851665 605496
24637 828983 274807
462671 823879 523425
477742 328163 498216
436841 594778 548288
886404 783844 267871
310835 597961 587766
511587 533492 588300
140289 975969 967764
777968 485880 345952
649617 107628 849836
574406 756244 799930
861942 887237 133836
790647 654567 218762
775171 995984 192664
55341 978029 874243
356824 703486 552776
548099 782962 18629
894106 673925 578713
828300 605338 19782
248543 202505 791470
905043 495314 12392
407285 777976 437575
489321 239145 999025
178973 12783 841681
689387 477967 407126
788293 926250 371458
838396 496651 210073
490310 517801 183348
862691 103277 260316
751280 226970 398008
239104 628868 743871
789119 941300 374019
566782 839170 358209
783027 169427 235163
389783 242580 813638
71282 948340 641068
237353 636461 910722
766829 877099 694787
603630 710043 361516
264333 38294 361085
452448 381905 552905
469105 919631 179299
285884 527470 66713
57993 370188 114482
120380 765064 223615
212455 531408 420756
724135 392571 679100
613175 619657 115060
419319 962239 209886
81242 971050 690226
100365 148208 952758
258474 918514 690705
980467 444873 711287
999453 898573 276800
687652 978013 784944
149456 770008 902416
591967 585124 387781
834109 37929 615742
768486 54165 570451
564298 636402 599389
55578 545720 359082
413947 577413 745442
445453 252596 795433
33432 89159 187013
637837 503430 905343
822396 586486 271998
510608 92264 649552
74396 890890 578211
172349 997422 846671
804136 382132 667033
136689 523174 784529
792281 285794 290235
248925 380492 385387
200250 528805 432631
587294 783049 539119
128738 318517 762067
859941 912442 673425
393782 538572 296379
72406 905527 506397
738084 218774 214271
115481 192387 315014
23540 594092 638099
679298 727936 786708
540664 443518 366705
206927 580388 851370
12411 715077 959957
418609 361006 65826
419852 345544 802419
860661 822943 868737
702800 747865 174285
852371 584153 746588
827277 901176 920027
637526 669047 116511
122122 292519 952832
721008 387233 542437
844912 361029 776096
228612 871222 786224
426114 757608 283883
810018 695375 793528
71177 779689 692054
798171 870183 384396
618204 171980 766695
357721 358955 414181
454675 849551 320941
72725 413068 120085
968218 891089 933006
49726 787133 572315
326050 506951 868155
746207 887583 705521
694953 748214 936352
468366 657992 455271
57392 956678 270551
957576 988854 18587
809167 770013 735638
985483 663153 22655
997583 555497 473460
541156 448558 130254
511189 776572 614668
814990 459554 195903
409133 360336 355870
158425 972443 617936
30762 104055 299414
731531 124242 853469
722683 194821 710152
42062 370727 912520
125367 121973 354455
142026 600212 589543
587898 960149 568729
165858 7388 862545
71707 580599 522862
687962 675344 310761
189475 221047 536944
111023 350673 707516
231278 171154 797987
940816 958825 145741
840157 501380 286050
790533 857371 262192
575259 560428 106157
771664 192839 233577
17382 462062 937857
458941 111615 591565
751853 397390 446787
293399 954549 725814
183208 718448 496796
274155 863136 635046
92640 683124 853986
109222 968481 32994
175174 482438 613547
123003 567325 37551
47063 237253 692876
116156 359064 5341
954685 606158 782693
947142 22374 310852
83266 672416 830150
855663 586115 150412
123433 256525 628300
961323 934827 638643
664803 837458 143305
746077 173423 290162
527708 265113 722606
598098 867910 562428
573828 301766 736697
312079 377657 299532
695357 522928 238070
235698 41229 352296
886174 682291 251025
778721 337887 755034
60084 4706 492419
893590 888824 459633
748893 716719 210778
494273 853110 299014
21430 224587 91529
616555 769201 839419
928951 67326 766507
96872 838636 835818
523539 105481 402340
260566 851172 614084
922015 718713 765851
635580 183832 900449
108823 560808 286019
917558 212077 414212
461802 925433 798371
553121 391272 170770
539639 31045 767300
847986 308762 161925
197054 326153 864416
929847 685703 765525
888339 242330 375400
305784 507339 730463
543849 108062 171314
121684 35584 896959
617655 44419 165374
345234 659240 559334
918180 309497 590701
366875 425686 95179
412704 932295 665397
809334 870380 672953
82450 893307 63124
531577 646206 210047
167363 789139 1899
930627 309627 671358
419438 152528 142400
428800 518112 668934
70916 895206 170777
368766 910910 122208
480837 780218 1451
286111 163160 691620
87629 697906 299882
583056 712558 896506
469218 664403 194860
845935 262459 895913
223350 2878 555594
832616 277709 449908
694764 179625 911925
817313 798552 936436
864612 746015 831326
556681 227766 739324
978465 530503 804257
283513 418512 796009
271472 631385 54215
216443 380616 909427
188918 733425 304035
981149 268398 96056
793865 879342 16607
601668 516063 687229
433025 408095 991273
441066 163514 626321
728300 897824 245108
72119 507766 922426
612717 54797 255694
376010 817205 58260
859567 28475 198996
987352 275363 288979
637855 686532 913140
485351 276154 839565
127862 619755 379984
271042 403832 874110
607400 381921 153599
173781 58575 106157
731906 899784 156851
993885 753867 380754
837005 120470 750643
462278 944936 716198
793966 30170 324241
646090 532047 168477
902934 406672 439896
755634 649414 384435
186363 142995 322579
449603 480942 813392
935267 458615 692904
603778 829173 94025
480451 7500 103109
273128 241761 954838
778334 474480 649677
21427 391821 892479
621933 129902 957449
920504 869827 488562
41695 415863 111505
183193 126050 870733
253234 283942 840512
928322 328796 966388
277241 684174 470538
666593 853561 988802
342408 670684 835779
920891 689187 92134
262370 597171 405728
629905 819851 715223
697530 977416 41590
125325 890398 699996
990848 576642 962448
460020 408526 264604
59686 521878 960593
858846 921588 41474
427181 461012 28486
388779 468254 406645
760795 646790 619031
136638 744776 333469
604397 696613 152361
882109 993653 629239
866530 645160 375347
129785 470221 887110
616211 672096 792740
195890 688978 68358
587390 658710 221647
576281 358500 523038
20881 257130 343007
258185 333103 770867
373419 874092 732468
281548 142201 243228
707619 426083 940574
661881 806405 41370
420242 357715 890455
453622 237351 596873
539090 461356 356650
280222 645108 763969
672156 522698 576348
527175 180974 976477
604621 622947 357918
250077 540647 294157
264213 935989 258046
568138 968366 958572
236041 671584 369553
9842 1723 467858
331032 863290 902665
147299 799058 794965
233349 799890 278841
275895 25969 701058
416645 152930 149394
486236 86386 856529
92335 925818 815933
954504 183950 66391
388221 312041 366674
626779 812777 39427
34376 866425 908265
874198 195657 993124
115821 300794 664111
907922 640396 993123
314677 701357 305495
450415 972996 25087
627040 442198 133041
152189 757882 702731
128600 675376 23342
706172 376807 18087
810627 450780 775992
691125 274411 555300
795119 526360 247635
391528 851797 441046
1658 668909 608941
471777 484678 765444
414119 188674 945039
627031 269160 22871
374044 606074 575510
278324 697765 830741
785776 955004 401866
489912 265738 103799
408431 47136 861518
307876 691002 938644
738561 255223 972269
674956 713060 77908
436798 660957 907482
685908 93263 14836
354708 492773 674692
911566 137623 215141
954339 607663 934900
281765 793787 633420
811319 554764 761789
600131 120 462295
600999 574299 538994
5809 769665 687289
754810 847430 260564
263255 458472 387
674876 293378 779685
639394 429638 552376
707757 121272 990159
658210 881676 344949
423281 114311 626163
591083 256453 699127
145268 366725 271794
571078 160756 125931
123130 655791 406750
849976 611630 868070
722210 409706 20965
157163 302757 814004
321243 63304 564365
430442 99670 413009
129408 715270 470003
694763 566672 384026
247683 710854 886108
789532 280380 637260
886581 153002 494999
269070 267079 643749
969181 467367 868504
214270 580564 280233
598409 586909 804369
909352 379016 512084
511171 994647 815743
690686 425289 850079
269621 965777 885920
617102 471407 909779
546530 679208 793986
473393 436042 397150
265083 638262 631750
623116 294643 378329
792255 115089 377682
988638 574018 338593
446644 728940 433522
590021 812093 443948
306604 671301 702217
572170 562696 651431
605128 522765 110366
319069 33225 75076
577292 942043 521248
272898 937556 66372
487867 502930 19913
822610 851088 431342
222577 530253 691551
171019 661185 241099
651108 365303 10169
649494 483543 526117
876870 775586 578477
661023 440568 835480
636096 851961 232269
676551 390934 355794
584136 485750 295271
801773 830102 286913
271241 736599 423760
660548 77258 334345
985837 181666 915028
444212 983272 176673
317577 562583 246160
673494 852049 607128
209155 493836 562737
884033 908333 147295
997547 921727 118914
145054 83831 122857
903940 591379 719880
598490 507700 643272
392771 562476 96577
647851 724908 321790
808229 445156 969968
769869 611958 953015
826273 275651 288782
400657 43978 303768
615197 671768 798153
342268 952891 274088
247389 388020 416487
357419 494921 715512
881598 890465 645713
222310 846719 620894
622849 230934 698345
220234 270827 329199
633350 535371 776989
722168 104850 209312
134679 360436 794128
638844 302940 369769
375321 268820 373977
350191 328975 17406
169806 945657 800879
528902 949892 740665
746139 323542 799177
711830 311095 224638
667836 111382 696534
714810 665831 521158
859660 145323 193655
126296 121299 358288
199722 662961 423099
111832 913323 767689
468072 593459 257793
490713 572110 634268
169753 168534 145933
834480 592394 407579
530056 905506 396868
665961 271014 802208
738017 43590 367848
344130 61997 114281
536728 599377 572422
593528 775483 414307
161233 421648 375790
32888 800760 310334
129709 3838 366445
357894 970553 463236
990635 913453 125393
67481 332474 52625
926182 553760 974950
798885 880948 59859
190893 108350 355727
468659 410227 163773
424723 217919 629701
76256 718783 43275
203148 838359 17440
639266 36425 46510
413062 783253 743320
3286 902969 50773
264547 934106 312280
372082 589670 225813
212134 100737 501156
892391 964156 946714
221934 701710 792813
657501 305398 397029
556518 601762 967267
177921 510111 80670
710503 547334 269306
512623 66176 691496
737835 756438 687923
355403 933355 551084
164461 714751 970702
643104 111280 617849
495395 713610 679148
802601 708164 653567
395446 408720 137203
596071 509361 28787
369441 89016 702564
598609 511212 28367
623510 141019 212578
980782 2478 246496
486930 890304 417115
93195 215893 720768
9210 404564 354405
782117 432542 513879
311675 687768 734684
291770 630929 127621
5110 800390 398721
79348 379854 314710
61028 854936 855095
-1
